<?xml version="1.0" encoding="UTF-8"?>
<testsuite xmlns:xsi="http://www.w3.org/2001/XMLSchema-instance" xsi:noNamespaceSchemaLocation="https://maven.apache.org/surefire/maven-surefire-plugin/xsd/surefire-test-report-3.0.xsd" version="3.0" name="io.oth.xdsgenerator.service.cda.CDAParserTest" time="0.618" tests="4" errors="0" skipped="0" failures="0">
  <properties>
    <property name="sun.desktop" value="gnome"/>
    <property name="awt.toolkit" value="sun.awt.X11.XToolkit"/>
    <property name="java.specification.version" value="11"/>
    <property name="sun.cpu.isalist" value=""/>
    <property name="sun.jnu.encoding" value="UTF-8"/>
    <property name="java.class.path" value="/home/simon/Git/kih-xds-generator/target/test-classes:/home/simon/Git/kih-xds-generator/target/classes:/home/simon/.m2/repository/dk/sosi/seal/1.0/seal-1.0.jar:/home/simon/.m2/repository/dk/s4/hl7/cda/1.0/cda-1.0.jar:/home/simon/.m2/repository/dk/s4/hl7/util/1.0/util-1.0.jar:/home/simon/.m2/repository/org/apache/santuario/xmlsec/1.4.8/xmlsec-1.4.8.jar:/home/simon/.m2/repository/org/apache/ws/security/wss4j/1.5.12/wss4j-1.5.12.jar:/home/simon/.m2/repository/xalan/xalan/2.7.1/xalan-2.7.1.jar:/home/simon/.m2/repository/xalan/serializer/2.7.1/serializer-2.7.1.jar:/home/simon/.m2/repository/xml-apis/xml-apis/1.3.04/xml-apis-1.3.04.jar:/home/simon/.m2/repository/javax/activation/activation/1.1.1/activation-1.1.1.jar:/home/simon/.m2/repository/javax/xml/ws/jaxws-api/2.3.1/jaxws-api-2.3.1.jar:/home/simon/.m2/repository/javax/xml/bind/jaxb-api/2.3.1/jaxb-api-2.3.1.jar:/home/simon/.m2/repository/javax/activation/javax.activation-api/1.2.0/javax.activation-api-1.2.0.jar:/home/simon/.m2/repository/javax/xml/soap/javax.xml.soap-api/1.4.0/javax.xml.soap-api-1.4.0.jar:/home/simon/.m2/repository/javax/annotation/javax.annotation-api/1.3.2/javax.annotation-api-1.3.2.jar:/home/simon/.m2/repository/com/unboundid/unboundid-ldapsdk-minimal-edition/3.2.1/unboundid-ldapsdk-minimal-edition-3.2.1.jar:/home/simon/.m2/repository/org/springframework/boot/spring-boot-starter-actuator/2.4.0/spring-boot-starter-actuator-2.4.0.jar:/home/simon/.m2/repository/org/springframework/boot/spring-boot-starter/2.4.0/spring-boot-starter-2.4.0.jar:/home/simon/.m2/repository/org/springframework/boot/spring-boot/2.4.0/spring-boot-2.4.0.jar:/home/simon/.m2/repository/org/springframework/boot/spring-boot-autoconfigure/2.4.0/spring-boot-autoconfigure-2.4.0.jar:/home/simon/.m2/repository/org/springframework/boot/spring-boot-starter-logging/2.4.0/spring-boot-starter-logging-2.4.0.jar:/home/simon/.m2/repository/ch/qos/logback/logback-classic/1.2.3/logback-classic-1.2.3.jar:/home/simon/.m2/repository/ch/qos/logback/logback-core/1.2.3/logback-core-1.2.3.jar:/home/simon/.m2/repository/org/apache/logging/log4j/log4j-to-slf4j/2.13.3/log4j-to-slf4j-2.13.3.jar:/home/simon/.m2/repository/org/apache/logging/log4j/log4j-api/2.13.3/log4j-api-2.13.3.jar:/home/simon/.m2/repository/org/slf4j/jul-to-slf4j/1.7.30/jul-to-slf4j-1.7.30.jar:/home/simon/.m2/repository/jakarta/annotation/jakarta.annotation-api/1.3.5/jakarta.annotation-api-1.3.5.jar:/home/simon/.m2/repository/org/yaml/snakeyaml/1.27/snakeyaml-1.27.jar:/home/simon/.m2/repository/org/springframework/boot/spring-boot-actuator-autoconfigure/2.4.0/spring-boot-actuator-autoconfigure-2.4.0.jar:/home/simon/.m2/repository/org/springframework/boot/spring-boot-actuator/2.4.0/spring-boot-actuator-2.4.0.jar:/home/simon/.m2/repository/com/fasterxml/jackson/core/jackson-databind/2.11.3/jackson-databind-2.11.3.jar:/home/simon/.m2/repository/com/fasterxml/jackson/core/jackson-annotations/2.11.3/jackson-annotations-2.11.3.jar:/home/simon/.m2/repository/com/fasterxml/jackson/core/jackson-core/2.11.3/jackson-core-2.11.3.jar:/home/simon/.m2/repository/com/fasterxml/jackson/datatype/jackson-datatype-jsr310/2.11.3/jackson-datatype-jsr310-2.11.3.jar:/home/simon/.m2/repository/io/micrometer/micrometer-core/1.6.1/micrometer-core-1.6.1.jar:/home/simon/.m2/repository/org/hdrhistogram/HdrHistogram/2.1.12/HdrHistogram-2.1.12.jar:/home/simon/.m2/repository/org/latencyutils/LatencyUtils/2.0.3/LatencyUtils-2.0.3.jar:/home/simon/.m2/repository/org/springframework/boot/spring-boot-starter-web-services/2.4.0/spring-boot-starter-web-services-2.4.0.jar:/home/simon/.m2/repository/org/springframework/boot/spring-boot-starter-web/2.4.0/spring-boot-starter-web-2.4.0.jar:/home/simon/.m2/repository/org/springframework/boot/spring-boot-starter-json/2.4.0/spring-boot-starter-json-2.4.0.jar:/home/simon/.m2/repository/com/fasterxml/jackson/datatype/jackson-datatype-jdk8/2.11.3/jackson-datatype-jdk8-2.11.3.jar:/home/simon/.m2/repository/com/fasterxml/jackson/module/jackson-module-parameter-names/2.11.3/jackson-module-parameter-names-2.11.3.jar:/home/simon/.m2/repository/org/springframework/boot/spring-boot-starter-tomcat/2.4.0/spring-boot-starter-tomcat-2.4.0.jar:/home/simon/.m2/repository/org/apache/tomcat/embed/tomcat-embed-core/9.0.39/tomcat-embed-core-9.0.39.jar:/home/simon/.m2/repository/org/glassfish/jakarta.el/3.0.3/jakarta.el-3.0.3.jar:/home/simon/.m2/repository/org/apache/tomcat/embed/tomcat-embed-websocket/9.0.39/tomcat-embed-websocket-9.0.39.jar:/home/simon/.m2/repository/org/springframework/spring-web/5.3.1/spring-web-5.3.1.jar:/home/simon/.m2/repository/org/springframework/spring-webmvc/5.3.1/spring-webmvc-5.3.1.jar:/home/simon/.m2/repository/com/sun/xml/messaging/saaj/saaj-impl/1.5.2/saaj-impl-1.5.2.jar:/home/simon/.m2/repository/jakarta/xml/soap/jakarta.xml.soap-api/1.4.2/jakarta.xml.soap-api-1.4.2.jar:/home/simon/.m2/repository/org/jvnet/staxex/stax-ex/1.8.3/stax-ex-1.8.3.jar:/home/simon/.m2/repository/com/sun/activation/jakarta.activation/1.2.2/jakarta.activation-1.2.2.jar:/home/simon/.m2/repository/jakarta/xml/ws/jakarta.xml.ws-api/2.3.3/jakarta.xml.ws-api-2.3.3.jar:/home/simon/.m2/repository/jakarta/jws/jakarta.jws-api/2.1.0/jakarta.jws-api-2.1.0.jar:/home/simon/.m2/repository/org/springframework/spring-oxm/5.3.1/spring-oxm-5.3.1.jar:/home/simon/.m2/repository/org/springframework/spring-beans/5.3.1/spring-beans-5.3.1.jar:/home/simon/.m2/repository/org/springframework/ws/spring-ws-core/3.0.10.RELEASE/spring-ws-core-3.0.10.RELEASE.jar:/home/simon/.m2/repository/org/springframework/ws/spring-xml/3.0.10.RELEASE/spring-xml-3.0.10.RELEASE.jar:/home/simon/.m2/repository/org/springframework/spring-aop/5.3.1/spring-aop-5.3.1.jar:/home/simon/.m2/repository/org/openehealth/ipf/commons/ipf-commons-ihe-xds/3.0.4/ipf-commons-ihe-xds-3.0.4.jar:/home/simon/.m2/repository/org/openehealth/ipf/commons/ipf-commons-ihe-ws/3.0.4/ipf-commons-ihe-ws-3.0.4.jar:/home/simon/.m2/repository/org/apache/cxf/cxf-rt-bindings-soap/3.0.4/cxf-rt-bindings-soap-3.0.4.jar:/home/simon/.m2/repository/org/apache/cxf/cxf-rt-wsdl/3.0.4/cxf-rt-wsdl-3.0.4.jar:/home/simon/.m2/repository/wsdl4j/wsdl4j/1.6.3/wsdl4j-1.6.3.jar:/home/simon/.m2/repository/org/apache/cxf/cxf-rt-databinding-jaxb/3.0.4/cxf-rt-databinding-jaxb-3.0.4.jar:/home/simon/.m2/repository/org/apache/cxf/cxf-rt-frontend-simple/3.0.4/cxf-rt-frontend-simple-3.0.4.jar:/home/simon/.m2/repository/org/apache/cxf/cxf-rt-frontend-jaxws/3.0.4/cxf-rt-frontend-jaxws-3.0.4.jar:/home/simon/.m2/repository/xml-resolver/xml-resolver/1.2/xml-resolver-1.2.jar:/home/simon/.m2/repository/org/apache/cxf/cxf-rt-bindings-xml/3.0.4/cxf-rt-bindings-xml-3.0.4.jar:/home/simon/.m2/repository/org/apache/cxf/cxf-rt-ws-addr/3.0.4/cxf-rt-ws-addr-3.0.4.jar:/home/simon/.m2/repository/org/apache/cxf/cxf-rt-ws-policy/3.0.4/cxf-rt-ws-policy-3.0.4.jar:/home/simon/.m2/repository/org/apache/neethi/neethi/3.0.3/neethi-3.0.3.jar:/home/simon/.m2/repository/org/apache/cxf/cxf-rt-transports-http/3.0.4/cxf-rt-transports-http-3.0.4.jar:/home/simon/.m2/repository/net/sf/ehcache/ehcache/2.10.6/ehcache-2.10.6.jar:/home/simon/.m2/repository/org/glassfish/jaxb/jaxb-runtime/2.3.3/jaxb-runtime-2.3.3.jar:/home/simon/.m2/repository/org/glassfish/jaxb/txw2/2.3.3/txw2-2.3.3.jar:/home/simon/.m2/repository/com/sun/istack/istack-commons-runtime/3.0.11/istack-commons-runtime-3.0.11.jar:/home/simon/.m2/repository/org/opensaml/opensaml/2.6.1/opensaml-2.6.1.jar:/home/simon/.m2/repository/org/opensaml/openws/1.5.1/openws-1.5.1.jar:/home/simon/.m2/repository/org/opensaml/xmltooling/1.4.1/xmltooling-1.4.1.jar:/home/simon/.m2/repository/commons-codec/commons-codec/1.15/commons-codec-1.15.jar:/home/simon/.m2/repository/commons-collections/commons-collections/3.2.1/commons-collections-3.2.1.jar:/home/simon/.m2/repository/commons-lang/commons-lang/2.6/commons-lang-2.6.jar:/home/simon/.m2/repository/org/apache/velocity/velocity/1.7/velocity-1.7.jar:/home/simon/.m2/repository/org/owasp/esapi/esapi/2.0.1/esapi-2.0.1.jar:/home/simon/.m2/repository/joda-time/joda-time/2.2/joda-time-2.2.jar:/home/simon/.m2/repository/ca/juliusdavies/not-yet-commons-ssl/0.3.11/not-yet-commons-ssl-0.3.11.jar:/home/simon/.m2/repository/org/bouncycastle/bcprov-jdk15on/1.50/bcprov-jdk15on-1.50.jar:/home/simon/.m2/repository/ca/uhn/hapi/hapi-base/2.2/hapi-base-2.2.jar:/home/simon/.m2/repository/ca/uhn/hapi/hapi-structures-v25/2.2/hapi-structures-v25-2.2.jar:/home/simon/.m2/repository/org/jdom/jdom/2.0.2/jdom-2.0.2.jar:/home/simon/.m2/repository/org/apache/cxf/cxf-core/3.0.4/cxf-core-3.0.4.jar:/home/simon/.m2/repository/org/codehaus/woodstox/woodstox-core-asl/4.4.1/woodstox-core-asl-4.4.1.jar:/home/simon/.m2/repository/org/codehaus/woodstox/stax2-api/3.1.4/stax2-api-3.1.4.jar:/home/simon/.m2/repository/org/apache/ws/xmlschema/xmlschema-core/2.2.1/xmlschema-core-2.2.1.jar:/home/simon/.m2/repository/org/openehealth/ipf/commons/ipf-commons-ihe-core/3.0.4/ipf-commons-ihe-core-3.0.4.jar:/home/simon/.m2/repository/org/openehealth/ipf/oht/atna/ipf-oht-atna-auditor/3.0.2/ipf-oht-atna-auditor-3.0.2.jar:/home/simon/.m2/repository/org/openehealth/ipf/oht/atna/ipf-oht-atna-nodeauth/3.0.2/ipf-oht-atna-nodeauth-3.0.2.jar:/home/simon/.m2/repository/org/openehealth/ipf/oht/atna/ipf-oht-atna-context/3.0.2/ipf-oht-atna-context-3.0.2.jar:/home/simon/.m2/repository/org/openehealth/ipf/oht/atna/ipf-oht-util/3.0.2/ipf-oht-util-3.0.2.jar:/home/simon/.m2/repository/commons-httpclient/commons-httpclient/3.1/commons-httpclient-3.1.jar:/home/simon/.m2/repository/commons-logging/commons-logging/1.0.4/commons-logging-1.0.4.jar:/home/simon/.m2/repository/org/apache/commons/commons-lang3/3.11/commons-lang3-3.11.jar:/home/simon/.m2/repository/org/springframework/spring-context/5.3.1/spring-context-5.3.1.jar:/home/simon/.m2/repository/org/springframework/spring-expression/5.3.1/spring-expression-5.3.1.jar:/home/simon/.m2/repository/commons-io/commons-io/2.4/commons-io-2.4.jar:/home/simon/.m2/repository/org/slf4j/slf4j-api/1.7.30/slf4j-api-1.7.30.jar:/home/simon/.m2/repository/org/openehealth/ipf/commons/ipf-commons-core/3.0.4/ipf-commons-core-3.0.4.jar:/home/simon/.m2/repository/org/springframework/spring-core/5.3.1/spring-core-5.3.1.jar:/home/simon/.m2/repository/org/springframework/spring-jcl/5.3.1/spring-jcl-5.3.1.jar:/home/simon/.m2/repository/org/junit/jupiter/junit-jupiter/5.5.2/junit-jupiter-5.5.2.jar:/home/simon/.m2/repository/org/junit/jupiter/junit-jupiter-api/5.7.0/junit-jupiter-api-5.7.0.jar:/home/simon/.m2/repository/org/apiguardian/apiguardian-api/1.1.0/apiguardian-api-1.1.0.jar:/home/simon/.m2/repository/org/opentest4j/opentest4j/1.2.0/opentest4j-1.2.0.jar:/home/simon/.m2/repository/org/junit/platform/junit-platform-commons/1.7.0/junit-platform-commons-1.7.0.jar:/home/simon/.m2/repository/org/junit/jupiter/junit-jupiter-params/5.7.0/junit-jupiter-params-5.7.0.jar:/home/simon/.m2/repository/org/junit/jupiter/junit-jupiter-engine/5.7.0/junit-jupiter-engine-5.7.0.jar:/home/simon/.m2/repository/org/junit/platform/junit-platform-engine/1.7.0/junit-platform-engine-1.7.0.jar:/home/simon/.m2/repository/org/springframework/boot/spring-boot-starter-test/2.4.0/spring-boot-starter-test-2.4.0.jar:/home/simon/.m2/repository/org/springframework/boot/spring-boot-test/2.4.0/spring-boot-test-2.4.0.jar:/home/simon/.m2/repository/org/springframework/boot/spring-boot-test-autoconfigure/2.4.0/spring-boot-test-autoconfigure-2.4.0.jar:/home/simon/.m2/repository/com/jayway/jsonpath/json-path/2.4.0/json-path-2.4.0.jar:/home/simon/.m2/repository/net/minidev/json-smart/2.3/json-smart-2.3.jar:/home/simon/.m2/repository/net/minidev/accessors-smart/1.2/accessors-smart-1.2.jar:/home/simon/.m2/repository/org/ow2/asm/asm/5.0.4/asm-5.0.4.jar:/home/simon/.m2/repository/jakarta/xml/bind/jakarta.xml.bind-api/2.3.3/jakarta.xml.bind-api-2.3.3.jar:/home/simon/.m2/repository/jakarta/activation/jakarta.activation-api/1.2.2/jakarta.activation-api-1.2.2.jar:/home/simon/.m2/repository/org/assertj/assertj-core/3.18.1/assertj-core-3.18.1.jar:/home/simon/.m2/repository/org/hamcrest/hamcrest/2.2/hamcrest-2.2.jar:/home/simon/.m2/repository/org/mockito/mockito-core/3.6.0/mockito-core-3.6.0.jar:/home/simon/.m2/repository/net/bytebuddy/byte-buddy/1.10.18/byte-buddy-1.10.18.jar:/home/simon/.m2/repository/net/bytebuddy/byte-buddy-agent/1.10.18/byte-buddy-agent-1.10.18.jar:/home/simon/.m2/repository/org/objenesis/objenesis/3.1/objenesis-3.1.jar:/home/simon/.m2/repository/org/mockito/mockito-junit-jupiter/3.6.0/mockito-junit-jupiter-3.6.0.jar:/home/simon/.m2/repository/org/skyscreamer/jsonassert/1.5.0/jsonassert-1.5.0.jar:/home/simon/.m2/repository/com/vaadin/external/google/android-json/0.0.20131108.vaadin1/android-json-0.0.20131108.vaadin1.jar:/home/simon/.m2/repository/org/springframework/spring-test/5.3.1/spring-test-5.3.1.jar:/home/simon/.m2/repository/org/xmlunit/xmlunit-core/2.7.0/xmlunit-core-2.7.0.jar:"/>
    <property name="java.vm.vendor" value="Amazon.com Inc."/>
    <property name="sun.arch.data.model" value="64"/>
    <property name="java.vendor.url" value="https://aws.amazon.com/corretto/"/>
    <property name="user.timezone" value="Europe/Copenhagen"/>
    <property name="java.vm.specification.version" value="11"/>
    <property name="os.name" value="Linux"/>
    <property name="sun.java.launcher" value="SUN_STANDARD"/>
    <property name="user.country" value="US"/>
    <property name="sun.boot.library.path" value="/home/simon/.sdkman/candidates/java/11.0.19-amzn/lib"/>
    <property name="sun.java.command" value="/home/simon/Git/kih-xds-generator/target/surefire/surefirebooter-20230522120032458_3.jar /home/simon/Git/kih-xds-generator/target/surefire 2023-05-22T12-00-32_368-jvmRun1 surefire-20230522120032458_1tmp surefire_0-20230522120032458_2tmp"/>
    <property name="jdk.debug" value="release"/>
    <property name="surefire.test.class.path" value="/home/simon/Git/kih-xds-generator/target/test-classes:/home/simon/Git/kih-xds-generator/target/classes:/home/simon/.m2/repository/dk/sosi/seal/1.0/seal-1.0.jar:/home/simon/.m2/repository/dk/s4/hl7/cda/1.0/cda-1.0.jar:/home/simon/.m2/repository/dk/s4/hl7/util/1.0/util-1.0.jar:/home/simon/.m2/repository/org/apache/santuario/xmlsec/1.4.8/xmlsec-1.4.8.jar:/home/simon/.m2/repository/org/apache/ws/security/wss4j/1.5.12/wss4j-1.5.12.jar:/home/simon/.m2/repository/xalan/xalan/2.7.1/xalan-2.7.1.jar:/home/simon/.m2/repository/xalan/serializer/2.7.1/serializer-2.7.1.jar:/home/simon/.m2/repository/xml-apis/xml-apis/1.3.04/xml-apis-1.3.04.jar:/home/simon/.m2/repository/javax/activation/activation/1.1.1/activation-1.1.1.jar:/home/simon/.m2/repository/javax/xml/ws/jaxws-api/2.3.1/jaxws-api-2.3.1.jar:/home/simon/.m2/repository/javax/xml/bind/jaxb-api/2.3.1/jaxb-api-2.3.1.jar:/home/simon/.m2/repository/javax/activation/javax.activation-api/1.2.0/javax.activation-api-1.2.0.jar:/home/simon/.m2/repository/javax/xml/soap/javax.xml.soap-api/1.4.0/javax.xml.soap-api-1.4.0.jar:/home/simon/.m2/repository/javax/annotation/javax.annotation-api/1.3.2/javax.annotation-api-1.3.2.jar:/home/simon/.m2/repository/com/unboundid/unboundid-ldapsdk-minimal-edition/3.2.1/unboundid-ldapsdk-minimal-edition-3.2.1.jar:/home/simon/.m2/repository/org/springframework/boot/spring-boot-starter-actuator/2.4.0/spring-boot-starter-actuator-2.4.0.jar:/home/simon/.m2/repository/org/springframework/boot/spring-boot-starter/2.4.0/spring-boot-starter-2.4.0.jar:/home/simon/.m2/repository/org/springframework/boot/spring-boot/2.4.0/spring-boot-2.4.0.jar:/home/simon/.m2/repository/org/springframework/boot/spring-boot-autoconfigure/2.4.0/spring-boot-autoconfigure-2.4.0.jar:/home/simon/.m2/repository/org/springframework/boot/spring-boot-starter-logging/2.4.0/spring-boot-starter-logging-2.4.0.jar:/home/simon/.m2/repository/ch/qos/logback/logback-classic/1.2.3/logback-classic-1.2.3.jar:/home/simon/.m2/repository/ch/qos/logback/logback-core/1.2.3/logback-core-1.2.3.jar:/home/simon/.m2/repository/org/apache/logging/log4j/log4j-to-slf4j/2.13.3/log4j-to-slf4j-2.13.3.jar:/home/simon/.m2/repository/org/apache/logging/log4j/log4j-api/2.13.3/log4j-api-2.13.3.jar:/home/simon/.m2/repository/org/slf4j/jul-to-slf4j/1.7.30/jul-to-slf4j-1.7.30.jar:/home/simon/.m2/repository/jakarta/annotation/jakarta.annotation-api/1.3.5/jakarta.annotation-api-1.3.5.jar:/home/simon/.m2/repository/org/yaml/snakeyaml/1.27/snakeyaml-1.27.jar:/home/simon/.m2/repository/org/springframework/boot/spring-boot-actuator-autoconfigure/2.4.0/spring-boot-actuator-autoconfigure-2.4.0.jar:/home/simon/.m2/repository/org/springframework/boot/spring-boot-actuator/2.4.0/spring-boot-actuator-2.4.0.jar:/home/simon/.m2/repository/com/fasterxml/jackson/core/jackson-databind/2.11.3/jackson-databind-2.11.3.jar:/home/simon/.m2/repository/com/fasterxml/jackson/core/jackson-annotations/2.11.3/jackson-annotations-2.11.3.jar:/home/simon/.m2/repository/com/fasterxml/jackson/core/jackson-core/2.11.3/jackson-core-2.11.3.jar:/home/simon/.m2/repository/com/fasterxml/jackson/datatype/jackson-datatype-jsr310/2.11.3/jackson-datatype-jsr310-2.11.3.jar:/home/simon/.m2/repository/io/micrometer/micrometer-core/1.6.1/micrometer-core-1.6.1.jar:/home/simon/.m2/repository/org/hdrhistogram/HdrHistogram/2.1.12/HdrHistogram-2.1.12.jar:/home/simon/.m2/repository/org/latencyutils/LatencyUtils/2.0.3/LatencyUtils-2.0.3.jar:/home/simon/.m2/repository/org/springframework/boot/spring-boot-starter-web-services/2.4.0/spring-boot-starter-web-services-2.4.0.jar:/home/simon/.m2/repository/org/springframework/boot/spring-boot-starter-web/2.4.0/spring-boot-starter-web-2.4.0.jar:/home/simon/.m2/repository/org/springframework/boot/spring-boot-starter-json/2.4.0/spring-boot-starter-json-2.4.0.jar:/home/simon/.m2/repository/com/fasterxml/jackson/datatype/jackson-datatype-jdk8/2.11.3/jackson-datatype-jdk8-2.11.3.jar:/home/simon/.m2/repository/com/fasterxml/jackson/module/jackson-module-parameter-names/2.11.3/jackson-module-parameter-names-2.11.3.jar:/home/simon/.m2/repository/org/springframework/boot/spring-boot-starter-tomcat/2.4.0/spring-boot-starter-tomcat-2.4.0.jar:/home/simon/.m2/repository/org/apache/tomcat/embed/tomcat-embed-core/9.0.39/tomcat-embed-core-9.0.39.jar:/home/simon/.m2/repository/org/glassfish/jakarta.el/3.0.3/jakarta.el-3.0.3.jar:/home/simon/.m2/repository/org/apache/tomcat/embed/tomcat-embed-websocket/9.0.39/tomcat-embed-websocket-9.0.39.jar:/home/simon/.m2/repository/org/springframework/spring-web/5.3.1/spring-web-5.3.1.jar:/home/simon/.m2/repository/org/springframework/spring-webmvc/5.3.1/spring-webmvc-5.3.1.jar:/home/simon/.m2/repository/com/sun/xml/messaging/saaj/saaj-impl/1.5.2/saaj-impl-1.5.2.jar:/home/simon/.m2/repository/jakarta/xml/soap/jakarta.xml.soap-api/1.4.2/jakarta.xml.soap-api-1.4.2.jar:/home/simon/.m2/repository/org/jvnet/staxex/stax-ex/1.8.3/stax-ex-1.8.3.jar:/home/simon/.m2/repository/com/sun/activation/jakarta.activation/1.2.2/jakarta.activation-1.2.2.jar:/home/simon/.m2/repository/jakarta/xml/ws/jakarta.xml.ws-api/2.3.3/jakarta.xml.ws-api-2.3.3.jar:/home/simon/.m2/repository/jakarta/jws/jakarta.jws-api/2.1.0/jakarta.jws-api-2.1.0.jar:/home/simon/.m2/repository/org/springframework/spring-oxm/5.3.1/spring-oxm-5.3.1.jar:/home/simon/.m2/repository/org/springframework/spring-beans/5.3.1/spring-beans-5.3.1.jar:/home/simon/.m2/repository/org/springframework/ws/spring-ws-core/3.0.10.RELEASE/spring-ws-core-3.0.10.RELEASE.jar:/home/simon/.m2/repository/org/springframework/ws/spring-xml/3.0.10.RELEASE/spring-xml-3.0.10.RELEASE.jar:/home/simon/.m2/repository/org/springframework/spring-aop/5.3.1/spring-aop-5.3.1.jar:/home/simon/.m2/repository/org/openehealth/ipf/commons/ipf-commons-ihe-xds/3.0.4/ipf-commons-ihe-xds-3.0.4.jar:/home/simon/.m2/repository/org/openehealth/ipf/commons/ipf-commons-ihe-ws/3.0.4/ipf-commons-ihe-ws-3.0.4.jar:/home/simon/.m2/repository/org/apache/cxf/cxf-rt-bindings-soap/3.0.4/cxf-rt-bindings-soap-3.0.4.jar:/home/simon/.m2/repository/org/apache/cxf/cxf-rt-wsdl/3.0.4/cxf-rt-wsdl-3.0.4.jar:/home/simon/.m2/repository/wsdl4j/wsdl4j/1.6.3/wsdl4j-1.6.3.jar:/home/simon/.m2/repository/org/apache/cxf/cxf-rt-databinding-jaxb/3.0.4/cxf-rt-databinding-jaxb-3.0.4.jar:/home/simon/.m2/repository/org/apache/cxf/cxf-rt-frontend-simple/3.0.4/cxf-rt-frontend-simple-3.0.4.jar:/home/simon/.m2/repository/org/apache/cxf/cxf-rt-frontend-jaxws/3.0.4/cxf-rt-frontend-jaxws-3.0.4.jar:/home/simon/.m2/repository/xml-resolver/xml-resolver/1.2/xml-resolver-1.2.jar:/home/simon/.m2/repository/org/apache/cxf/cxf-rt-bindings-xml/3.0.4/cxf-rt-bindings-xml-3.0.4.jar:/home/simon/.m2/repository/org/apache/cxf/cxf-rt-ws-addr/3.0.4/cxf-rt-ws-addr-3.0.4.jar:/home/simon/.m2/repository/org/apache/cxf/cxf-rt-ws-policy/3.0.4/cxf-rt-ws-policy-3.0.4.jar:/home/simon/.m2/repository/org/apache/neethi/neethi/3.0.3/neethi-3.0.3.jar:/home/simon/.m2/repository/org/apache/cxf/cxf-rt-transports-http/3.0.4/cxf-rt-transports-http-3.0.4.jar:/home/simon/.m2/repository/net/sf/ehcache/ehcache/2.10.6/ehcache-2.10.6.jar:/home/simon/.m2/repository/org/glassfish/jaxb/jaxb-runtime/2.3.3/jaxb-runtime-2.3.3.jar:/home/simon/.m2/repository/org/glassfish/jaxb/txw2/2.3.3/txw2-2.3.3.jar:/home/simon/.m2/repository/com/sun/istack/istack-commons-runtime/3.0.11/istack-commons-runtime-3.0.11.jar:/home/simon/.m2/repository/org/opensaml/opensaml/2.6.1/opensaml-2.6.1.jar:/home/simon/.m2/repository/org/opensaml/openws/1.5.1/openws-1.5.1.jar:/home/simon/.m2/repository/org/opensaml/xmltooling/1.4.1/xmltooling-1.4.1.jar:/home/simon/.m2/repository/commons-codec/commons-codec/1.15/commons-codec-1.15.jar:/home/simon/.m2/repository/commons-collections/commons-collections/3.2.1/commons-collections-3.2.1.jar:/home/simon/.m2/repository/commons-lang/commons-lang/2.6/commons-lang-2.6.jar:/home/simon/.m2/repository/org/apache/velocity/velocity/1.7/velocity-1.7.jar:/home/simon/.m2/repository/org/owasp/esapi/esapi/2.0.1/esapi-2.0.1.jar:/home/simon/.m2/repository/joda-time/joda-time/2.2/joda-time-2.2.jar:/home/simon/.m2/repository/ca/juliusdavies/not-yet-commons-ssl/0.3.11/not-yet-commons-ssl-0.3.11.jar:/home/simon/.m2/repository/org/bouncycastle/bcprov-jdk15on/1.50/bcprov-jdk15on-1.50.jar:/home/simon/.m2/repository/ca/uhn/hapi/hapi-base/2.2/hapi-base-2.2.jar:/home/simon/.m2/repository/ca/uhn/hapi/hapi-structures-v25/2.2/hapi-structures-v25-2.2.jar:/home/simon/.m2/repository/org/jdom/jdom/2.0.2/jdom-2.0.2.jar:/home/simon/.m2/repository/org/apache/cxf/cxf-core/3.0.4/cxf-core-3.0.4.jar:/home/simon/.m2/repository/org/codehaus/woodstox/woodstox-core-asl/4.4.1/woodstox-core-asl-4.4.1.jar:/home/simon/.m2/repository/org/codehaus/woodstox/stax2-api/3.1.4/stax2-api-3.1.4.jar:/home/simon/.m2/repository/org/apache/ws/xmlschema/xmlschema-core/2.2.1/xmlschema-core-2.2.1.jar:/home/simon/.m2/repository/org/openehealth/ipf/commons/ipf-commons-ihe-core/3.0.4/ipf-commons-ihe-core-3.0.4.jar:/home/simon/.m2/repository/org/openehealth/ipf/oht/atna/ipf-oht-atna-auditor/3.0.2/ipf-oht-atna-auditor-3.0.2.jar:/home/simon/.m2/repository/org/openehealth/ipf/oht/atna/ipf-oht-atna-nodeauth/3.0.2/ipf-oht-atna-nodeauth-3.0.2.jar:/home/simon/.m2/repository/org/openehealth/ipf/oht/atna/ipf-oht-atna-context/3.0.2/ipf-oht-atna-context-3.0.2.jar:/home/simon/.m2/repository/org/openehealth/ipf/oht/atna/ipf-oht-util/3.0.2/ipf-oht-util-3.0.2.jar:/home/simon/.m2/repository/commons-httpclient/commons-httpclient/3.1/commons-httpclient-3.1.jar:/home/simon/.m2/repository/commons-logging/commons-logging/1.0.4/commons-logging-1.0.4.jar:/home/simon/.m2/repository/org/apache/commons/commons-lang3/3.11/commons-lang3-3.11.jar:/home/simon/.m2/repository/org/springframework/spring-context/5.3.1/spring-context-5.3.1.jar:/home/simon/.m2/repository/org/springframework/spring-expression/5.3.1/spring-expression-5.3.1.jar:/home/simon/.m2/repository/commons-io/commons-io/2.4/commons-io-2.4.jar:/home/simon/.m2/repository/org/slf4j/slf4j-api/1.7.30/slf4j-api-1.7.30.jar:/home/simon/.m2/repository/org/openehealth/ipf/commons/ipf-commons-core/3.0.4/ipf-commons-core-3.0.4.jar:/home/simon/.m2/repository/org/springframework/spring-core/5.3.1/spring-core-5.3.1.jar:/home/simon/.m2/repository/org/springframework/spring-jcl/5.3.1/spring-jcl-5.3.1.jar:/home/simon/.m2/repository/org/junit/jupiter/junit-jupiter/5.5.2/junit-jupiter-5.5.2.jar:/home/simon/.m2/repository/org/junit/jupiter/junit-jupiter-api/5.7.0/junit-jupiter-api-5.7.0.jar:/home/simon/.m2/repository/org/apiguardian/apiguardian-api/1.1.0/apiguardian-api-1.1.0.jar:/home/simon/.m2/repository/org/opentest4j/opentest4j/1.2.0/opentest4j-1.2.0.jar:/home/simon/.m2/repository/org/junit/platform/junit-platform-commons/1.7.0/junit-platform-commons-1.7.0.jar:/home/simon/.m2/repository/org/junit/jupiter/junit-jupiter-params/5.7.0/junit-jupiter-params-5.7.0.jar:/home/simon/.m2/repository/org/junit/jupiter/junit-jupiter-engine/5.7.0/junit-jupiter-engine-5.7.0.jar:/home/simon/.m2/repository/org/junit/platform/junit-platform-engine/1.7.0/junit-platform-engine-1.7.0.jar:/home/simon/.m2/repository/org/springframework/boot/spring-boot-starter-test/2.4.0/spring-boot-starter-test-2.4.0.jar:/home/simon/.m2/repository/org/springframework/boot/spring-boot-test/2.4.0/spring-boot-test-2.4.0.jar:/home/simon/.m2/repository/org/springframework/boot/spring-boot-test-autoconfigure/2.4.0/spring-boot-test-autoconfigure-2.4.0.jar:/home/simon/.m2/repository/com/jayway/jsonpath/json-path/2.4.0/json-path-2.4.0.jar:/home/simon/.m2/repository/net/minidev/json-smart/2.3/json-smart-2.3.jar:/home/simon/.m2/repository/net/minidev/accessors-smart/1.2/accessors-smart-1.2.jar:/home/simon/.m2/repository/org/ow2/asm/asm/5.0.4/asm-5.0.4.jar:/home/simon/.m2/repository/jakarta/xml/bind/jakarta.xml.bind-api/2.3.3/jakarta.xml.bind-api-2.3.3.jar:/home/simon/.m2/repository/jakarta/activation/jakarta.activation-api/1.2.2/jakarta.activation-api-1.2.2.jar:/home/simon/.m2/repository/org/assertj/assertj-core/3.18.1/assertj-core-3.18.1.jar:/home/simon/.m2/repository/org/hamcrest/hamcrest/2.2/hamcrest-2.2.jar:/home/simon/.m2/repository/org/mockito/mockito-core/3.6.0/mockito-core-3.6.0.jar:/home/simon/.m2/repository/net/bytebuddy/byte-buddy/1.10.18/byte-buddy-1.10.18.jar:/home/simon/.m2/repository/net/bytebuddy/byte-buddy-agent/1.10.18/byte-buddy-agent-1.10.18.jar:/home/simon/.m2/repository/org/objenesis/objenesis/3.1/objenesis-3.1.jar:/home/simon/.m2/repository/org/mockito/mockito-junit-jupiter/3.6.0/mockito-junit-jupiter-3.6.0.jar:/home/simon/.m2/repository/org/skyscreamer/jsonassert/1.5.0/jsonassert-1.5.0.jar:/home/simon/.m2/repository/com/vaadin/external/google/android-json/0.0.20131108.vaadin1/android-json-0.0.20131108.vaadin1.jar:/home/simon/.m2/repository/org/springframework/spring-test/5.3.1/spring-test-5.3.1.jar:/home/simon/.m2/repository/org/xmlunit/xmlunit-core/2.7.0/xmlunit-core-2.7.0.jar:"/>
    <property name="sun.cpu.endian" value="little"/>
    <property name="user.home" value="/home/simon"/>
    <property name="user.language" value="en"/>
    <property name="java.specification.vendor" value="Oracle Corporation"/>
    <property name="java.version.date" value="2023-04-18"/>
    <property name="java.home" value="/home/simon/.sdkman/candidates/java/11.0.19-amzn"/>
    <property name="file.separator" value="/"/>
    <property name="basedir" value="/home/simon/Git/kih-xds-generator"/>
    <property name="java.vm.compressedOopsMode" value="Zero based"/>
    <property name="line.separator" value="&#10;"/>
    <property name="java.specification.name" value="Java Platform API Specification"/>
    <property name="java.vm.specification.vendor" value="Oracle Corporation"/>
    <property name="java.awt.graphicsenv" value="sun.awt.X11GraphicsEnvironment"/>
    <property name="surefire.real.class.path" value="/home/simon/Git/kih-xds-generator/target/surefire/surefirebooter-20230522120032458_3.jar"/>
    <property name="sun.management.compiler" value="HotSpot 64-Bit Tiered Compilers"/>
    <property name="java.runtime.version" value="11.0.19+7-LTS"/>
    <property name="user.name" value="simon"/>
    <property name="path.separator" value=":"/>
    <property name="os.version" value="6.2.0-20-generic"/>
    <property name="java.runtime.name" value="OpenJDK Runtime Environment"/>
    <property name="file.encoding" value="UTF-8"/>
    <property name="java.vm.name" value="OpenJDK 64-Bit Server VM"/>
    <property name="java.vendor.version" value="Corretto-11.0.19.7.1"/>
    <property name="localRepository" value="/home/simon/.m2/repository"/>
    <property name="java.vendor.url.bug" value="https://github.com/corretto/corretto-11/issues/"/>
    <property name="java.io.tmpdir" value="/tmp"/>
    <property name="java.version" value="11.0.19"/>
    <property name="user.dir" value="/home/simon/Git/kih-xds-generator"/>
    <property name="os.arch" value="amd64"/>
    <property name="java.vm.specification.name" value="Java Virtual Machine Specification"/>
    <property name="java.awt.printerjob" value="sun.print.PSPrinterJob"/>
    <property name="sun.os.patch.level" value="unknown"/>
    <property name="java.library.path" value="/usr/java/packages/lib:/usr/lib64:/lib64:/lib:/usr/lib"/>
    <property name="java.vm.info" value="mixed mode"/>
    <property name="java.vendor" value="Amazon.com Inc."/>
    <property name="java.vm.version" value="11.0.19+7-LTS"/>
    <property name="sun.io.unicode.encoding" value="UnicodeLittle"/>
    <property name="java.class.version" value="55.0"/>
  </properties>
  <testcase name="testCDA_Ex4_COPD_MODIFIED_Parser" classname="io.oth.xdsgenerator.service.cda.CDAParserTest" time="0.258">
    <system-out><![CDATA[12:00:32.897 [main] DEBUG org.springframework.test.context.BootstrapUtils - Instantiating CacheAwareContextLoaderDelegate from class [org.springframework.test.context.cache.DefaultCacheAwareContextLoaderDelegate]
12:00:32.904 [main] DEBUG org.springframework.test.context.BootstrapUtils - Instantiating BootstrapContext using constructor [public org.springframework.test.context.support.DefaultBootstrapContext(java.lang.Class,org.springframework.test.context.CacheAwareContextLoaderDelegate)]
12:00:32.917 [main] DEBUG org.springframework.test.context.BootstrapUtils - Instantiating TestContextBootstrapper for test class [io.oth.xdsgenerator.service.cda.CDAParserTest] from class [org.springframework.test.context.support.DefaultTestContextBootstrapper]
12:00:32.928 [main] DEBUG org.springframework.test.context.support.AbstractDelegatingSmartContextLoader - Delegating to AnnotationConfigContextLoader to process context configuration [ContextConfigurationAttributes@27d5a580 declaringClass = 'io.oth.xdsgenerator.service.cda.CDAParserTest', classes = '{class io.oth.xdsgenerator.service.TestConfiguration}', locations = '{}', inheritLocations = true, initializers = '{}', inheritInitializers = true, name = [null], contextLoaderClass = 'org.springframework.test.context.ContextLoader'].
12:00:32.960 [main] DEBUG org.springframework.test.context.support.ActiveProfilesUtils - Could not find an 'annotation declaring class' for annotation type [org.springframework.test.context.ActiveProfiles] and class [io.oth.xdsgenerator.service.cda.CDAParserTest]
12:00:32.960 [main] DEBUG org.springframework.test.context.support.DefaultTestContextBootstrapper - @TestExecutionListeners is not present for class [io.oth.xdsgenerator.service.cda.CDAParserTest]: using defaults.
12:00:32.961 [main] INFO org.springframework.test.context.support.DefaultTestContextBootstrapper - Loaded default TestExecutionListener class names from location [META-INF/spring.factories]: [org.springframework.boot.test.mock.mockito.MockitoTestExecutionListener, org.springframework.boot.test.mock.mockito.ResetMocksTestExecutionListener, org.springframework.boot.test.autoconfigure.restdocs.RestDocsTestExecutionListener, org.springframework.boot.test.autoconfigure.web.client.MockRestServiceServerResetTestExecutionListener, org.springframework.boot.test.autoconfigure.web.servlet.MockMvcPrintOnlyOnFailureTestExecutionListener, org.springframework.boot.test.autoconfigure.web.servlet.WebDriverTestExecutionListener, org.springframework.boot.test.autoconfigure.webservices.client.MockWebServiceServerTestExecutionListener, org.springframework.test.context.web.ServletTestExecutionListener, org.springframework.test.context.support.DirtiesContextBeforeModesTestExecutionListener, org.springframework.test.context.support.DependencyInjectionTestExecutionListener, org.springframework.test.context.support.DirtiesContextTestExecutionListener, org.springframework.test.context.transaction.TransactionalTestExecutionListener, org.springframework.test.context.jdbc.SqlScriptsTestExecutionListener, org.springframework.test.context.event.EventPublishingTestExecutionListener]
12:00:32.965 [main] DEBUG org.springframework.test.context.support.DefaultTestContextBootstrapper - Skipping candidate TestExecutionListener [org.springframework.test.context.transaction.TransactionalTestExecutionListener] due to a missing dependency. Specify custom listener classes or make the default listener classes and their required dependencies available. Offending class: [org/springframework/transaction/TransactionDefinition]
12:00:32.965 [main] DEBUG org.springframework.test.context.support.DefaultTestContextBootstrapper - Skipping candidate TestExecutionListener [org.springframework.test.context.jdbc.SqlScriptsTestExecutionListener] due to a missing dependency. Specify custom listener classes or make the default listener classes and their required dependencies available. Offending class: [org/springframework/transaction/interceptor/TransactionAttribute]
12:00:32.965 [main] INFO org.springframework.test.context.support.DefaultTestContextBootstrapper - Using TestExecutionListeners: [org.springframework.test.context.web.ServletTestExecutionListener@2c4d1ac, org.springframework.test.context.support.DirtiesContextBeforeModesTestExecutionListener@7f0d96f2, org.springframework.boot.test.mock.mockito.MockitoTestExecutionListener@545b995e, org.springframework.test.context.support.DependencyInjectionTestExecutionListener@76a2ddf3, org.springframework.test.context.support.DirtiesContextTestExecutionListener@524f3b3a, org.springframework.test.context.event.EventPublishingTestExecutionListener@41e68d87, org.springframework.boot.test.mock.mockito.ResetMocksTestExecutionListener@49ff7d8c, org.springframework.boot.test.autoconfigure.restdocs.RestDocsTestExecutionListener@29526c05, org.springframework.boot.test.autoconfigure.web.client.MockRestServiceServerResetTestExecutionListener@2ef14fe, org.springframework.boot.test.autoconfigure.web.servlet.MockMvcPrintOnlyOnFailureTestExecutionListener@77102b91, org.springframework.boot.test.autoconfigure.web.servlet.WebDriverTestExecutionListener@45312be2, org.springframework.boot.test.autoconfigure.webservices.client.MockWebServiceServerTestExecutionListener@7fb95505]
12:00:32.966 [main] DEBUG org.springframework.test.context.support.AbstractDirtiesContextTestExecutionListener - Before test class: context [DefaultTestContext@2bd08376 testClass = CDAParserTest, testInstance = [null], testMethod = [null], testException = [null], mergedContextConfiguration = [MergedContextConfiguration@e70f13a testClass = CDAParserTest, locations = '{}', classes = '{class io.oth.xdsgenerator.service.TestConfiguration}', contextInitializerClasses = '[]', activeProfiles = '{}', propertySourceLocations = '{}', propertySourceProperties = '{}', contextCustomizers = set[org.springframework.boot.test.context.filter.ExcludeFilterContextCustomizer@74a6f9c1, org.springframework.boot.test.json.DuplicateJsonObjectContextCustomizerFactory$DuplicateJsonObjectContextCustomizer@63611043, org.springframework.boot.test.mock.mockito.MockitoContextCustomizer@0, org.springframework.boot.test.autoconfigure.actuate.metrics.MetricsExportContextCustomizerFactory$DisableMetricExportContextCustomizer@5ef5c734, org.springframework.boot.test.autoconfigure.properties.PropertyMappingContextCustomizer@0, org.springframework.boot.test.autoconfigure.web.servlet.WebDriverContextCustomizerFactory$Customizer@479460a6], contextLoader = 'org.springframework.test.context.support.DelegatingSmartContextLoader', parent = [null]], attributes = map[[empty]]], class annotated with @DirtiesContext [false] with mode [null].
12:00:32.973 [main] DEBUG org.springframework.test.context.support.DependencyInjectionTestExecutionListener - Performing dependency injection for test context [[DefaultTestContext@2bd08376 testClass = CDAParserTest, testInstance = io.oth.xdsgenerator.service.cda.CDAParserTest@29a0cdb, testMethod = [null], testException = [null], mergedContextConfiguration = [MergedContextConfiguration@e70f13a testClass = CDAParserTest, locations = '{}', classes = '{class io.oth.xdsgenerator.service.TestConfiguration}', contextInitializerClasses = '[]', activeProfiles = '{}', propertySourceLocations = '{}', propertySourceProperties = '{}', contextCustomizers = set[org.springframework.boot.test.context.filter.ExcludeFilterContextCustomizer@74a6f9c1, org.springframework.boot.test.json.DuplicateJsonObjectContextCustomizerFactory$DuplicateJsonObjectContextCustomizer@63611043, org.springframework.boot.test.mock.mockito.MockitoContextCustomizer@0, org.springframework.boot.test.autoconfigure.actuate.metrics.MetricsExportContextCustomizerFactory$DisableMetricExportContextCustomizer@5ef5c734, org.springframework.boot.test.autoconfigure.properties.PropertyMappingContextCustomizer@0, org.springframework.boot.test.autoconfigure.web.servlet.WebDriverContextCustomizerFactory$Customizer@479460a6], contextLoader = 'org.springframework.test.context.support.DelegatingSmartContextLoader', parent = [null]], attributes = map[[empty]]]].
12:00:32.973 [main] DEBUG org.springframework.test.context.support.AbstractDelegatingSmartContextLoader - Delegating to AnnotationConfigContextLoader to load context from [MergedContextConfiguration@e70f13a testClass = CDAParserTest, locations = '{}', classes = '{class io.oth.xdsgenerator.service.TestConfiguration}', contextInitializerClasses = '[]', activeProfiles = '{}', propertySourceLocations = '{}', propertySourceProperties = '{}', contextCustomizers = set[org.springframework.boot.test.context.filter.ExcludeFilterContextCustomizer@74a6f9c1, org.springframework.boot.test.json.DuplicateJsonObjectContextCustomizerFactory$DuplicateJsonObjectContextCustomizer@63611043, org.springframework.boot.test.mock.mockito.MockitoContextCustomizer@0, org.springframework.boot.test.autoconfigure.actuate.metrics.MetricsExportContextCustomizerFactory$DisableMetricExportContextCustomizer@5ef5c734, org.springframework.boot.test.autoconfigure.properties.PropertyMappingContextCustomizer@0, org.springframework.boot.test.autoconfigure.web.servlet.WebDriverContextCustomizerFactory$Customizer@479460a6], contextLoader = 'org.springframework.test.context.support.DelegatingSmartContextLoader', parent = [null]].
12:00:32.973 [main] DEBUG org.springframework.test.context.support.AbstractGenericContextLoader - Loading ApplicationContext for merged context configuration [[MergedContextConfiguration@e70f13a testClass = CDAParserTest, locations = '{}', classes = '{class io.oth.xdsgenerator.service.TestConfiguration}', contextInitializerClasses = '[]', activeProfiles = '{}', propertySourceLocations = '{}', propertySourceProperties = '{}', contextCustomizers = set[org.springframework.boot.test.context.filter.ExcludeFilterContextCustomizer@74a6f9c1, org.springframework.boot.test.json.DuplicateJsonObjectContextCustomizerFactory$DuplicateJsonObjectContextCustomizer@63611043, org.springframework.boot.test.mock.mockito.MockitoContextCustomizer@0, org.springframework.boot.test.autoconfigure.actuate.metrics.MetricsExportContextCustomizerFactory$DisableMetricExportContextCustomizer@5ef5c734, org.springframework.boot.test.autoconfigure.properties.PropertyMappingContextCustomizer@0, org.springframework.boot.test.autoconfigure.web.servlet.WebDriverContextCustomizerFactory$Customizer@479460a6], contextLoader = 'org.springframework.test.context.support.DelegatingSmartContextLoader', parent = [null]]].
12:00:32.990 [main] DEBUG org.springframework.core.env.StandardEnvironment - Activating profiles []
12:00:32.990 [main] DEBUG org.springframework.test.context.support.AnnotationConfigContextLoader - Registering component classes: {class io.oth.xdsgenerator.service.TestConfiguration}
12:00:33.008 [main] DEBUG org.springframework.context.support.GenericApplicationContext - Refreshing org.springframework.context.support.GenericApplicationContext@62ef27a8
12:00:33.014 [main] DEBUG org.springframework.beans.factory.support.DefaultListableBeanFactory - Creating shared instance of singleton bean 'org.springframework.context.annotation.internalConfigurationAnnotationProcessor'
12:00:33.071 [main] DEBUG org.springframework.beans.factory.support.DefaultListableBeanFactory - Creating shared instance of singleton bean 'properties'
12:00:33.075 [main] DEBUG org.springframework.beans.factory.support.DefaultListableBeanFactory - Creating shared instance of singleton bean 'org.springframework.boot.test.mock.mockito.MockitoPostProcessor'
12:00:33.087 [main] DEBUG org.springframework.beans.factory.support.DefaultListableBeanFactory - Creating shared instance of singleton bean 'org.springframework.context.event.internalEventListenerProcessor'
12:00:33.088 [main] DEBUG org.springframework.beans.factory.support.DefaultListableBeanFactory - Creating shared instance of singleton bean 'org.springframework.context.event.internalEventListenerFactory'
12:00:33.089 [main] DEBUG org.springframework.beans.factory.support.DefaultListableBeanFactory - Creating shared instance of singleton bean 'org.springframework.context.annotation.internalAutowiredAnnotationProcessor'
12:00:33.091 [main] DEBUG org.springframework.beans.factory.support.DefaultListableBeanFactory - Creating shared instance of singleton bean 'org.springframework.context.annotation.internalCommonAnnotationProcessor'
12:00:33.094 [main] DEBUG org.springframework.beans.factory.support.DefaultListableBeanFactory - Creating shared instance of singleton bean 'org.springframework.boot.test.mock.mockito.MockitoPostProcessor$SpyPostProcessor'
12:00:33.102 [main] DEBUG org.springframework.beans.factory.support.DefaultListableBeanFactory - Creating shared instance of singleton bean 'testConfiguration'
12:00:33.118 [main] DEBUG org.springframework.beans.factory.support.DefaultListableBeanFactory - Creating shared instance of singleton bean 'kihToPhmrMappingService'
12:00:33.137 [main] DEBUG org.springframework.core.env.PropertySourcesPropertyResolver - Found key 'sor.code' in PropertySource 'localProperties' with value of type String
12:00:33.138 [main] DEBUG org.springframework.core.env.PropertySourcesPropertyResolver - Found key 'sor.name' in PropertySource 'localProperties' with value of type String
12:00:33.144 [main] INFO io.oth.xdsgenerator.service.KihToPhmrMappingService - Initialized default organisation: Organisation{code='325421000016001', name='Medcom'}
12:00:33.144 [main] DEBUG org.springframework.beans.factory.support.DefaultListableBeanFactory - Creating shared instance of singleton bean 'phmrBuilderService'
12:00:33.161 [main] DEBUG org.springframework.test.context.cache.DefaultCacheAwareContextLoaderDelegate - Storing ApplicationContext [1659840424] in cache under key [[MergedContextConfiguration@e70f13a testClass = CDAParserTest, locations = '{}', classes = '{class io.oth.xdsgenerator.service.TestConfiguration}', contextInitializerClasses = '[]', activeProfiles = '{}', propertySourceLocations = '{}', propertySourceProperties = '{}', contextCustomizers = set[org.springframework.boot.test.context.filter.ExcludeFilterContextCustomizer@74a6f9c1, org.springframework.boot.test.json.DuplicateJsonObjectContextCustomizerFactory$DuplicateJsonObjectContextCustomizer@63611043, org.springframework.boot.test.mock.mockito.MockitoContextCustomizer@0, org.springframework.boot.test.autoconfigure.actuate.metrics.MetricsExportContextCustomizerFactory$DisableMetricExportContextCustomizer@5ef5c734, org.springframework.boot.test.autoconfigure.properties.PropertyMappingContextCustomizer@0, org.springframework.boot.test.autoconfigure.web.servlet.WebDriverContextCustomizerFactory$Customizer@479460a6], contextLoader = 'org.springframework.test.context.support.DelegatingSmartContextLoader', parent = [null]]]
12:00:33.161 [main] DEBUG org.springframework.test.context.cache - Spring test ApplicationContext cache statistics: [DefaultContextCache@285f09de size = 1, maxSize = 32, parentContextCount = 0, hitCount = 0, missCount = 1]
12:00:33.164 [main] DEBUG org.springframework.test.context.cache.DefaultCacheAwareContextLoaderDelegate - Retrieved ApplicationContext [1659840424] from cache with key [[MergedContextConfiguration@e70f13a testClass = CDAParserTest, locations = '{}', classes = '{class io.oth.xdsgenerator.service.TestConfiguration}', contextInitializerClasses = '[]', activeProfiles = '{}', propertySourceLocations = '{}', propertySourceProperties = '{}', contextCustomizers = set[org.springframework.boot.test.context.filter.ExcludeFilterContextCustomizer@74a6f9c1, org.springframework.boot.test.json.DuplicateJsonObjectContextCustomizerFactory$DuplicateJsonObjectContextCustomizer@63611043, org.springframework.boot.test.mock.mockito.MockitoContextCustomizer@0, org.springframework.boot.test.autoconfigure.actuate.metrics.MetricsExportContextCustomizerFactory$DisableMetricExportContextCustomizer@5ef5c734, org.springframework.boot.test.autoconfigure.properties.PropertyMappingContextCustomizer@0, org.springframework.boot.test.autoconfigure.web.servlet.WebDriverContextCustomizerFactory$Customizer@479460a6], contextLoader = 'org.springframework.test.context.support.DelegatingSmartContextLoader', parent = [null]]]
12:00:33.164 [main] DEBUG org.springframework.test.context.cache - Spring test ApplicationContext cache statistics: [DefaultContextCache@285f09de size = 1, maxSize = 32, parentContextCount = 0, hitCount = 1, missCount = 1]
12:00:33.173 [main] DEBUG org.springframework.test.context.support.AbstractDirtiesContextTestExecutionListener - Before test method: context [DefaultTestContext@2bd08376 testClass = CDAParserTest, testInstance = io.oth.xdsgenerator.service.cda.CDAParserTest@29a0cdb, testMethod = testCDA_Ex4_COPD_MODIFIED_Parser@CDAParserTest, testException = [null], mergedContextConfiguration = [MergedContextConfiguration@e70f13a testClass = CDAParserTest, locations = '{}', classes = '{class io.oth.xdsgenerator.service.TestConfiguration}', contextInitializerClasses = '[]', activeProfiles = '{}', propertySourceLocations = '{}', propertySourceProperties = '{}', contextCustomizers = set[org.springframework.boot.test.context.filter.ExcludeFilterContextCustomizer@74a6f9c1, org.springframework.boot.test.json.DuplicateJsonObjectContextCustomizerFactory$DuplicateJsonObjectContextCustomizer@63611043, org.springframework.boot.test.mock.mockito.MockitoContextCustomizer@0, org.springframework.boot.test.autoconfigure.actuate.metrics.MetricsExportContextCustomizerFactory$DisableMetricExportContextCustomizer@5ef5c734, org.springframework.boot.test.autoconfigure.properties.PropertyMappingContextCustomizer@0, org.springframework.boot.test.autoconfigure.web.servlet.WebDriverContextCustomizerFactory$Customizer@479460a6], contextLoader = 'org.springframework.test.context.support.DelegatingSmartContextLoader', parent = [null]], attributes = map[[empty]]], class annotated with @DirtiesContext [false] with mode [null], method annotated with @DirtiesContext [false] with mode [null].
12:00:33.174 [main] DEBUG org.springframework.test.context.cache.DefaultCacheAwareContextLoaderDelegate - Retrieved ApplicationContext [1659840424] from cache with key [[MergedContextConfiguration@e70f13a testClass = CDAParserTest, locations = '{}', classes = '{class io.oth.xdsgenerator.service.TestConfiguration}', contextInitializerClasses = '[]', activeProfiles = '{}', propertySourceLocations = '{}', propertySourceProperties = '{}', contextCustomizers = set[org.springframework.boot.test.context.filter.ExcludeFilterContextCustomizer@74a6f9c1, org.springframework.boot.test.json.DuplicateJsonObjectContextCustomizerFactory$DuplicateJsonObjectContextCustomizer@63611043, org.springframework.boot.test.mock.mockito.MockitoContextCustomizer@0, org.springframework.boot.test.autoconfigure.actuate.metrics.MetricsExportContextCustomizerFactory$DisableMetricExportContextCustomizer@5ef5c734, org.springframework.boot.test.autoconfigure.properties.PropertyMappingContextCustomizer@0, org.springframework.boot.test.autoconfigure.web.servlet.WebDriverContextCustomizerFactory$Customizer@479460a6], contextLoader = 'org.springframework.test.context.support.DelegatingSmartContextLoader', parent = [null]]]
12:00:33.174 [main] DEBUG org.springframework.test.context.cache - Spring test ApplicationContext cache statistics: [DefaultContextCache@285f09de size = 1, maxSize = 32, parentContextCount = 0, hitCount = 2, missCount = 1]
12:00:33.174 [main] DEBUG org.springframework.test.context.cache.DefaultCacheAwareContextLoaderDelegate - Retrieved ApplicationContext [1659840424] from cache with key [[MergedContextConfiguration@e70f13a testClass = CDAParserTest, locations = '{}', classes = '{class io.oth.xdsgenerator.service.TestConfiguration}', contextInitializerClasses = '[]', activeProfiles = '{}', propertySourceLocations = '{}', propertySourceProperties = '{}', contextCustomizers = set[org.springframework.boot.test.context.filter.ExcludeFilterContextCustomizer@74a6f9c1, org.springframework.boot.test.json.DuplicateJsonObjectContextCustomizerFactory$DuplicateJsonObjectContextCustomizer@63611043, org.springframework.boot.test.mock.mockito.MockitoContextCustomizer@0, org.springframework.boot.test.autoconfigure.actuate.metrics.MetricsExportContextCustomizerFactory$DisableMetricExportContextCustomizer@5ef5c734, org.springframework.boot.test.autoconfigure.properties.PropertyMappingContextCustomizer@0, org.springframework.boot.test.autoconfigure.web.servlet.WebDriverContextCustomizerFactory$Customizer@479460a6], contextLoader = 'org.springframework.test.context.support.DelegatingSmartContextLoader', parent = [null]]]
12:00:33.174 [main] DEBUG org.springframework.test.context.cache - Spring test ApplicationContext cache statistics: [DefaultContextCache@285f09de size = 1, maxSize = 32, parentContextCount = 0, hitCount = 3, missCount = 1]
12:00:33.321 [main] DEBUG org.springframework.test.context.cache.DefaultCacheAwareContextLoaderDelegate - Retrieved ApplicationContext [1659840424] from cache with key [[MergedContextConfiguration@e70f13a testClass = CDAParserTest, locations = '{}', classes = '{class io.oth.xdsgenerator.service.TestConfiguration}', contextInitializerClasses = '[]', activeProfiles = '{}', propertySourceLocations = '{}', propertySourceProperties = '{}', contextCustomizers = set[org.springframework.boot.test.context.filter.ExcludeFilterContextCustomizer@74a6f9c1, org.springframework.boot.test.json.DuplicateJsonObjectContextCustomizerFactory$DuplicateJsonObjectContextCustomizer@63611043, org.springframework.boot.test.mock.mockito.MockitoContextCustomizer@0, org.springframework.boot.test.autoconfigure.actuate.metrics.MetricsExportContextCustomizerFactory$DisableMetricExportContextCustomizer@5ef5c734, org.springframework.boot.test.autoconfigure.properties.PropertyMappingContextCustomizer@0, org.springframework.boot.test.autoconfigure.web.servlet.WebDriverContextCustomizerFactory$Customizer@479460a6], contextLoader = 'org.springframework.test.context.support.DelegatingSmartContextLoader', parent = [null]]]
12:00:33.321 [main] DEBUG org.springframework.test.context.cache - Spring test ApplicationContext cache statistics: [DefaultContextCache@285f09de size = 1, maxSize = 32, parentContextCount = 0, hitCount = 4, missCount = 1]
12:00:33.322 [main] INFO io.oth.xdsgenerator.service.cda.CdaMetaDataFactory - Starting cda metadata map
12:00:33.325 [main] INFO io.oth.xdsgenerator.service.cda.CdaMetaDataFactory - Transfering metadata - null null
12:00:33.326 [main] DEBUG io.oth.xdsgenerator.service.cda.CdaMetaDataFactory - ClassCode is: io.oth.xdsgenerator.model.Code@64c4c01
12:00:33.326 [main] DEBUG io.oth.xdsgenerator.service.cda.CdaMetaDataFactory - FormatCode isio.oth.xdsgenerator.model.Code@1aa99005
12:00:33.326 [main] DEBUG io.oth.xdsgenerator.service.cda.CdaMetaDataFactory - HealthcareFacilityTypeCode is: io.oth.xdsgenerator.model.Code@592238c5
12:00:33.329 [main] DEBUG io.oth.xdsgenerator.service.cda.CdaMetaDataFactory - SubmissionTime is: Mon May 22 12:00:33 CEST 2023
12:00:33.330 [main] DEBUG io.oth.xdsgenerator.service.cda.CdaMetaDataFactory - PracticeSettingCode is: null
12:00:33.330 [main] DEBUG io.oth.xdsgenerator.service.cda.CdaMetaDataFactory - MimeType is: text/xml
12:00:33.330 [main] DEBUG io.oth.xdsgenerator.service.cda.CdaMetaDataFactory - Availabilitystatus is: APPROVED
12:00:33.330 [main] DEBUG io.oth.xdsgenerator.service.cda.CdaMetaDataFactory - Objecttype is: STABLE
12:00:33.330 [main] DEBUG io.oth.xdsgenerator.service.cda.CdaMetaDataFactory - Starting metadata mpa from document
12:00:33.402 [main] DEBUG dk.s4.hl7.cda.convert.decode.cdametadata.MetaDataServiceEventCodeHandler - code is found: NPU03011, 1.2.208.176.2.1, O2 sat.;Hb(aB)
12:00:33.402 [main] DEBUG dk.s4.hl7.cda.convert.decode.cdametadata.MetaDataServiceEventCodeHandler - code is found: MCS88016, 1.2.208.184.100.8, FVC
12:00:33.408 [main] DEBUG io.oth.xdsgenerator.service.cda.CdaMetaDataFactory - io.oth.xdsgenerator.model.Code@3e1a3801
12:00:33.408 [main] DEBUG io.oth.xdsgenerator.service.cda.CdaMetaDataFactory - Madsen
12:00:33.408 [main] DEBUG io.oth.xdsgenerator.service.cda.CdaMetaDataFactory - M
12:00:33.408 [main] DEBUG io.oth.xdsgenerator.service.cda.CdaMetaDataFactory - io.oth.xdsgenerator.model.Code@1de0a46c
12:00:33.408 [main] DEBUG io.oth.xdsgenerator.service.cda.CdaMetaDataFactory - Sun Feb 17 09:15:00 CET 2013
12:00:33.408 [main] DEBUG io.oth.xdsgenerator.service.cda.CdaMetaDataFactory - io.oth.xdsgenerator.model.Code@4d1f1ff5
12:00:33.408 [main] DEBUG io.oth.xdsgenerator.service.cda.CdaMetaDataFactory - io.oth.xdsgenerator.model.Code@222afc67
12:00:33.408 [main] DEBUG io.oth.xdsgenerator.service.cda.CdaMetaDataFactory - da-DK
12:00:33.408 [main] DEBUG io.oth.xdsgenerator.service.cda.CdaMetaDataFactory - Olsen
12:00:33.408 [main] DEBUG io.oth.xdsgenerator.service.cda.CdaMetaDataFactory - Lars
12:00:33.408 [main] DEBUG io.oth.xdsgenerator.service.cda.CdaMetaDataFactory - io.oth.xdsgenerator.model.Code@4c2fb9dd
12:00:33.408 [main] DEBUG io.oth.xdsgenerator.service.cda.CdaMetaDataFactory - Mon Feb 11 09:11:00 CET 2013
12:00:33.408 [main] DEBUG io.oth.xdsgenerator.service.cda.CdaMetaDataFactory - Sat Feb 16 11:14:00 CET 2013
12:00:33.408 [main] DEBUG io.oth.xdsgenerator.service.cda.CdaMetaDataFactory - io.oth.xdsgenerator.model.Code@54f4a7f0
12:00:33.409 [main] DEBUG io.oth.xdsgenerator.service.cda.CdaMetaDataFactory - Berggren
12:00:33.409 [main] DEBUG io.oth.xdsgenerator.service.cda.CdaMetaDataFactory - Janus
12:00:33.409 [main] DEBUG io.oth.xdsgenerator.service.cda.CdaMetaDataFactory - Sat Jun 26 00:00:00 CEST 1948
12:00:33.409 [main] DEBUG io.oth.xdsgenerator.service.cda.CdaMetaDataFactory - M
12:00:33.409 [main] DEBUG io.oth.xdsgenerator.service.cda.CdaMetaDataFactory - Hjemmemonitorering for 2606481234
12:00:33.409 [main] DEBUG io.oth.xdsgenerator.service.cda.CdaMetaDataFactory - io.oth.xdsgenerator.model.Code@61a1ea2c
12:00:33.411 [main] DEBUG io.oth.xdsgenerator.service.cda.CdaMetaDataFactory - Returning metadata mpa from document
12:00:33.411 [main] DEBUG io.oth.xdsgenerator.service.cda.CdaMetaDataFactory - After getMetadataFromDocument()
12:00:33.411 [main] DEBUG io.oth.xdsgenerator.service.cda.CdaMetaDataFactory - ClassCode is: io.oth.xdsgenerator.model.Code@64c4c01
12:00:33.412 [main] DEBUG io.oth.xdsgenerator.service.cda.CdaMetaDataFactory - FormatCode is io.oth.xdsgenerator.model.Code@1aa99005
12:00:33.412 [main] DEBUG io.oth.xdsgenerator.service.cda.CdaMetaDataFactory - HealthcareFacilityTypeCode is: io.oth.xdsgenerator.model.Code@592238c5
12:00:33.412 [main] DEBUG io.oth.xdsgenerator.service.cda.CdaMetaDataFactory - SubmissionTime is: Mon May 22 12:00:33 CEST 2023
12:00:33.412 [main] DEBUG io.oth.xdsgenerator.service.cda.CdaMetaDataFactory - PracticeSettingCode is: null
12:00:33.412 [main] DEBUG io.oth.xdsgenerator.service.cda.CdaMetaDataFactory - MimeType is: text/xml
12:00:33.412 [main] DEBUG io.oth.xdsgenerator.service.cda.CdaMetaDataFactory - Availabilitystatus is: APPROVED
12:00:33.412 [main] DEBUG io.oth.xdsgenerator.service.cda.CdaMetaDataFactory - Objecttype is: STABLE
12:00:33.412 [main] INFO io.oth.xdsgenerator.service.cda.CdaMetaDataFactory - Unique ID: 437f8b60-9563-11e3-a5e2-0800200c9a66^1.2.208.184
12:00:33.412 [main] DEBUG io.oth.xdsgenerator.service.cda.CdaMetaDataFactory - Returning from  cda metadata map
12:00:33.415 [main] DEBUG org.springframework.test.context.cache.DefaultCacheAwareContextLoaderDelegate - Retrieved ApplicationContext [1659840424] from cache with key [[MergedContextConfiguration@e70f13a testClass = CDAParserTest, locations = '{}', classes = '{class io.oth.xdsgenerator.service.TestConfiguration}', contextInitializerClasses = '[]', activeProfiles = '{}', propertySourceLocations = '{}', propertySourceProperties = '{}', contextCustomizers = set[org.springframework.boot.test.context.filter.ExcludeFilterContextCustomizer@74a6f9c1, org.springframework.boot.test.json.DuplicateJsonObjectContextCustomizerFactory$DuplicateJsonObjectContextCustomizer@63611043, org.springframework.boot.test.mock.mockito.MockitoContextCustomizer@0, org.springframework.boot.test.autoconfigure.actuate.metrics.MetricsExportContextCustomizerFactory$DisableMetricExportContextCustomizer@5ef5c734, org.springframework.boot.test.autoconfigure.properties.PropertyMappingContextCustomizer@0, org.springframework.boot.test.autoconfigure.web.servlet.WebDriverContextCustomizerFactory$Customizer@479460a6], contextLoader = 'org.springframework.test.context.support.DelegatingSmartContextLoader', parent = [null]]]
12:00:33.415 [main] DEBUG org.springframework.test.context.cache - Spring test ApplicationContext cache statistics: [DefaultContextCache@285f09de size = 1, maxSize = 32, parentContextCount = 0, hitCount = 5, missCount = 1]
12:00:33.416 [main] DEBUG org.springframework.test.context.cache.DefaultCacheAwareContextLoaderDelegate - Retrieved ApplicationContext [1659840424] from cache with key [[MergedContextConfiguration@e70f13a testClass = CDAParserTest, locations = '{}', classes = '{class io.oth.xdsgenerator.service.TestConfiguration}', contextInitializerClasses = '[]', activeProfiles = '{}', propertySourceLocations = '{}', propertySourceProperties = '{}', contextCustomizers = set[org.springframework.boot.test.context.filter.ExcludeFilterContextCustomizer@74a6f9c1, org.springframework.boot.test.json.DuplicateJsonObjectContextCustomizerFactory$DuplicateJsonObjectContextCustomizer@63611043, org.springframework.boot.test.mock.mockito.MockitoContextCustomizer@0, org.springframework.boot.test.autoconfigure.actuate.metrics.MetricsExportContextCustomizerFactory$DisableMetricExportContextCustomizer@5ef5c734, org.springframework.boot.test.autoconfigure.properties.PropertyMappingContextCustomizer@0, org.springframework.boot.test.autoconfigure.web.servlet.WebDriverContextCustomizerFactory$Customizer@479460a6], contextLoader = 'org.springframework.test.context.support.DelegatingSmartContextLoader', parent = [null]]]
12:00:33.416 [main] DEBUG org.springframework.test.context.cache - Spring test ApplicationContext cache statistics: [DefaultContextCache@285f09de size = 1, maxSize = 32, parentContextCount = 0, hitCount = 6, missCount = 1]
12:00:33.416 [main] DEBUG org.springframework.test.context.cache.DefaultCacheAwareContextLoaderDelegate - Retrieved ApplicationContext [1659840424] from cache with key [[MergedContextConfiguration@e70f13a testClass = CDAParserTest, locations = '{}', classes = '{class io.oth.xdsgenerator.service.TestConfiguration}', contextInitializerClasses = '[]', activeProfiles = '{}', propertySourceLocations = '{}', propertySourceProperties = '{}', contextCustomizers = set[org.springframework.boot.test.context.filter.ExcludeFilterContextCustomizer@74a6f9c1, org.springframework.boot.test.json.DuplicateJsonObjectContextCustomizerFactory$DuplicateJsonObjectContextCustomizer@63611043, org.springframework.boot.test.mock.mockito.MockitoContextCustomizer@0, org.springframework.boot.test.autoconfigure.actuate.metrics.MetricsExportContextCustomizerFactory$DisableMetricExportContextCustomizer@5ef5c734, org.springframework.boot.test.autoconfigure.properties.PropertyMappingContextCustomizer@0, org.springframework.boot.test.autoconfigure.web.servlet.WebDriverContextCustomizerFactory$Customizer@479460a6], contextLoader = 'org.springframework.test.context.support.DelegatingSmartContextLoader', parent = [null]]]
12:00:33.416 [main] DEBUG org.springframework.test.context.cache - Spring test ApplicationContext cache statistics: [DefaultContextCache@285f09de size = 1, maxSize = 32, parentContextCount = 0, hitCount = 7, missCount = 1]
12:00:33.417 [main] DEBUG org.springframework.test.context.cache.DefaultCacheAwareContextLoaderDelegate - Retrieved ApplicationContext [1659840424] from cache with key [[MergedContextConfiguration@e70f13a testClass = CDAParserTest, locations = '{}', classes = '{class io.oth.xdsgenerator.service.TestConfiguration}', contextInitializerClasses = '[]', activeProfiles = '{}', propertySourceLocations = '{}', propertySourceProperties = '{}', contextCustomizers = set[org.springframework.boot.test.context.filter.ExcludeFilterContextCustomizer@74a6f9c1, org.springframework.boot.test.json.DuplicateJsonObjectContextCustomizerFactory$DuplicateJsonObjectContextCustomizer@63611043, org.springframework.boot.test.mock.mockito.MockitoContextCustomizer@0, org.springframework.boot.test.autoconfigure.actuate.metrics.MetricsExportContextCustomizerFactory$DisableMetricExportContextCustomizer@5ef5c734, org.springframework.boot.test.autoconfigure.properties.PropertyMappingContextCustomizer@0, org.springframework.boot.test.autoconfigure.web.servlet.WebDriverContextCustomizerFactory$Customizer@479460a6], contextLoader = 'org.springframework.test.context.support.DelegatingSmartContextLoader', parent = [null]]]
12:00:33.417 [main] DEBUG org.springframework.test.context.cache - Spring test ApplicationContext cache statistics: [DefaultContextCache@285f09de size = 1, maxSize = 32, parentContextCount = 0, hitCount = 8, missCount = 1]
12:00:33.418 [main] DEBUG org.springframework.test.context.cache.DefaultCacheAwareContextLoaderDelegate - Retrieved ApplicationContext [1659840424] from cache with key [[MergedContextConfiguration@e70f13a testClass = CDAParserTest, locations = '{}', classes = '{class io.oth.xdsgenerator.service.TestConfiguration}', contextInitializerClasses = '[]', activeProfiles = '{}', propertySourceLocations = '{}', propertySourceProperties = '{}', contextCustomizers = set[org.springframework.boot.test.context.filter.ExcludeFilterContextCustomizer@74a6f9c1, org.springframework.boot.test.json.DuplicateJsonObjectContextCustomizerFactory$DuplicateJsonObjectContextCustomizer@63611043, org.springframework.boot.test.mock.mockito.MockitoContextCustomizer@0, org.springframework.boot.test.autoconfigure.actuate.metrics.MetricsExportContextCustomizerFactory$DisableMetricExportContextCustomizer@5ef5c734, org.springframework.boot.test.autoconfigure.properties.PropertyMappingContextCustomizer@0, org.springframework.boot.test.autoconfigure.web.servlet.WebDriverContextCustomizerFactory$Customizer@479460a6], contextLoader = 'org.springframework.test.context.support.DelegatingSmartContextLoader', parent = [null]]]
12:00:33.418 [main] DEBUG org.springframework.test.context.cache - Spring test ApplicationContext cache statistics: [DefaultContextCache@285f09de size = 1, maxSize = 32, parentContextCount = 0, hitCount = 9, missCount = 1]
12:00:33.419 [main] DEBUG org.springframework.test.context.cache.DefaultCacheAwareContextLoaderDelegate - Retrieved ApplicationContext [1659840424] from cache with key [[MergedContextConfiguration@e70f13a testClass = CDAParserTest, locations = '{}', classes = '{class io.oth.xdsgenerator.service.TestConfiguration}', contextInitializerClasses = '[]', activeProfiles = '{}', propertySourceLocations = '{}', propertySourceProperties = '{}', contextCustomizers = set[org.springframework.boot.test.context.filter.ExcludeFilterContextCustomizer@74a6f9c1, org.springframework.boot.test.json.DuplicateJsonObjectContextCustomizerFactory$DuplicateJsonObjectContextCustomizer@63611043, org.springframework.boot.test.mock.mockito.MockitoContextCustomizer@0, org.springframework.boot.test.autoconfigure.actuate.metrics.MetricsExportContextCustomizerFactory$DisableMetricExportContextCustomizer@5ef5c734, org.springframework.boot.test.autoconfigure.properties.PropertyMappingContextCustomizer@0, org.springframework.boot.test.autoconfigure.web.servlet.WebDriverContextCustomizerFactory$Customizer@479460a6], contextLoader = 'org.springframework.test.context.support.DelegatingSmartContextLoader', parent = [null]]]
12:00:33.419 [main] DEBUG org.springframework.test.context.cache - Spring test ApplicationContext cache statistics: [DefaultContextCache@285f09de size = 1, maxSize = 32, parentContextCount = 0, hitCount = 10, missCount = 1]
12:00:33.419 [main] DEBUG org.springframework.test.context.support.AbstractDirtiesContextTestExecutionListener - After test method: context [DefaultTestContext@2bd08376 testClass = CDAParserTest, testInstance = io.oth.xdsgenerator.service.cda.CDAParserTest@29a0cdb, testMethod = testCDA_Ex4_COPD_MODIFIED_Parser@CDAParserTest, testException = [null], mergedContextConfiguration = [MergedContextConfiguration@e70f13a testClass = CDAParserTest, locations = '{}', classes = '{class io.oth.xdsgenerator.service.TestConfiguration}', contextInitializerClasses = '[]', activeProfiles = '{}', propertySourceLocations = '{}', propertySourceProperties = '{}', contextCustomizers = set[org.springframework.boot.test.context.filter.ExcludeFilterContextCustomizer@74a6f9c1, org.springframework.boot.test.json.DuplicateJsonObjectContextCustomizerFactory$DuplicateJsonObjectContextCustomizer@63611043, org.springframework.boot.test.mock.mockito.MockitoContextCustomizer@0, org.springframework.boot.test.autoconfigure.actuate.metrics.MetricsExportContextCustomizerFactory$DisableMetricExportContextCustomizer@5ef5c734, org.springframework.boot.test.autoconfigure.properties.PropertyMappingContextCustomizer@0, org.springframework.boot.test.autoconfigure.web.servlet.WebDriverContextCustomizerFactory$Customizer@479460a6], contextLoader = 'org.springframework.test.context.support.DelegatingSmartContextLoader', parent = [null]], attributes = map[[empty]]], class annotated with @DirtiesContext [false] with mode [null], method annotated with @DirtiesContext [false] with mode [null].
]]></system-out>
  </testcase>
  <testcase name="testCDA_PHMR_KOL_Parser_Tidszone_test" classname="io.oth.xdsgenerator.service.cda.CDAParserTest" time="0.008">
    <system-out><![CDATA[12:00:33.422 [main] DEBUG org.springframework.test.context.support.DependencyInjectionTestExecutionListener - Performing dependency injection for test context [[DefaultTestContext@2bd08376 testClass = CDAParserTest, testInstance = io.oth.xdsgenerator.service.cda.CDAParserTest@57402ba1, testMethod = [null], testException = [null], mergedContextConfiguration = [MergedContextConfiguration@e70f13a testClass = CDAParserTest, locations = '{}', classes = '{class io.oth.xdsgenerator.service.TestConfiguration}', contextInitializerClasses = '[]', activeProfiles = '{}', propertySourceLocations = '{}', propertySourceProperties = '{}', contextCustomizers = set[org.springframework.boot.test.context.filter.ExcludeFilterContextCustomizer@74a6f9c1, org.springframework.boot.test.json.DuplicateJsonObjectContextCustomizerFactory$DuplicateJsonObjectContextCustomizer@63611043, org.springframework.boot.test.mock.mockito.MockitoContextCustomizer@0, org.springframework.boot.test.autoconfigure.actuate.metrics.MetricsExportContextCustomizerFactory$DisableMetricExportContextCustomizer@5ef5c734, org.springframework.boot.test.autoconfigure.properties.PropertyMappingContextCustomizer@0, org.springframework.boot.test.autoconfigure.web.servlet.WebDriverContextCustomizerFactory$Customizer@479460a6], contextLoader = 'org.springframework.test.context.support.DelegatingSmartContextLoader', parent = [null]], attributes = map[[empty]]]].
12:00:33.422 [main] DEBUG org.springframework.test.context.cache.DefaultCacheAwareContextLoaderDelegate - Retrieved ApplicationContext [1659840424] from cache with key [[MergedContextConfiguration@e70f13a testClass = CDAParserTest, locations = '{}', classes = '{class io.oth.xdsgenerator.service.TestConfiguration}', contextInitializerClasses = '[]', activeProfiles = '{}', propertySourceLocations = '{}', propertySourceProperties = '{}', contextCustomizers = set[org.springframework.boot.test.context.filter.ExcludeFilterContextCustomizer@74a6f9c1, org.springframework.boot.test.json.DuplicateJsonObjectContextCustomizerFactory$DuplicateJsonObjectContextCustomizer@63611043, org.springframework.boot.test.mock.mockito.MockitoContextCustomizer@0, org.springframework.boot.test.autoconfigure.actuate.metrics.MetricsExportContextCustomizerFactory$DisableMetricExportContextCustomizer@5ef5c734, org.springframework.boot.test.autoconfigure.properties.PropertyMappingContextCustomizer@0, org.springframework.boot.test.autoconfigure.web.servlet.WebDriverContextCustomizerFactory$Customizer@479460a6], contextLoader = 'org.springframework.test.context.support.DelegatingSmartContextLoader', parent = [null]]]
12:00:33.423 [main] DEBUG org.springframework.test.context.cache - Spring test ApplicationContext cache statistics: [DefaultContextCache@285f09de size = 1, maxSize = 32, parentContextCount = 0, hitCount = 11, missCount = 1]
12:00:33.423 [main] DEBUG org.springframework.test.context.cache.DefaultCacheAwareContextLoaderDelegate - Retrieved ApplicationContext [1659840424] from cache with key [[MergedContextConfiguration@e70f13a testClass = CDAParserTest, locations = '{}', classes = '{class io.oth.xdsgenerator.service.TestConfiguration}', contextInitializerClasses = '[]', activeProfiles = '{}', propertySourceLocations = '{}', propertySourceProperties = '{}', contextCustomizers = set[org.springframework.boot.test.context.filter.ExcludeFilterContextCustomizer@74a6f9c1, org.springframework.boot.test.json.DuplicateJsonObjectContextCustomizerFactory$DuplicateJsonObjectContextCustomizer@63611043, org.springframework.boot.test.mock.mockito.MockitoContextCustomizer@0, org.springframework.boot.test.autoconfigure.actuate.metrics.MetricsExportContextCustomizerFactory$DisableMetricExportContextCustomizer@5ef5c734, org.springframework.boot.test.autoconfigure.properties.PropertyMappingContextCustomizer@0, org.springframework.boot.test.autoconfigure.web.servlet.WebDriverContextCustomizerFactory$Customizer@479460a6], contextLoader = 'org.springframework.test.context.support.DelegatingSmartContextLoader', parent = [null]]]
12:00:33.423 [main] DEBUG org.springframework.test.context.cache - Spring test ApplicationContext cache statistics: [DefaultContextCache@285f09de size = 1, maxSize = 32, parentContextCount = 0, hitCount = 12, missCount = 1]
12:00:33.424 [main] DEBUG org.springframework.test.context.support.AbstractDirtiesContextTestExecutionListener - Before test method: context [DefaultTestContext@2bd08376 testClass = CDAParserTest, testInstance = io.oth.xdsgenerator.service.cda.CDAParserTest@57402ba1, testMethod = testCDA_PHMR_KOL_Parser_Tidszone_test@CDAParserTest, testException = [null], mergedContextConfiguration = [MergedContextConfiguration@e70f13a testClass = CDAParserTest, locations = '{}', classes = '{class io.oth.xdsgenerator.service.TestConfiguration}', contextInitializerClasses = '[]', activeProfiles = '{}', propertySourceLocations = '{}', propertySourceProperties = '{}', contextCustomizers = set[org.springframework.boot.test.context.filter.ExcludeFilterContextCustomizer@74a6f9c1, org.springframework.boot.test.json.DuplicateJsonObjectContextCustomizerFactory$DuplicateJsonObjectContextCustomizer@63611043, org.springframework.boot.test.mock.mockito.MockitoContextCustomizer@0, org.springframework.boot.test.autoconfigure.actuate.metrics.MetricsExportContextCustomizerFactory$DisableMetricExportContextCustomizer@5ef5c734, org.springframework.boot.test.autoconfigure.properties.PropertyMappingContextCustomizer@0, org.springframework.boot.test.autoconfigure.web.servlet.WebDriverContextCustomizerFactory$Customizer@479460a6], contextLoader = 'org.springframework.test.context.support.DelegatingSmartContextLoader', parent = [null]], attributes = map[[empty]]], class annotated with @DirtiesContext [false] with mode [null], method annotated with @DirtiesContext [false] with mode [null].
12:00:33.424 [main] DEBUG org.springframework.test.context.cache.DefaultCacheAwareContextLoaderDelegate - Retrieved ApplicationContext [1659840424] from cache with key [[MergedContextConfiguration@e70f13a testClass = CDAParserTest, locations = '{}', classes = '{class io.oth.xdsgenerator.service.TestConfiguration}', contextInitializerClasses = '[]', activeProfiles = '{}', propertySourceLocations = '{}', propertySourceProperties = '{}', contextCustomizers = set[org.springframework.boot.test.context.filter.ExcludeFilterContextCustomizer@74a6f9c1, org.springframework.boot.test.json.DuplicateJsonObjectContextCustomizerFactory$DuplicateJsonObjectContextCustomizer@63611043, org.springframework.boot.test.mock.mockito.MockitoContextCustomizer@0, org.springframework.boot.test.autoconfigure.actuate.metrics.MetricsExportContextCustomizerFactory$DisableMetricExportContextCustomizer@5ef5c734, org.springframework.boot.test.autoconfigure.properties.PropertyMappingContextCustomizer@0, org.springframework.boot.test.autoconfigure.web.servlet.WebDriverContextCustomizerFactory$Customizer@479460a6], contextLoader = 'org.springframework.test.context.support.DelegatingSmartContextLoader', parent = [null]]]
12:00:33.424 [main] DEBUG org.springframework.test.context.cache - Spring test ApplicationContext cache statistics: [DefaultContextCache@285f09de size = 1, maxSize = 32, parentContextCount = 0, hitCount = 13, missCount = 1]
12:00:33.424 [main] DEBUG org.springframework.test.context.cache.DefaultCacheAwareContextLoaderDelegate - Retrieved ApplicationContext [1659840424] from cache with key [[MergedContextConfiguration@e70f13a testClass = CDAParserTest, locations = '{}', classes = '{class io.oth.xdsgenerator.service.TestConfiguration}', contextInitializerClasses = '[]', activeProfiles = '{}', propertySourceLocations = '{}', propertySourceProperties = '{}', contextCustomizers = set[org.springframework.boot.test.context.filter.ExcludeFilterContextCustomizer@74a6f9c1, org.springframework.boot.test.json.DuplicateJsonObjectContextCustomizerFactory$DuplicateJsonObjectContextCustomizer@63611043, org.springframework.boot.test.mock.mockito.MockitoContextCustomizer@0, org.springframework.boot.test.autoconfigure.actuate.metrics.MetricsExportContextCustomizerFactory$DisableMetricExportContextCustomizer@5ef5c734, org.springframework.boot.test.autoconfigure.properties.PropertyMappingContextCustomizer@0, org.springframework.boot.test.autoconfigure.web.servlet.WebDriverContextCustomizerFactory$Customizer@479460a6], contextLoader = 'org.springframework.test.context.support.DelegatingSmartContextLoader', parent = [null]]]
12:00:33.424 [main] DEBUG org.springframework.test.context.cache - Spring test ApplicationContext cache statistics: [DefaultContextCache@285f09de size = 1, maxSize = 32, parentContextCount = 0, hitCount = 14, missCount = 1]
12:00:33.424 [main] DEBUG org.springframework.test.context.cache.DefaultCacheAwareContextLoaderDelegate - Retrieved ApplicationContext [1659840424] from cache with key [[MergedContextConfiguration@e70f13a testClass = CDAParserTest, locations = '{}', classes = '{class io.oth.xdsgenerator.service.TestConfiguration}', contextInitializerClasses = '[]', activeProfiles = '{}', propertySourceLocations = '{}', propertySourceProperties = '{}', contextCustomizers = set[org.springframework.boot.test.context.filter.ExcludeFilterContextCustomizer@74a6f9c1, org.springframework.boot.test.json.DuplicateJsonObjectContextCustomizerFactory$DuplicateJsonObjectContextCustomizer@63611043, org.springframework.boot.test.mock.mockito.MockitoContextCustomizer@0, org.springframework.boot.test.autoconfigure.actuate.metrics.MetricsExportContextCustomizerFactory$DisableMetricExportContextCustomizer@5ef5c734, org.springframework.boot.test.autoconfigure.properties.PropertyMappingContextCustomizer@0, org.springframework.boot.test.autoconfigure.web.servlet.WebDriverContextCustomizerFactory$Customizer@479460a6], contextLoader = 'org.springframework.test.context.support.DelegatingSmartContextLoader', parent = [null]]]
12:00:33.424 [main] DEBUG org.springframework.test.context.cache - Spring test ApplicationContext cache statistics: [DefaultContextCache@285f09de size = 1, maxSize = 32, parentContextCount = 0, hitCount = 15, missCount = 1]
12:00:33.425 [main] INFO io.oth.xdsgenerator.service.cda.CdaMetaDataFactory - Starting cda metadata map
12:00:33.425 [main] INFO io.oth.xdsgenerator.service.cda.CdaMetaDataFactory - Transfering metadata - null null
12:00:33.425 [main] DEBUG io.oth.xdsgenerator.service.cda.CdaMetaDataFactory - ClassCode is: io.oth.xdsgenerator.model.Code@56913163
12:00:33.425 [main] DEBUG io.oth.xdsgenerator.service.cda.CdaMetaDataFactory - FormatCode isio.oth.xdsgenerator.model.Code@702b06fb
12:00:33.425 [main] DEBUG io.oth.xdsgenerator.service.cda.CdaMetaDataFactory - HealthcareFacilityTypeCode is: io.oth.xdsgenerator.model.Code@a18649a
12:00:33.425 [main] DEBUG io.oth.xdsgenerator.service.cda.CdaMetaDataFactory - SubmissionTime is: Mon May 22 12:00:33 CEST 2023
12:00:33.425 [main] DEBUG io.oth.xdsgenerator.service.cda.CdaMetaDataFactory - PracticeSettingCode is: null
12:00:33.425 [main] DEBUG io.oth.xdsgenerator.service.cda.CdaMetaDataFactory - MimeType is: text/xml
12:00:33.425 [main] DEBUG io.oth.xdsgenerator.service.cda.CdaMetaDataFactory - Availabilitystatus is: APPROVED
12:00:33.425 [main] DEBUG io.oth.xdsgenerator.service.cda.CdaMetaDataFactory - Objecttype is: STABLE
12:00:33.425 [main] DEBUG io.oth.xdsgenerator.service.cda.CdaMetaDataFactory - Starting metadata mpa from document
12:00:33.428 [main] DEBUG io.oth.xdsgenerator.service.cda.CdaMetaDataFactory - io.oth.xdsgenerator.model.Code@5c534b5b
12:00:33.428 [main] DEBUG io.oth.xdsgenerator.service.cda.CdaMetaDataFactory - Andersen
12:00:33.428 [main] DEBUG io.oth.xdsgenerator.service.cda.CdaMetaDataFactory - Anders
12:00:33.428 [main] DEBUG io.oth.xdsgenerator.service.cda.CdaMetaDataFactory - io.oth.xdsgenerator.model.Code@396639b
12:00:33.428 [main] DEBUG io.oth.xdsgenerator.service.cda.CdaMetaDataFactory - Thu Jun 09 12:50:10 CEST 2016
12:00:33.428 [main] DEBUG io.oth.xdsgenerator.service.cda.CdaMetaDataFactory - da-DK
12:00:33.428 [main] DEBUG io.oth.xdsgenerator.service.cda.CdaMetaDataFactory - Olsen
12:00:33.428 [main] DEBUG io.oth.xdsgenerator.service.cda.CdaMetaDataFactory - Lars
12:00:33.428 [main] DEBUG io.oth.xdsgenerator.service.cda.CdaMetaDataFactory - io.oth.xdsgenerator.model.Code@2b22a1cc
12:00:33.428 [main] DEBUG io.oth.xdsgenerator.service.cda.CdaMetaDataFactory - Thu Jun 09 10:10:10 CEST 2016
12:00:33.428 [main] DEBUG io.oth.xdsgenerator.service.cda.CdaMetaDataFactory - Thu Jun 09 10:30:10 CEST 2016
12:00:33.428 [main] DEBUG io.oth.xdsgenerator.service.cda.CdaMetaDataFactory - io.oth.xdsgenerator.model.Code@62573c86
12:00:33.428 [main] DEBUG io.oth.xdsgenerator.service.cda.CdaMetaDataFactory - Berggren
12:00:33.429 [main] DEBUG io.oth.xdsgenerator.service.cda.CdaMetaDataFactory - Nancy
12:00:33.429 [main] DEBUG io.oth.xdsgenerator.service.cda.CdaMetaDataFactory - Sat Dec 25 00:00:00 CET 1948
12:00:33.429 [main] DEBUG io.oth.xdsgenerator.service.cda.CdaMetaDataFactory - F
12:00:33.429 [main] DEBUG io.oth.xdsgenerator.service.cda.CdaMetaDataFactory - Hjemmemonitorering for 2512489996
12:00:33.429 [main] DEBUG io.oth.xdsgenerator.service.cda.CdaMetaDataFactory - io.oth.xdsgenerator.model.Code@2418ba04
12:00:33.429 [main] DEBUG io.oth.xdsgenerator.service.cda.CdaMetaDataFactory - Returning metadata mpa from document
12:00:33.429 [main] DEBUG io.oth.xdsgenerator.service.cda.CdaMetaDataFactory - After getMetadataFromDocument()
12:00:33.429 [main] DEBUG io.oth.xdsgenerator.service.cda.CdaMetaDataFactory - ClassCode is: io.oth.xdsgenerator.model.Code@56913163
12:00:33.429 [main] DEBUG io.oth.xdsgenerator.service.cda.CdaMetaDataFactory - FormatCode is io.oth.xdsgenerator.model.Code@702b06fb
12:00:33.429 [main] DEBUG io.oth.xdsgenerator.service.cda.CdaMetaDataFactory - HealthcareFacilityTypeCode is: io.oth.xdsgenerator.model.Code@a18649a
12:00:33.429 [main] DEBUG io.oth.xdsgenerator.service.cda.CdaMetaDataFactory - SubmissionTime is: Mon May 22 12:00:33 CEST 2023
12:00:33.429 [main] DEBUG io.oth.xdsgenerator.service.cda.CdaMetaDataFactory - PracticeSettingCode is: null
12:00:33.429 [main] DEBUG io.oth.xdsgenerator.service.cda.CdaMetaDataFactory - MimeType is: text/xml
12:00:33.429 [main] DEBUG io.oth.xdsgenerator.service.cda.CdaMetaDataFactory - Availabilitystatus is: APPROVED
12:00:33.429 [main] DEBUG io.oth.xdsgenerator.service.cda.CdaMetaDataFactory - Objecttype is: STABLE
12:00:33.429 [main] INFO io.oth.xdsgenerator.service.cda.CdaMetaDataFactory - Unique ID: 021ba3bd-6935-45ca-bdcd-ed77f8b2ee2a^1.2.208.184
12:00:33.429 [main] DEBUG io.oth.xdsgenerator.service.cda.CdaMetaDataFactory - Returning from  cda metadata map
12:00:33.430 [main] DEBUG org.springframework.test.context.cache.DefaultCacheAwareContextLoaderDelegate - Retrieved ApplicationContext [1659840424] from cache with key [[MergedContextConfiguration@e70f13a testClass = CDAParserTest, locations = '{}', classes = '{class io.oth.xdsgenerator.service.TestConfiguration}', contextInitializerClasses = '[]', activeProfiles = '{}', propertySourceLocations = '{}', propertySourceProperties = '{}', contextCustomizers = set[org.springframework.boot.test.context.filter.ExcludeFilterContextCustomizer@74a6f9c1, org.springframework.boot.test.json.DuplicateJsonObjectContextCustomizerFactory$DuplicateJsonObjectContextCustomizer@63611043, org.springframework.boot.test.mock.mockito.MockitoContextCustomizer@0, org.springframework.boot.test.autoconfigure.actuate.metrics.MetricsExportContextCustomizerFactory$DisableMetricExportContextCustomizer@5ef5c734, org.springframework.boot.test.autoconfigure.properties.PropertyMappingContextCustomizer@0, org.springframework.boot.test.autoconfigure.web.servlet.WebDriverContextCustomizerFactory$Customizer@479460a6], contextLoader = 'org.springframework.test.context.support.DelegatingSmartContextLoader', parent = [null]]]
12:00:33.430 [main] DEBUG org.springframework.test.context.cache - Spring test ApplicationContext cache statistics: [DefaultContextCache@285f09de size = 1, maxSize = 32, parentContextCount = 0, hitCount = 16, missCount = 1]
12:00:33.430 [main] DEBUG org.springframework.test.context.cache.DefaultCacheAwareContextLoaderDelegate - Retrieved ApplicationContext [1659840424] from cache with key [[MergedContextConfiguration@e70f13a testClass = CDAParserTest, locations = '{}', classes = '{class io.oth.xdsgenerator.service.TestConfiguration}', contextInitializerClasses = '[]', activeProfiles = '{}', propertySourceLocations = '{}', propertySourceProperties = '{}', contextCustomizers = set[org.springframework.boot.test.context.filter.ExcludeFilterContextCustomizer@74a6f9c1, org.springframework.boot.test.json.DuplicateJsonObjectContextCustomizerFactory$DuplicateJsonObjectContextCustomizer@63611043, org.springframework.boot.test.mock.mockito.MockitoContextCustomizer@0, org.springframework.boot.test.autoconfigure.actuate.metrics.MetricsExportContextCustomizerFactory$DisableMetricExportContextCustomizer@5ef5c734, org.springframework.boot.test.autoconfigure.properties.PropertyMappingContextCustomizer@0, org.springframework.boot.test.autoconfigure.web.servlet.WebDriverContextCustomizerFactory$Customizer@479460a6], contextLoader = 'org.springframework.test.context.support.DelegatingSmartContextLoader', parent = [null]]]
12:00:33.430 [main] DEBUG org.springframework.test.context.cache - Spring test ApplicationContext cache statistics: [DefaultContextCache@285f09de size = 1, maxSize = 32, parentContextCount = 0, hitCount = 17, missCount = 1]
12:00:33.430 [main] DEBUG org.springframework.test.context.cache.DefaultCacheAwareContextLoaderDelegate - Retrieved ApplicationContext [1659840424] from cache with key [[MergedContextConfiguration@e70f13a testClass = CDAParserTest, locations = '{}', classes = '{class io.oth.xdsgenerator.service.TestConfiguration}', contextInitializerClasses = '[]', activeProfiles = '{}', propertySourceLocations = '{}', propertySourceProperties = '{}', contextCustomizers = set[org.springframework.boot.test.context.filter.ExcludeFilterContextCustomizer@74a6f9c1, org.springframework.boot.test.json.DuplicateJsonObjectContextCustomizerFactory$DuplicateJsonObjectContextCustomizer@63611043, org.springframework.boot.test.mock.mockito.MockitoContextCustomizer@0, org.springframework.boot.test.autoconfigure.actuate.metrics.MetricsExportContextCustomizerFactory$DisableMetricExportContextCustomizer@5ef5c734, org.springframework.boot.test.autoconfigure.properties.PropertyMappingContextCustomizer@0, org.springframework.boot.test.autoconfigure.web.servlet.WebDriverContextCustomizerFactory$Customizer@479460a6], contextLoader = 'org.springframework.test.context.support.DelegatingSmartContextLoader', parent = [null]]]
12:00:33.430 [main] DEBUG org.springframework.test.context.cache - Spring test ApplicationContext cache statistics: [DefaultContextCache@285f09de size = 1, maxSize = 32, parentContextCount = 0, hitCount = 18, missCount = 1]
12:00:33.430 [main] DEBUG org.springframework.test.context.cache.DefaultCacheAwareContextLoaderDelegate - Retrieved ApplicationContext [1659840424] from cache with key [[MergedContextConfiguration@e70f13a testClass = CDAParserTest, locations = '{}', classes = '{class io.oth.xdsgenerator.service.TestConfiguration}', contextInitializerClasses = '[]', activeProfiles = '{}', propertySourceLocations = '{}', propertySourceProperties = '{}', contextCustomizers = set[org.springframework.boot.test.context.filter.ExcludeFilterContextCustomizer@74a6f9c1, org.springframework.boot.test.json.DuplicateJsonObjectContextCustomizerFactory$DuplicateJsonObjectContextCustomizer@63611043, org.springframework.boot.test.mock.mockito.MockitoContextCustomizer@0, org.springframework.boot.test.autoconfigure.actuate.metrics.MetricsExportContextCustomizerFactory$DisableMetricExportContextCustomizer@5ef5c734, org.springframework.boot.test.autoconfigure.properties.PropertyMappingContextCustomizer@0, org.springframework.boot.test.autoconfigure.web.servlet.WebDriverContextCustomizerFactory$Customizer@479460a6], contextLoader = 'org.springframework.test.context.support.DelegatingSmartContextLoader', parent = [null]]]
12:00:33.430 [main] DEBUG org.springframework.test.context.cache - Spring test ApplicationContext cache statistics: [DefaultContextCache@285f09de size = 1, maxSize = 32, parentContextCount = 0, hitCount = 19, missCount = 1]
12:00:33.431 [main] DEBUG org.springframework.test.context.cache.DefaultCacheAwareContextLoaderDelegate - Retrieved ApplicationContext [1659840424] from cache with key [[MergedContextConfiguration@e70f13a testClass = CDAParserTest, locations = '{}', classes = '{class io.oth.xdsgenerator.service.TestConfiguration}', contextInitializerClasses = '[]', activeProfiles = '{}', propertySourceLocations = '{}', propertySourceProperties = '{}', contextCustomizers = set[org.springframework.boot.test.context.filter.ExcludeFilterContextCustomizer@74a6f9c1, org.springframework.boot.test.json.DuplicateJsonObjectContextCustomizerFactory$DuplicateJsonObjectContextCustomizer@63611043, org.springframework.boot.test.mock.mockito.MockitoContextCustomizer@0, org.springframework.boot.test.autoconfigure.actuate.metrics.MetricsExportContextCustomizerFactory$DisableMetricExportContextCustomizer@5ef5c734, org.springframework.boot.test.autoconfigure.properties.PropertyMappingContextCustomizer@0, org.springframework.boot.test.autoconfigure.web.servlet.WebDriverContextCustomizerFactory$Customizer@479460a6], contextLoader = 'org.springframework.test.context.support.DelegatingSmartContextLoader', parent = [null]]]
12:00:33.431 [main] DEBUG org.springframework.test.context.cache - Spring test ApplicationContext cache statistics: [DefaultContextCache@285f09de size = 1, maxSize = 32, parentContextCount = 0, hitCount = 20, missCount = 1]
12:00:33.431 [main] DEBUG org.springframework.test.context.cache.DefaultCacheAwareContextLoaderDelegate - Retrieved ApplicationContext [1659840424] from cache with key [[MergedContextConfiguration@e70f13a testClass = CDAParserTest, locations = '{}', classes = '{class io.oth.xdsgenerator.service.TestConfiguration}', contextInitializerClasses = '[]', activeProfiles = '{}', propertySourceLocations = '{}', propertySourceProperties = '{}', contextCustomizers = set[org.springframework.boot.test.context.filter.ExcludeFilterContextCustomizer@74a6f9c1, org.springframework.boot.test.json.DuplicateJsonObjectContextCustomizerFactory$DuplicateJsonObjectContextCustomizer@63611043, org.springframework.boot.test.mock.mockito.MockitoContextCustomizer@0, org.springframework.boot.test.autoconfigure.actuate.metrics.MetricsExportContextCustomizerFactory$DisableMetricExportContextCustomizer@5ef5c734, org.springframework.boot.test.autoconfigure.properties.PropertyMappingContextCustomizer@0, org.springframework.boot.test.autoconfigure.web.servlet.WebDriverContextCustomizerFactory$Customizer@479460a6], contextLoader = 'org.springframework.test.context.support.DelegatingSmartContextLoader', parent = [null]]]
12:00:33.431 [main] DEBUG org.springframework.test.context.cache - Spring test ApplicationContext cache statistics: [DefaultContextCache@285f09de size = 1, maxSize = 32, parentContextCount = 0, hitCount = 21, missCount = 1]
12:00:33.431 [main] DEBUG org.springframework.test.context.support.AbstractDirtiesContextTestExecutionListener - After test method: context [DefaultTestContext@2bd08376 testClass = CDAParserTest, testInstance = io.oth.xdsgenerator.service.cda.CDAParserTest@57402ba1, testMethod = testCDA_PHMR_KOL_Parser_Tidszone_test@CDAParserTest, testException = [null], mergedContextConfiguration = [MergedContextConfiguration@e70f13a testClass = CDAParserTest, locations = '{}', classes = '{class io.oth.xdsgenerator.service.TestConfiguration}', contextInitializerClasses = '[]', activeProfiles = '{}', propertySourceLocations = '{}', propertySourceProperties = '{}', contextCustomizers = set[org.springframework.boot.test.context.filter.ExcludeFilterContextCustomizer@74a6f9c1, org.springframework.boot.test.json.DuplicateJsonObjectContextCustomizerFactory$DuplicateJsonObjectContextCustomizer@63611043, org.springframework.boot.test.mock.mockito.MockitoContextCustomizer@0, org.springframework.boot.test.autoconfigure.actuate.metrics.MetricsExportContextCustomizerFactory$DisableMetricExportContextCustomizer@5ef5c734, org.springframework.boot.test.autoconfigure.properties.PropertyMappingContextCustomizer@0, org.springframework.boot.test.autoconfigure.web.servlet.WebDriverContextCustomizerFactory$Customizer@479460a6], contextLoader = 'org.springframework.test.context.support.DelegatingSmartContextLoader', parent = [null]], attributes = map[[empty]]], class annotated with @DirtiesContext [false] with mode [null], method annotated with @DirtiesContext [false] with mode [null].
]]></system-out>
  </testcase>
  <testcase name="testCDA_PHMR_KOL_Parser" classname="io.oth.xdsgenerator.service.cda.CDAParserTest" time="0.012">
    <system-out><![CDATA[12:00:33.436 [main] DEBUG org.springframework.test.context.support.DependencyInjectionTestExecutionListener - Performing dependency injection for test context [[DefaultTestContext@2bd08376 testClass = CDAParserTest, testInstance = io.oth.xdsgenerator.service.cda.CDAParserTest@14229fa7, testMethod = [null], testException = [null], mergedContextConfiguration = [MergedContextConfiguration@e70f13a testClass = CDAParserTest, locations = '{}', classes = '{class io.oth.xdsgenerator.service.TestConfiguration}', contextInitializerClasses = '[]', activeProfiles = '{}', propertySourceLocations = '{}', propertySourceProperties = '{}', contextCustomizers = set[org.springframework.boot.test.context.filter.ExcludeFilterContextCustomizer@74a6f9c1, org.springframework.boot.test.json.DuplicateJsonObjectContextCustomizerFactory$DuplicateJsonObjectContextCustomizer@63611043, org.springframework.boot.test.mock.mockito.MockitoContextCustomizer@0, org.springframework.boot.test.autoconfigure.actuate.metrics.MetricsExportContextCustomizerFactory$DisableMetricExportContextCustomizer@5ef5c734, org.springframework.boot.test.autoconfigure.properties.PropertyMappingContextCustomizer@0, org.springframework.boot.test.autoconfigure.web.servlet.WebDriverContextCustomizerFactory$Customizer@479460a6], contextLoader = 'org.springframework.test.context.support.DelegatingSmartContextLoader', parent = [null]], attributes = map[[empty]]]].
12:00:33.437 [main] DEBUG org.springframework.test.context.cache.DefaultCacheAwareContextLoaderDelegate - Retrieved ApplicationContext [1659840424] from cache with key [[MergedContextConfiguration@e70f13a testClass = CDAParserTest, locations = '{}', classes = '{class io.oth.xdsgenerator.service.TestConfiguration}', contextInitializerClasses = '[]', activeProfiles = '{}', propertySourceLocations = '{}', propertySourceProperties = '{}', contextCustomizers = set[org.springframework.boot.test.context.filter.ExcludeFilterContextCustomizer@74a6f9c1, org.springframework.boot.test.json.DuplicateJsonObjectContextCustomizerFactory$DuplicateJsonObjectContextCustomizer@63611043, org.springframework.boot.test.mock.mockito.MockitoContextCustomizer@0, org.springframework.boot.test.autoconfigure.actuate.metrics.MetricsExportContextCustomizerFactory$DisableMetricExportContextCustomizer@5ef5c734, org.springframework.boot.test.autoconfigure.properties.PropertyMappingContextCustomizer@0, org.springframework.boot.test.autoconfigure.web.servlet.WebDriverContextCustomizerFactory$Customizer@479460a6], contextLoader = 'org.springframework.test.context.support.DelegatingSmartContextLoader', parent = [null]]]
12:00:33.437 [main] DEBUG org.springframework.test.context.cache - Spring test ApplicationContext cache statistics: [DefaultContextCache@285f09de size = 1, maxSize = 32, parentContextCount = 0, hitCount = 22, missCount = 1]
12:00:33.437 [main] DEBUG org.springframework.test.context.cache.DefaultCacheAwareContextLoaderDelegate - Retrieved ApplicationContext [1659840424] from cache with key [[MergedContextConfiguration@e70f13a testClass = CDAParserTest, locations = '{}', classes = '{class io.oth.xdsgenerator.service.TestConfiguration}', contextInitializerClasses = '[]', activeProfiles = '{}', propertySourceLocations = '{}', propertySourceProperties = '{}', contextCustomizers = set[org.springframework.boot.test.context.filter.ExcludeFilterContextCustomizer@74a6f9c1, org.springframework.boot.test.json.DuplicateJsonObjectContextCustomizerFactory$DuplicateJsonObjectContextCustomizer@63611043, org.springframework.boot.test.mock.mockito.MockitoContextCustomizer@0, org.springframework.boot.test.autoconfigure.actuate.metrics.MetricsExportContextCustomizerFactory$DisableMetricExportContextCustomizer@5ef5c734, org.springframework.boot.test.autoconfigure.properties.PropertyMappingContextCustomizer@0, org.springframework.boot.test.autoconfigure.web.servlet.WebDriverContextCustomizerFactory$Customizer@479460a6], contextLoader = 'org.springframework.test.context.support.DelegatingSmartContextLoader', parent = [null]]]
12:00:33.438 [main] DEBUG org.springframework.test.context.cache - Spring test ApplicationContext cache statistics: [DefaultContextCache@285f09de size = 1, maxSize = 32, parentContextCount = 0, hitCount = 23, missCount = 1]
12:00:33.439 [main] DEBUG org.springframework.test.context.support.AbstractDirtiesContextTestExecutionListener - Before test method: context [DefaultTestContext@2bd08376 testClass = CDAParserTest, testInstance = io.oth.xdsgenerator.service.cda.CDAParserTest@14229fa7, testMethod = testCDA_PHMR_KOL_Parser@CDAParserTest, testException = [null], mergedContextConfiguration = [MergedContextConfiguration@e70f13a testClass = CDAParserTest, locations = '{}', classes = '{class io.oth.xdsgenerator.service.TestConfiguration}', contextInitializerClasses = '[]', activeProfiles = '{}', propertySourceLocations = '{}', propertySourceProperties = '{}', contextCustomizers = set[org.springframework.boot.test.context.filter.ExcludeFilterContextCustomizer@74a6f9c1, org.springframework.boot.test.json.DuplicateJsonObjectContextCustomizerFactory$DuplicateJsonObjectContextCustomizer@63611043, org.springframework.boot.test.mock.mockito.MockitoContextCustomizer@0, org.springframework.boot.test.autoconfigure.actuate.metrics.MetricsExportContextCustomizerFactory$DisableMetricExportContextCustomizer@5ef5c734, org.springframework.boot.test.autoconfigure.properties.PropertyMappingContextCustomizer@0, org.springframework.boot.test.autoconfigure.web.servlet.WebDriverContextCustomizerFactory$Customizer@479460a6], contextLoader = 'org.springframework.test.context.support.DelegatingSmartContextLoader', parent = [null]], attributes = map[[empty]]], class annotated with @DirtiesContext [false] with mode [null], method annotated with @DirtiesContext [false] with mode [null].
12:00:33.439 [main] DEBUG org.springframework.test.context.cache.DefaultCacheAwareContextLoaderDelegate - Retrieved ApplicationContext [1659840424] from cache with key [[MergedContextConfiguration@e70f13a testClass = CDAParserTest, locations = '{}', classes = '{class io.oth.xdsgenerator.service.TestConfiguration}', contextInitializerClasses = '[]', activeProfiles = '{}', propertySourceLocations = '{}', propertySourceProperties = '{}', contextCustomizers = set[org.springframework.boot.test.context.filter.ExcludeFilterContextCustomizer@74a6f9c1, org.springframework.boot.test.json.DuplicateJsonObjectContextCustomizerFactory$DuplicateJsonObjectContextCustomizer@63611043, org.springframework.boot.test.mock.mockito.MockitoContextCustomizer@0, org.springframework.boot.test.autoconfigure.actuate.metrics.MetricsExportContextCustomizerFactory$DisableMetricExportContextCustomizer@5ef5c734, org.springframework.boot.test.autoconfigure.properties.PropertyMappingContextCustomizer@0, org.springframework.boot.test.autoconfigure.web.servlet.WebDriverContextCustomizerFactory$Customizer@479460a6], contextLoader = 'org.springframework.test.context.support.DelegatingSmartContextLoader', parent = [null]]]
12:00:33.439 [main] DEBUG org.springframework.test.context.cache - Spring test ApplicationContext cache statistics: [DefaultContextCache@285f09de size = 1, maxSize = 32, parentContextCount = 0, hitCount = 24, missCount = 1]
12:00:33.439 [main] DEBUG org.springframework.test.context.cache.DefaultCacheAwareContextLoaderDelegate - Retrieved ApplicationContext [1659840424] from cache with key [[MergedContextConfiguration@e70f13a testClass = CDAParserTest, locations = '{}', classes = '{class io.oth.xdsgenerator.service.TestConfiguration}', contextInitializerClasses = '[]', activeProfiles = '{}', propertySourceLocations = '{}', propertySourceProperties = '{}', contextCustomizers = set[org.springframework.boot.test.context.filter.ExcludeFilterContextCustomizer@74a6f9c1, org.springframework.boot.test.json.DuplicateJsonObjectContextCustomizerFactory$DuplicateJsonObjectContextCustomizer@63611043, org.springframework.boot.test.mock.mockito.MockitoContextCustomizer@0, org.springframework.boot.test.autoconfigure.actuate.metrics.MetricsExportContextCustomizerFactory$DisableMetricExportContextCustomizer@5ef5c734, org.springframework.boot.test.autoconfigure.properties.PropertyMappingContextCustomizer@0, org.springframework.boot.test.autoconfigure.web.servlet.WebDriverContextCustomizerFactory$Customizer@479460a6], contextLoader = 'org.springframework.test.context.support.DelegatingSmartContextLoader', parent = [null]]]
12:00:33.439 [main] DEBUG org.springframework.test.context.cache - Spring test ApplicationContext cache statistics: [DefaultContextCache@285f09de size = 1, maxSize = 32, parentContextCount = 0, hitCount = 25, missCount = 1]
12:00:33.440 [main] DEBUG org.springframework.test.context.cache.DefaultCacheAwareContextLoaderDelegate - Retrieved ApplicationContext [1659840424] from cache with key [[MergedContextConfiguration@e70f13a testClass = CDAParserTest, locations = '{}', classes = '{class io.oth.xdsgenerator.service.TestConfiguration}', contextInitializerClasses = '[]', activeProfiles = '{}', propertySourceLocations = '{}', propertySourceProperties = '{}', contextCustomizers = set[org.springframework.boot.test.context.filter.ExcludeFilterContextCustomizer@74a6f9c1, org.springframework.boot.test.json.DuplicateJsonObjectContextCustomizerFactory$DuplicateJsonObjectContextCustomizer@63611043, org.springframework.boot.test.mock.mockito.MockitoContextCustomizer@0, org.springframework.boot.test.autoconfigure.actuate.metrics.MetricsExportContextCustomizerFactory$DisableMetricExportContextCustomizer@5ef5c734, org.springframework.boot.test.autoconfigure.properties.PropertyMappingContextCustomizer@0, org.springframework.boot.test.autoconfigure.web.servlet.WebDriverContextCustomizerFactory$Customizer@479460a6], contextLoader = 'org.springframework.test.context.support.DelegatingSmartContextLoader', parent = [null]]]
12:00:33.440 [main] DEBUG org.springframework.test.context.cache - Spring test ApplicationContext cache statistics: [DefaultContextCache@285f09de size = 1, maxSize = 32, parentContextCount = 0, hitCount = 26, missCount = 1]
12:00:33.441 [main] INFO io.oth.xdsgenerator.service.cda.CdaMetaDataFactory - Starting cda metadata map
12:00:33.441 [main] INFO io.oth.xdsgenerator.service.cda.CdaMetaDataFactory - Transfering metadata - null null
12:00:33.441 [main] DEBUG io.oth.xdsgenerator.service.cda.CdaMetaDataFactory - ClassCode is: io.oth.xdsgenerator.model.Code@2ab0702e
12:00:33.441 [main] DEBUG io.oth.xdsgenerator.service.cda.CdaMetaDataFactory - FormatCode isio.oth.xdsgenerator.model.Code@7158daf2
12:00:33.441 [main] DEBUG io.oth.xdsgenerator.service.cda.CdaMetaDataFactory - HealthcareFacilityTypeCode is: io.oth.xdsgenerator.model.Code@10f19647
12:00:33.441 [main] DEBUG io.oth.xdsgenerator.service.cda.CdaMetaDataFactory - SubmissionTime is: Mon May 22 12:00:33 CEST 2023
12:00:33.441 [main] DEBUG io.oth.xdsgenerator.service.cda.CdaMetaDataFactory - PracticeSettingCode is: null
12:00:33.441 [main] DEBUG io.oth.xdsgenerator.service.cda.CdaMetaDataFactory - MimeType is: text/xml
12:00:33.441 [main] DEBUG io.oth.xdsgenerator.service.cda.CdaMetaDataFactory - Availabilitystatus is: APPROVED
12:00:33.441 [main] DEBUG io.oth.xdsgenerator.service.cda.CdaMetaDataFactory - Objecttype is: STABLE
12:00:33.441 [main] DEBUG io.oth.xdsgenerator.service.cda.CdaMetaDataFactory - Starting metadata mpa from document
12:00:33.445 [main] DEBUG io.oth.xdsgenerator.service.cda.CdaMetaDataFactory - io.oth.xdsgenerator.model.Code@102efc59
12:00:33.445 [main] DEBUG io.oth.xdsgenerator.service.cda.CdaMetaDataFactory - Andersen
12:00:33.445 [main] DEBUG io.oth.xdsgenerator.service.cda.CdaMetaDataFactory - Anders
12:00:33.445 [main] DEBUG io.oth.xdsgenerator.service.cda.CdaMetaDataFactory - io.oth.xdsgenerator.model.Code@3936df72
12:00:33.445 [main] DEBUG io.oth.xdsgenerator.service.cda.CdaMetaDataFactory - Thu Jun 09 14:50:10 CEST 2016
12:00:33.445 [main] DEBUG io.oth.xdsgenerator.service.cda.CdaMetaDataFactory - da-DK
12:00:33.445 [main] DEBUG io.oth.xdsgenerator.service.cda.CdaMetaDataFactory - Olsen
12:00:33.445 [main] DEBUG io.oth.xdsgenerator.service.cda.CdaMetaDataFactory - Lars
12:00:33.445 [main] DEBUG io.oth.xdsgenerator.service.cda.CdaMetaDataFactory - io.oth.xdsgenerator.model.Code@e8e0dec
12:00:33.445 [main] DEBUG io.oth.xdsgenerator.service.cda.CdaMetaDataFactory - Thu Jun 09 12:10:10 CEST 2016
12:00:33.446 [main] DEBUG io.oth.xdsgenerator.service.cda.CdaMetaDataFactory - Thu Jun 09 12:30:10 CEST 2016
12:00:33.446 [main] DEBUG io.oth.xdsgenerator.service.cda.CdaMetaDataFactory - io.oth.xdsgenerator.model.Code@12d1f1d4
12:00:33.446 [main] DEBUG io.oth.xdsgenerator.service.cda.CdaMetaDataFactory - Berggren
12:00:33.446 [main] DEBUG io.oth.xdsgenerator.service.cda.CdaMetaDataFactory - Nancy
12:00:33.446 [main] DEBUG io.oth.xdsgenerator.service.cda.CdaMetaDataFactory - Sat Dec 25 00:00:00 CET 1948
12:00:33.446 [main] DEBUG io.oth.xdsgenerator.service.cda.CdaMetaDataFactory - F
12:00:33.446 [main] DEBUG io.oth.xdsgenerator.service.cda.CdaMetaDataFactory - Hjemmemonitorering for 2512489996
12:00:33.446 [main] DEBUG io.oth.xdsgenerator.service.cda.CdaMetaDataFactory - io.oth.xdsgenerator.model.Code@75fa1be3
12:00:33.446 [main] DEBUG io.oth.xdsgenerator.service.cda.CdaMetaDataFactory - Returning metadata mpa from document
12:00:33.446 [main] DEBUG io.oth.xdsgenerator.service.cda.CdaMetaDataFactory - After getMetadataFromDocument()
12:00:33.446 [main] DEBUG io.oth.xdsgenerator.service.cda.CdaMetaDataFactory - ClassCode is: io.oth.xdsgenerator.model.Code@2ab0702e
12:00:33.446 [main] DEBUG io.oth.xdsgenerator.service.cda.CdaMetaDataFactory - FormatCode is io.oth.xdsgenerator.model.Code@7158daf2
12:00:33.446 [main] DEBUG io.oth.xdsgenerator.service.cda.CdaMetaDataFactory - HealthcareFacilityTypeCode is: io.oth.xdsgenerator.model.Code@10f19647
12:00:33.446 [main] DEBUG io.oth.xdsgenerator.service.cda.CdaMetaDataFactory - SubmissionTime is: Mon May 22 12:00:33 CEST 2023
12:00:33.446 [main] DEBUG io.oth.xdsgenerator.service.cda.CdaMetaDataFactory - PracticeSettingCode is: null
12:00:33.446 [main] DEBUG io.oth.xdsgenerator.service.cda.CdaMetaDataFactory - MimeType is: text/xml
12:00:33.446 [main] DEBUG io.oth.xdsgenerator.service.cda.CdaMetaDataFactory - Availabilitystatus is: APPROVED
12:00:33.446 [main] DEBUG io.oth.xdsgenerator.service.cda.CdaMetaDataFactory - Objecttype is: STABLE
12:00:33.446 [main] INFO io.oth.xdsgenerator.service.cda.CdaMetaDataFactory - Unique ID: 021ba3bd-6935-45ca-bdcd-ed77f8b2ee2a^1.2.208.184
12:00:33.446 [main] DEBUG io.oth.xdsgenerator.service.cda.CdaMetaDataFactory - Returning from  cda metadata map
12:00:33.447 [main] DEBUG org.springframework.test.context.cache.DefaultCacheAwareContextLoaderDelegate - Retrieved ApplicationContext [1659840424] from cache with key [[MergedContextConfiguration@e70f13a testClass = CDAParserTest, locations = '{}', classes = '{class io.oth.xdsgenerator.service.TestConfiguration}', contextInitializerClasses = '[]', activeProfiles = '{}', propertySourceLocations = '{}', propertySourceProperties = '{}', contextCustomizers = set[org.springframework.boot.test.context.filter.ExcludeFilterContextCustomizer@74a6f9c1, org.springframework.boot.test.json.DuplicateJsonObjectContextCustomizerFactory$DuplicateJsonObjectContextCustomizer@63611043, org.springframework.boot.test.mock.mockito.MockitoContextCustomizer@0, org.springframework.boot.test.autoconfigure.actuate.metrics.MetricsExportContextCustomizerFactory$DisableMetricExportContextCustomizer@5ef5c734, org.springframework.boot.test.autoconfigure.properties.PropertyMappingContextCustomizer@0, org.springframework.boot.test.autoconfigure.web.servlet.WebDriverContextCustomizerFactory$Customizer@479460a6], contextLoader = 'org.springframework.test.context.support.DelegatingSmartContextLoader', parent = [null]]]
12:00:33.447 [main] DEBUG org.springframework.test.context.cache - Spring test ApplicationContext cache statistics: [DefaultContextCache@285f09de size = 1, maxSize = 32, parentContextCount = 0, hitCount = 27, missCount = 1]
12:00:33.448 [main] DEBUG org.springframework.test.context.cache.DefaultCacheAwareContextLoaderDelegate - Retrieved ApplicationContext [1659840424] from cache with key [[MergedContextConfiguration@e70f13a testClass = CDAParserTest, locations = '{}', classes = '{class io.oth.xdsgenerator.service.TestConfiguration}', contextInitializerClasses = '[]', activeProfiles = '{}', propertySourceLocations = '{}', propertySourceProperties = '{}', contextCustomizers = set[org.springframework.boot.test.context.filter.ExcludeFilterContextCustomizer@74a6f9c1, org.springframework.boot.test.json.DuplicateJsonObjectContextCustomizerFactory$DuplicateJsonObjectContextCustomizer@63611043, org.springframework.boot.test.mock.mockito.MockitoContextCustomizer@0, org.springframework.boot.test.autoconfigure.actuate.metrics.MetricsExportContextCustomizerFactory$DisableMetricExportContextCustomizer@5ef5c734, org.springframework.boot.test.autoconfigure.properties.PropertyMappingContextCustomizer@0, org.springframework.boot.test.autoconfigure.web.servlet.WebDriverContextCustomizerFactory$Customizer@479460a6], contextLoader = 'org.springframework.test.context.support.DelegatingSmartContextLoader', parent = [null]]]
12:00:33.448 [main] DEBUG org.springframework.test.context.cache - Spring test ApplicationContext cache statistics: [DefaultContextCache@285f09de size = 1, maxSize = 32, parentContextCount = 0, hitCount = 28, missCount = 1]
12:00:33.448 [main] DEBUG org.springframework.test.context.cache.DefaultCacheAwareContextLoaderDelegate - Retrieved ApplicationContext [1659840424] from cache with key [[MergedContextConfiguration@e70f13a testClass = CDAParserTest, locations = '{}', classes = '{class io.oth.xdsgenerator.service.TestConfiguration}', contextInitializerClasses = '[]', activeProfiles = '{}', propertySourceLocations = '{}', propertySourceProperties = '{}', contextCustomizers = set[org.springframework.boot.test.context.filter.ExcludeFilterContextCustomizer@74a6f9c1, org.springframework.boot.test.json.DuplicateJsonObjectContextCustomizerFactory$DuplicateJsonObjectContextCustomizer@63611043, org.springframework.boot.test.mock.mockito.MockitoContextCustomizer@0, org.springframework.boot.test.autoconfigure.actuate.metrics.MetricsExportContextCustomizerFactory$DisableMetricExportContextCustomizer@5ef5c734, org.springframework.boot.test.autoconfigure.properties.PropertyMappingContextCustomizer@0, org.springframework.boot.test.autoconfigure.web.servlet.WebDriverContextCustomizerFactory$Customizer@479460a6], contextLoader = 'org.springframework.test.context.support.DelegatingSmartContextLoader', parent = [null]]]
12:00:33.448 [main] DEBUG org.springframework.test.context.cache - Spring test ApplicationContext cache statistics: [DefaultContextCache@285f09de size = 1, maxSize = 32, parentContextCount = 0, hitCount = 29, missCount = 1]
12:00:33.448 [main] DEBUG org.springframework.test.context.cache.DefaultCacheAwareContextLoaderDelegate - Retrieved ApplicationContext [1659840424] from cache with key [[MergedContextConfiguration@e70f13a testClass = CDAParserTest, locations = '{}', classes = '{class io.oth.xdsgenerator.service.TestConfiguration}', contextInitializerClasses = '[]', activeProfiles = '{}', propertySourceLocations = '{}', propertySourceProperties = '{}', contextCustomizers = set[org.springframework.boot.test.context.filter.ExcludeFilterContextCustomizer@74a6f9c1, org.springframework.boot.test.json.DuplicateJsonObjectContextCustomizerFactory$DuplicateJsonObjectContextCustomizer@63611043, org.springframework.boot.test.mock.mockito.MockitoContextCustomizer@0, org.springframework.boot.test.autoconfigure.actuate.metrics.MetricsExportContextCustomizerFactory$DisableMetricExportContextCustomizer@5ef5c734, org.springframework.boot.test.autoconfigure.properties.PropertyMappingContextCustomizer@0, org.springframework.boot.test.autoconfigure.web.servlet.WebDriverContextCustomizerFactory$Customizer@479460a6], contextLoader = 'org.springframework.test.context.support.DelegatingSmartContextLoader', parent = [null]]]
12:00:33.448 [main] DEBUG org.springframework.test.context.cache - Spring test ApplicationContext cache statistics: [DefaultContextCache@285f09de size = 1, maxSize = 32, parentContextCount = 0, hitCount = 30, missCount = 1]
12:00:33.449 [main] DEBUG org.springframework.test.context.cache.DefaultCacheAwareContextLoaderDelegate - Retrieved ApplicationContext [1659840424] from cache with key [[MergedContextConfiguration@e70f13a testClass = CDAParserTest, locations = '{}', classes = '{class io.oth.xdsgenerator.service.TestConfiguration}', contextInitializerClasses = '[]', activeProfiles = '{}', propertySourceLocations = '{}', propertySourceProperties = '{}', contextCustomizers = set[org.springframework.boot.test.context.filter.ExcludeFilterContextCustomizer@74a6f9c1, org.springframework.boot.test.json.DuplicateJsonObjectContextCustomizerFactory$DuplicateJsonObjectContextCustomizer@63611043, org.springframework.boot.test.mock.mockito.MockitoContextCustomizer@0, org.springframework.boot.test.autoconfigure.actuate.metrics.MetricsExportContextCustomizerFactory$DisableMetricExportContextCustomizer@5ef5c734, org.springframework.boot.test.autoconfigure.properties.PropertyMappingContextCustomizer@0, org.springframework.boot.test.autoconfigure.web.servlet.WebDriverContextCustomizerFactory$Customizer@479460a6], contextLoader = 'org.springframework.test.context.support.DelegatingSmartContextLoader', parent = [null]]]
12:00:33.449 [main] DEBUG org.springframework.test.context.cache - Spring test ApplicationContext cache statistics: [DefaultContextCache@285f09de size = 1, maxSize = 32, parentContextCount = 0, hitCount = 31, missCount = 1]
12:00:33.449 [main] DEBUG org.springframework.test.context.cache.DefaultCacheAwareContextLoaderDelegate - Retrieved ApplicationContext [1659840424] from cache with key [[MergedContextConfiguration@e70f13a testClass = CDAParserTest, locations = '{}', classes = '{class io.oth.xdsgenerator.service.TestConfiguration}', contextInitializerClasses = '[]', activeProfiles = '{}', propertySourceLocations = '{}', propertySourceProperties = '{}', contextCustomizers = set[org.springframework.boot.test.context.filter.ExcludeFilterContextCustomizer@74a6f9c1, org.springframework.boot.test.json.DuplicateJsonObjectContextCustomizerFactory$DuplicateJsonObjectContextCustomizer@63611043, org.springframework.boot.test.mock.mockito.MockitoContextCustomizer@0, org.springframework.boot.test.autoconfigure.actuate.metrics.MetricsExportContextCustomizerFactory$DisableMetricExportContextCustomizer@5ef5c734, org.springframework.boot.test.autoconfigure.properties.PropertyMappingContextCustomizer@0, org.springframework.boot.test.autoconfigure.web.servlet.WebDriverContextCustomizerFactory$Customizer@479460a6], contextLoader = 'org.springframework.test.context.support.DelegatingSmartContextLoader', parent = [null]]]
12:00:33.449 [main] DEBUG org.springframework.test.context.cache - Spring test ApplicationContext cache statistics: [DefaultContextCache@285f09de size = 1, maxSize = 32, parentContextCount = 0, hitCount = 32, missCount = 1]
12:00:33.449 [main] DEBUG org.springframework.test.context.support.AbstractDirtiesContextTestExecutionListener - After test method: context [DefaultTestContext@2bd08376 testClass = CDAParserTest, testInstance = io.oth.xdsgenerator.service.cda.CDAParserTest@14229fa7, testMethod = testCDA_PHMR_KOL_Parser@CDAParserTest, testException = [null], mergedContextConfiguration = [MergedContextConfiguration@e70f13a testClass = CDAParserTest, locations = '{}', classes = '{class io.oth.xdsgenerator.service.TestConfiguration}', contextInitializerClasses = '[]', activeProfiles = '{}', propertySourceLocations = '{}', propertySourceProperties = '{}', contextCustomizers = set[org.springframework.boot.test.context.filter.ExcludeFilterContextCustomizer@74a6f9c1, org.springframework.boot.test.json.DuplicateJsonObjectContextCustomizerFactory$DuplicateJsonObjectContextCustomizer@63611043, org.springframework.boot.test.mock.mockito.MockitoContextCustomizer@0, org.springframework.boot.test.autoconfigure.actuate.metrics.MetricsExportContextCustomizerFactory$DisableMetricExportContextCustomizer@5ef5c734, org.springframework.boot.test.autoconfigure.properties.PropertyMappingContextCustomizer@0, org.springframework.boot.test.autoconfigure.web.servlet.WebDriverContextCustomizerFactory$Customizer@479460a6], contextLoader = 'org.springframework.test.context.support.DelegatingSmartContextLoader', parent = [null]], attributes = map[[empty]]], class annotated with @DirtiesContext [false] with mode [null], method annotated with @DirtiesContext [false] with mode [null].
]]></system-out>
  </testcase>
  <testcase name="testCDA_QRD_KOL_Example_1_Matis" classname="io.oth.xdsgenerator.service.cda.CDAParserTest" time="0.012">
    <system-out><![CDATA[12:00:33.450 [main] DEBUG org.springframework.test.context.support.DependencyInjectionTestExecutionListener - Performing dependency injection for test context [[DefaultTestContext@2bd08376 testClass = CDAParserTest, testInstance = io.oth.xdsgenerator.service.cda.CDAParserTest@7a389761, testMethod = [null], testException = [null], mergedContextConfiguration = [MergedContextConfiguration@e70f13a testClass = CDAParserTest, locations = '{}', classes = '{class io.oth.xdsgenerator.service.TestConfiguration}', contextInitializerClasses = '[]', activeProfiles = '{}', propertySourceLocations = '{}', propertySourceProperties = '{}', contextCustomizers = set[org.springframework.boot.test.context.filter.ExcludeFilterContextCustomizer@74a6f9c1, org.springframework.boot.test.json.DuplicateJsonObjectContextCustomizerFactory$DuplicateJsonObjectContextCustomizer@63611043, org.springframework.boot.test.mock.mockito.MockitoContextCustomizer@0, org.springframework.boot.test.autoconfigure.actuate.metrics.MetricsExportContextCustomizerFactory$DisableMetricExportContextCustomizer@5ef5c734, org.springframework.boot.test.autoconfigure.properties.PropertyMappingContextCustomizer@0, org.springframework.boot.test.autoconfigure.web.servlet.WebDriverContextCustomizerFactory$Customizer@479460a6], contextLoader = 'org.springframework.test.context.support.DelegatingSmartContextLoader', parent = [null]], attributes = map[[empty]]]].
12:00:33.451 [main] DEBUG org.springframework.test.context.cache.DefaultCacheAwareContextLoaderDelegate - Retrieved ApplicationContext [1659840424] from cache with key [[MergedContextConfiguration@e70f13a testClass = CDAParserTest, locations = '{}', classes = '{class io.oth.xdsgenerator.service.TestConfiguration}', contextInitializerClasses = '[]', activeProfiles = '{}', propertySourceLocations = '{}', propertySourceProperties = '{}', contextCustomizers = set[org.springframework.boot.test.context.filter.ExcludeFilterContextCustomizer@74a6f9c1, org.springframework.boot.test.json.DuplicateJsonObjectContextCustomizerFactory$DuplicateJsonObjectContextCustomizer@63611043, org.springframework.boot.test.mock.mockito.MockitoContextCustomizer@0, org.springframework.boot.test.autoconfigure.actuate.metrics.MetricsExportContextCustomizerFactory$DisableMetricExportContextCustomizer@5ef5c734, org.springframework.boot.test.autoconfigure.properties.PropertyMappingContextCustomizer@0, org.springframework.boot.test.autoconfigure.web.servlet.WebDriverContextCustomizerFactory$Customizer@479460a6], contextLoader = 'org.springframework.test.context.support.DelegatingSmartContextLoader', parent = [null]]]
12:00:33.451 [main] DEBUG org.springframework.test.context.cache - Spring test ApplicationContext cache statistics: [DefaultContextCache@285f09de size = 1, maxSize = 32, parentContextCount = 0, hitCount = 33, missCount = 1]
12:00:33.451 [main] DEBUG org.springframework.test.context.cache.DefaultCacheAwareContextLoaderDelegate - Retrieved ApplicationContext [1659840424] from cache with key [[MergedContextConfiguration@e70f13a testClass = CDAParserTest, locations = '{}', classes = '{class io.oth.xdsgenerator.service.TestConfiguration}', contextInitializerClasses = '[]', activeProfiles = '{}', propertySourceLocations = '{}', propertySourceProperties = '{}', contextCustomizers = set[org.springframework.boot.test.context.filter.ExcludeFilterContextCustomizer@74a6f9c1, org.springframework.boot.test.json.DuplicateJsonObjectContextCustomizerFactory$DuplicateJsonObjectContextCustomizer@63611043, org.springframework.boot.test.mock.mockito.MockitoContextCustomizer@0, org.springframework.boot.test.autoconfigure.actuate.metrics.MetricsExportContextCustomizerFactory$DisableMetricExportContextCustomizer@5ef5c734, org.springframework.boot.test.autoconfigure.properties.PropertyMappingContextCustomizer@0, org.springframework.boot.test.autoconfigure.web.servlet.WebDriverContextCustomizerFactory$Customizer@479460a6], contextLoader = 'org.springframework.test.context.support.DelegatingSmartContextLoader', parent = [null]]]
12:00:33.451 [main] DEBUG org.springframework.test.context.cache - Spring test ApplicationContext cache statistics: [DefaultContextCache@285f09de size = 1, maxSize = 32, parentContextCount = 0, hitCount = 34, missCount = 1]
12:00:33.452 [main] DEBUG org.springframework.test.context.support.AbstractDirtiesContextTestExecutionListener - Before test method: context [DefaultTestContext@2bd08376 testClass = CDAParserTest, testInstance = io.oth.xdsgenerator.service.cda.CDAParserTest@7a389761, testMethod = testCDA_QRD_KOL_Example_1_Matis@CDAParserTest, testException = [null], mergedContextConfiguration = [MergedContextConfiguration@e70f13a testClass = CDAParserTest, locations = '{}', classes = '{class io.oth.xdsgenerator.service.TestConfiguration}', contextInitializerClasses = '[]', activeProfiles = '{}', propertySourceLocations = '{}', propertySourceProperties = '{}', contextCustomizers = set[org.springframework.boot.test.context.filter.ExcludeFilterContextCustomizer@74a6f9c1, org.springframework.boot.test.json.DuplicateJsonObjectContextCustomizerFactory$DuplicateJsonObjectContextCustomizer@63611043, org.springframework.boot.test.mock.mockito.MockitoContextCustomizer@0, org.springframework.boot.test.autoconfigure.actuate.metrics.MetricsExportContextCustomizerFactory$DisableMetricExportContextCustomizer@5ef5c734, org.springframework.boot.test.autoconfigure.properties.PropertyMappingContextCustomizer@0, org.springframework.boot.test.autoconfigure.web.servlet.WebDriverContextCustomizerFactory$Customizer@479460a6], contextLoader = 'org.springframework.test.context.support.DelegatingSmartContextLoader', parent = [null]], attributes = map[[empty]]], class annotated with @DirtiesContext [false] with mode [null], method annotated with @DirtiesContext [false] with mode [null].
12:00:33.452 [main] DEBUG org.springframework.test.context.cache.DefaultCacheAwareContextLoaderDelegate - Retrieved ApplicationContext [1659840424] from cache with key [[MergedContextConfiguration@e70f13a testClass = CDAParserTest, locations = '{}', classes = '{class io.oth.xdsgenerator.service.TestConfiguration}', contextInitializerClasses = '[]', activeProfiles = '{}', propertySourceLocations = '{}', propertySourceProperties = '{}', contextCustomizers = set[org.springframework.boot.test.context.filter.ExcludeFilterContextCustomizer@74a6f9c1, org.springframework.boot.test.json.DuplicateJsonObjectContextCustomizerFactory$DuplicateJsonObjectContextCustomizer@63611043, org.springframework.boot.test.mock.mockito.MockitoContextCustomizer@0, org.springframework.boot.test.autoconfigure.actuate.metrics.MetricsExportContextCustomizerFactory$DisableMetricExportContextCustomizer@5ef5c734, org.springframework.boot.test.autoconfigure.properties.PropertyMappingContextCustomizer@0, org.springframework.boot.test.autoconfigure.web.servlet.WebDriverContextCustomizerFactory$Customizer@479460a6], contextLoader = 'org.springframework.test.context.support.DelegatingSmartContextLoader', parent = [null]]]
12:00:33.452 [main] DEBUG org.springframework.test.context.cache - Spring test ApplicationContext cache statistics: [DefaultContextCache@285f09de size = 1, maxSize = 32, parentContextCount = 0, hitCount = 35, missCount = 1]
12:00:33.452 [main] DEBUG org.springframework.test.context.cache.DefaultCacheAwareContextLoaderDelegate - Retrieved ApplicationContext [1659840424] from cache with key [[MergedContextConfiguration@e70f13a testClass = CDAParserTest, locations = '{}', classes = '{class io.oth.xdsgenerator.service.TestConfiguration}', contextInitializerClasses = '[]', activeProfiles = '{}', propertySourceLocations = '{}', propertySourceProperties = '{}', contextCustomizers = set[org.springframework.boot.test.context.filter.ExcludeFilterContextCustomizer@74a6f9c1, org.springframework.boot.test.json.DuplicateJsonObjectContextCustomizerFactory$DuplicateJsonObjectContextCustomizer@63611043, org.springframework.boot.test.mock.mockito.MockitoContextCustomizer@0, org.springframework.boot.test.autoconfigure.actuate.metrics.MetricsExportContextCustomizerFactory$DisableMetricExportContextCustomizer@5ef5c734, org.springframework.boot.test.autoconfigure.properties.PropertyMappingContextCustomizer@0, org.springframework.boot.test.autoconfigure.web.servlet.WebDriverContextCustomizerFactory$Customizer@479460a6], contextLoader = 'org.springframework.test.context.support.DelegatingSmartContextLoader', parent = [null]]]
12:00:33.452 [main] DEBUG org.springframework.test.context.cache - Spring test ApplicationContext cache statistics: [DefaultContextCache@285f09de size = 1, maxSize = 32, parentContextCount = 0, hitCount = 36, missCount = 1]
12:00:33.453 [main] DEBUG org.springframework.test.context.cache.DefaultCacheAwareContextLoaderDelegate - Retrieved ApplicationContext [1659840424] from cache with key [[MergedContextConfiguration@e70f13a testClass = CDAParserTest, locations = '{}', classes = '{class io.oth.xdsgenerator.service.TestConfiguration}', contextInitializerClasses = '[]', activeProfiles = '{}', propertySourceLocations = '{}', propertySourceProperties = '{}', contextCustomizers = set[org.springframework.boot.test.context.filter.ExcludeFilterContextCustomizer@74a6f9c1, org.springframework.boot.test.json.DuplicateJsonObjectContextCustomizerFactory$DuplicateJsonObjectContextCustomizer@63611043, org.springframework.boot.test.mock.mockito.MockitoContextCustomizer@0, org.springframework.boot.test.autoconfigure.actuate.metrics.MetricsExportContextCustomizerFactory$DisableMetricExportContextCustomizer@5ef5c734, org.springframework.boot.test.autoconfigure.properties.PropertyMappingContextCustomizer@0, org.springframework.boot.test.autoconfigure.web.servlet.WebDriverContextCustomizerFactory$Customizer@479460a6], contextLoader = 'org.springframework.test.context.support.DelegatingSmartContextLoader', parent = [null]]]
12:00:33.453 [main] DEBUG org.springframework.test.context.cache - Spring test ApplicationContext cache statistics: [DefaultContextCache@285f09de size = 1, maxSize = 32, parentContextCount = 0, hitCount = 37, missCount = 1]
12:00:33.454 [main] INFO io.oth.xdsgenerator.service.cda.CdaMetaDataFactory - Starting cda metadata map
12:00:33.454 [main] INFO io.oth.xdsgenerator.service.cda.CdaMetaDataFactory - Transfering metadata - null null
12:00:33.454 [main] DEBUG io.oth.xdsgenerator.service.cda.CdaMetaDataFactory - ClassCode is: io.oth.xdsgenerator.model.Code@42714a7
12:00:33.454 [main] DEBUG io.oth.xdsgenerator.service.cda.CdaMetaDataFactory - FormatCode isio.oth.xdsgenerator.model.Code@19650aa6
12:00:33.454 [main] DEBUG io.oth.xdsgenerator.service.cda.CdaMetaDataFactory - HealthcareFacilityTypeCode is: io.oth.xdsgenerator.model.Code@3ce53f6a
12:00:33.455 [main] DEBUG io.oth.xdsgenerator.service.cda.CdaMetaDataFactory - SubmissionTime is: Mon May 22 12:00:33 CEST 2023
12:00:33.455 [main] DEBUG io.oth.xdsgenerator.service.cda.CdaMetaDataFactory - PracticeSettingCode is: null
12:00:33.455 [main] DEBUG io.oth.xdsgenerator.service.cda.CdaMetaDataFactory - MimeType is: text/xml
12:00:33.455 [main] DEBUG io.oth.xdsgenerator.service.cda.CdaMetaDataFactory - Availabilitystatus is: APPROVED
12:00:33.455 [main] DEBUG io.oth.xdsgenerator.service.cda.CdaMetaDataFactory - Objecttype is: STABLE
12:00:33.455 [main] DEBUG io.oth.xdsgenerator.service.cda.CdaMetaDataFactory - Starting metadata mpa from document
12:00:33.458 [main] DEBUG io.oth.xdsgenerator.service.cda.CdaMetaDataFactory - io.oth.xdsgenerator.model.Code@2d82408
12:00:33.458 [main] DEBUG io.oth.xdsgenerator.service.cda.CdaMetaDataFactory - Berggren
12:00:33.458 [main] DEBUG io.oth.xdsgenerator.service.cda.CdaMetaDataFactory - Nancy
12:00:33.458 [main] DEBUG io.oth.xdsgenerator.service.cda.CdaMetaDataFactory - io.oth.xdsgenerator.model.Code@3ee69ad8
12:00:33.458 [main] DEBUG io.oth.xdsgenerator.service.cda.CdaMetaDataFactory - Thu Jun 09 14:45:10 CEST 2016
12:00:33.458 [main] DEBUG io.oth.xdsgenerator.service.cda.CdaMetaDataFactory - da-DK
12:00:33.458 [main] DEBUG io.oth.xdsgenerator.service.cda.CdaMetaDataFactory - io.oth.xdsgenerator.model.Code@f679798
12:00:33.458 [main] DEBUG io.oth.xdsgenerator.service.cda.CdaMetaDataFactory - io.oth.xdsgenerator.model.Code@1a6cf771
12:00:33.458 [main] DEBUG io.oth.xdsgenerator.service.cda.CdaMetaDataFactory - Berggren
12:00:33.458 [main] DEBUG io.oth.xdsgenerator.service.cda.CdaMetaDataFactory - Nancy
12:00:33.458 [main] DEBUG io.oth.xdsgenerator.service.cda.CdaMetaDataFactory - Sat Dec 25 00:00:00 CET 1948
12:00:33.458 [main] DEBUG io.oth.xdsgenerator.service.cda.CdaMetaDataFactory - F
12:00:33.459 [main] DEBUG io.oth.xdsgenerator.service.cda.CdaMetaDataFactory - KOL spørgeskema
12:00:33.459 [main] DEBUG io.oth.xdsgenerator.service.cda.CdaMetaDataFactory - io.oth.xdsgenerator.model.Code@59d77850
12:00:33.459 [main] DEBUG io.oth.xdsgenerator.service.cda.CdaMetaDataFactory - Returning metadata mpa from document
12:00:33.459 [main] DEBUG io.oth.xdsgenerator.service.cda.CdaMetaDataFactory - After getMetadataFromDocument()
12:00:33.459 [main] DEBUG io.oth.xdsgenerator.service.cda.CdaMetaDataFactory - ClassCode is: io.oth.xdsgenerator.model.Code@42714a7
12:00:33.459 [main] DEBUG io.oth.xdsgenerator.service.cda.CdaMetaDataFactory - FormatCode is io.oth.xdsgenerator.model.Code@19650aa6
12:00:33.459 [main] DEBUG io.oth.xdsgenerator.service.cda.CdaMetaDataFactory - HealthcareFacilityTypeCode is: io.oth.xdsgenerator.model.Code@3ce53f6a
12:00:33.459 [main] DEBUG io.oth.xdsgenerator.service.cda.CdaMetaDataFactory - SubmissionTime is: Mon May 22 12:00:33 CEST 2023
12:00:33.459 [main] DEBUG io.oth.xdsgenerator.service.cda.CdaMetaDataFactory - PracticeSettingCode is: null
12:00:33.459 [main] DEBUG io.oth.xdsgenerator.service.cda.CdaMetaDataFactory - MimeType is: text/xml
12:00:33.459 [main] DEBUG io.oth.xdsgenerator.service.cda.CdaMetaDataFactory - Availabilitystatus is: APPROVED
12:00:33.459 [main] DEBUG io.oth.xdsgenerator.service.cda.CdaMetaDataFactory - Objecttype is: STABLE
12:00:33.459 [main] INFO io.oth.xdsgenerator.service.cda.CdaMetaDataFactory - Unique ID: edb802b0-2e36-11e6-bdf4-0800200c9a66^1.2.208.184
12:00:33.459 [main] DEBUG io.oth.xdsgenerator.service.cda.CdaMetaDataFactory - Returning from  cda metadata map
12:00:33.460 [main] DEBUG org.springframework.test.context.cache.DefaultCacheAwareContextLoaderDelegate - Retrieved ApplicationContext [1659840424] from cache with key [[MergedContextConfiguration@e70f13a testClass = CDAParserTest, locations = '{}', classes = '{class io.oth.xdsgenerator.service.TestConfiguration}', contextInitializerClasses = '[]', activeProfiles = '{}', propertySourceLocations = '{}', propertySourceProperties = '{}', contextCustomizers = set[org.springframework.boot.test.context.filter.ExcludeFilterContextCustomizer@74a6f9c1, org.springframework.boot.test.json.DuplicateJsonObjectContextCustomizerFactory$DuplicateJsonObjectContextCustomizer@63611043, org.springframework.boot.test.mock.mockito.MockitoContextCustomizer@0, org.springframework.boot.test.autoconfigure.actuate.metrics.MetricsExportContextCustomizerFactory$DisableMetricExportContextCustomizer@5ef5c734, org.springframework.boot.test.autoconfigure.properties.PropertyMappingContextCustomizer@0, org.springframework.boot.test.autoconfigure.web.servlet.WebDriverContextCustomizerFactory$Customizer@479460a6], contextLoader = 'org.springframework.test.context.support.DelegatingSmartContextLoader', parent = [null]]]
12:00:33.460 [main] DEBUG org.springframework.test.context.cache - Spring test ApplicationContext cache statistics: [DefaultContextCache@285f09de size = 1, maxSize = 32, parentContextCount = 0, hitCount = 38, missCount = 1]
12:00:33.461 [main] DEBUG org.springframework.test.context.cache.DefaultCacheAwareContextLoaderDelegate - Retrieved ApplicationContext [1659840424] from cache with key [[MergedContextConfiguration@e70f13a testClass = CDAParserTest, locations = '{}', classes = '{class io.oth.xdsgenerator.service.TestConfiguration}', contextInitializerClasses = '[]', activeProfiles = '{}', propertySourceLocations = '{}', propertySourceProperties = '{}', contextCustomizers = set[org.springframework.boot.test.context.filter.ExcludeFilterContextCustomizer@74a6f9c1, org.springframework.boot.test.json.DuplicateJsonObjectContextCustomizerFactory$DuplicateJsonObjectContextCustomizer@63611043, org.springframework.boot.test.mock.mockito.MockitoContextCustomizer@0, org.springframework.boot.test.autoconfigure.actuate.metrics.MetricsExportContextCustomizerFactory$DisableMetricExportContextCustomizer@5ef5c734, org.springframework.boot.test.autoconfigure.properties.PropertyMappingContextCustomizer@0, org.springframework.boot.test.autoconfigure.web.servlet.WebDriverContextCustomizerFactory$Customizer@479460a6], contextLoader = 'org.springframework.test.context.support.DelegatingSmartContextLoader', parent = [null]]]
12:00:33.461 [main] DEBUG org.springframework.test.context.cache - Spring test ApplicationContext cache statistics: [DefaultContextCache@285f09de size = 1, maxSize = 32, parentContextCount = 0, hitCount = 39, missCount = 1]
12:00:33.461 [main] DEBUG org.springframework.test.context.cache.DefaultCacheAwareContextLoaderDelegate - Retrieved ApplicationContext [1659840424] from cache with key [[MergedContextConfiguration@e70f13a testClass = CDAParserTest, locations = '{}', classes = '{class io.oth.xdsgenerator.service.TestConfiguration}', contextInitializerClasses = '[]', activeProfiles = '{}', propertySourceLocations = '{}', propertySourceProperties = '{}', contextCustomizers = set[org.springframework.boot.test.context.filter.ExcludeFilterContextCustomizer@74a6f9c1, org.springframework.boot.test.json.DuplicateJsonObjectContextCustomizerFactory$DuplicateJsonObjectContextCustomizer@63611043, org.springframework.boot.test.mock.mockito.MockitoContextCustomizer@0, org.springframework.boot.test.autoconfigure.actuate.metrics.MetricsExportContextCustomizerFactory$DisableMetricExportContextCustomizer@5ef5c734, org.springframework.boot.test.autoconfigure.properties.PropertyMappingContextCustomizer@0, org.springframework.boot.test.autoconfigure.web.servlet.WebDriverContextCustomizerFactory$Customizer@479460a6], contextLoader = 'org.springframework.test.context.support.DelegatingSmartContextLoader', parent = [null]]]
12:00:33.461 [main] DEBUG org.springframework.test.context.cache - Spring test ApplicationContext cache statistics: [DefaultContextCache@285f09de size = 1, maxSize = 32, parentContextCount = 0, hitCount = 40, missCount = 1]
12:00:33.461 [main] DEBUG org.springframework.test.context.cache.DefaultCacheAwareContextLoaderDelegate - Retrieved ApplicationContext [1659840424] from cache with key [[MergedContextConfiguration@e70f13a testClass = CDAParserTest, locations = '{}', classes = '{class io.oth.xdsgenerator.service.TestConfiguration}', contextInitializerClasses = '[]', activeProfiles = '{}', propertySourceLocations = '{}', propertySourceProperties = '{}', contextCustomizers = set[org.springframework.boot.test.context.filter.ExcludeFilterContextCustomizer@74a6f9c1, org.springframework.boot.test.json.DuplicateJsonObjectContextCustomizerFactory$DuplicateJsonObjectContextCustomizer@63611043, org.springframework.boot.test.mock.mockito.MockitoContextCustomizer@0, org.springframework.boot.test.autoconfigure.actuate.metrics.MetricsExportContextCustomizerFactory$DisableMetricExportContextCustomizer@5ef5c734, org.springframework.boot.test.autoconfigure.properties.PropertyMappingContextCustomizer@0, org.springframework.boot.test.autoconfigure.web.servlet.WebDriverContextCustomizerFactory$Customizer@479460a6], contextLoader = 'org.springframework.test.context.support.DelegatingSmartContextLoader', parent = [null]]]
12:00:33.461 [main] DEBUG org.springframework.test.context.cache - Spring test ApplicationContext cache statistics: [DefaultContextCache@285f09de size = 1, maxSize = 32, parentContextCount = 0, hitCount = 41, missCount = 1]
12:00:33.462 [main] DEBUG org.springframework.test.context.cache.DefaultCacheAwareContextLoaderDelegate - Retrieved ApplicationContext [1659840424] from cache with key [[MergedContextConfiguration@e70f13a testClass = CDAParserTest, locations = '{}', classes = '{class io.oth.xdsgenerator.service.TestConfiguration}', contextInitializerClasses = '[]', activeProfiles = '{}', propertySourceLocations = '{}', propertySourceProperties = '{}', contextCustomizers = set[org.springframework.boot.test.context.filter.ExcludeFilterContextCustomizer@74a6f9c1, org.springframework.boot.test.json.DuplicateJsonObjectContextCustomizerFactory$DuplicateJsonObjectContextCustomizer@63611043, org.springframework.boot.test.mock.mockito.MockitoContextCustomizer@0, org.springframework.boot.test.autoconfigure.actuate.metrics.MetricsExportContextCustomizerFactory$DisableMetricExportContextCustomizer@5ef5c734, org.springframework.boot.test.autoconfigure.properties.PropertyMappingContextCustomizer@0, org.springframework.boot.test.autoconfigure.web.servlet.WebDriverContextCustomizerFactory$Customizer@479460a6], contextLoader = 'org.springframework.test.context.support.DelegatingSmartContextLoader', parent = [null]]]
12:00:33.462 [main] DEBUG org.springframework.test.context.cache - Spring test ApplicationContext cache statistics: [DefaultContextCache@285f09de size = 1, maxSize = 32, parentContextCount = 0, hitCount = 42, missCount = 1]
12:00:33.462 [main] DEBUG org.springframework.test.context.cache.DefaultCacheAwareContextLoaderDelegate - Retrieved ApplicationContext [1659840424] from cache with key [[MergedContextConfiguration@e70f13a testClass = CDAParserTest, locations = '{}', classes = '{class io.oth.xdsgenerator.service.TestConfiguration}', contextInitializerClasses = '[]', activeProfiles = '{}', propertySourceLocations = '{}', propertySourceProperties = '{}', contextCustomizers = set[org.springframework.boot.test.context.filter.ExcludeFilterContextCustomizer@74a6f9c1, org.springframework.boot.test.json.DuplicateJsonObjectContextCustomizerFactory$DuplicateJsonObjectContextCustomizer@63611043, org.springframework.boot.test.mock.mockito.MockitoContextCustomizer@0, org.springframework.boot.test.autoconfigure.actuate.metrics.MetricsExportContextCustomizerFactory$DisableMetricExportContextCustomizer@5ef5c734, org.springframework.boot.test.autoconfigure.properties.PropertyMappingContextCustomizer@0, org.springframework.boot.test.autoconfigure.web.servlet.WebDriverContextCustomizerFactory$Customizer@479460a6], contextLoader = 'org.springframework.test.context.support.DelegatingSmartContextLoader', parent = [null]]]
12:00:33.463 [main] DEBUG org.springframework.test.context.cache - Spring test ApplicationContext cache statistics: [DefaultContextCache@285f09de size = 1, maxSize = 32, parentContextCount = 0, hitCount = 43, missCount = 1]
12:00:33.463 [main] DEBUG org.springframework.test.context.support.AbstractDirtiesContextTestExecutionListener - After test method: context [DefaultTestContext@2bd08376 testClass = CDAParserTest, testInstance = io.oth.xdsgenerator.service.cda.CDAParserTest@7a389761, testMethod = testCDA_QRD_KOL_Example_1_Matis@CDAParserTest, testException = [null], mergedContextConfiguration = [MergedContextConfiguration@e70f13a testClass = CDAParserTest, locations = '{}', classes = '{class io.oth.xdsgenerator.service.TestConfiguration}', contextInitializerClasses = '[]', activeProfiles = '{}', propertySourceLocations = '{}', propertySourceProperties = '{}', contextCustomizers = set[org.springframework.boot.test.context.filter.ExcludeFilterContextCustomizer@74a6f9c1, org.springframework.boot.test.json.DuplicateJsonObjectContextCustomizerFactory$DuplicateJsonObjectContextCustomizer@63611043, org.springframework.boot.test.mock.mockito.MockitoContextCustomizer@0, org.springframework.boot.test.autoconfigure.actuate.metrics.MetricsExportContextCustomizerFactory$DisableMetricExportContextCustomizer@5ef5c734, org.springframework.boot.test.autoconfigure.properties.PropertyMappingContextCustomizer@0, org.springframework.boot.test.autoconfigure.web.servlet.WebDriverContextCustomizerFactory$Customizer@479460a6], contextLoader = 'org.springframework.test.context.support.DelegatingSmartContextLoader', parent = [null]], attributes = map[[empty]]], class annotated with @DirtiesContext [false] with mode [null], method annotated with @DirtiesContext [false] with mode [null].
]]></system-out>
  </testcase>
</testsuite>