<?xml version="1.0" encoding="UTF-8"?>
<testsuite xmlns:xsi="http://www.w3.org/2001/XMLSchema-instance" xsi:noNamespaceSchemaLocation="https://maven.apache.org/surefire/maven-surefire-plugin/xsd/surefire-test-report-3.0.xsd" version="3.0" name="io.oth.xdsgenerator.model.kih.AddressPostalTest" time="0.009" tests="2" errors="0" skipped="0" failures="0">
  <properties>
    <property name="sun.desktop" value="gnome"/>
    <property name="awt.toolkit" value="sun.awt.X11.XToolkit"/>
    <property name="java.specification.version" value="11"/>
    <property name="sun.cpu.isalist" value=""/>
    <property name="sun.jnu.encoding" value="UTF-8"/>
    <property name="java.class.path" value="/home/simon/Git/kih-xds-generator/target/test-classes:/home/simon/Git/kih-xds-generator/target/classes:/home/simon/.m2/repository/dk/sosi/seal/1.0/seal-1.0.jar:/home/simon/.m2/repository/dk/s4/hl7/cda/1.0/cda-1.0.jar:/home/simon/.m2/repository/dk/s4/hl7/util/1.0/util-1.0.jar:/home/simon/.m2/repository/org/apache/santuario/xmlsec/1.4.8/xmlsec-1.4.8.jar:/home/simon/.m2/repository/org/apache/ws/security/wss4j/1.5.12/wss4j-1.5.12.jar:/home/simon/.m2/repository/xalan/xalan/2.7.1/xalan-2.7.1.jar:/home/simon/.m2/repository/xalan/serializer/2.7.1/serializer-2.7.1.jar:/home/simon/.m2/repository/xml-apis/xml-apis/1.3.04/xml-apis-1.3.04.jar:/home/simon/.m2/repository/javax/activation/activation/1.1.1/activation-1.1.1.jar:/home/simon/.m2/repository/javax/xml/ws/jaxws-api/2.3.1/jaxws-api-2.3.1.jar:/home/simon/.m2/repository/javax/xml/bind/jaxb-api/2.3.1/jaxb-api-2.3.1.jar:/home/simon/.m2/repository/javax/activation/javax.activation-api/1.2.0/javax.activation-api-1.2.0.jar:/home/simon/.m2/repository/javax/xml/soap/javax.xml.soap-api/1.4.0/javax.xml.soap-api-1.4.0.jar:/home/simon/.m2/repository/javax/annotation/javax.annotation-api/1.3.2/javax.annotation-api-1.3.2.jar:/home/simon/.m2/repository/com/unboundid/unboundid-ldapsdk-minimal-edition/3.2.1/unboundid-ldapsdk-minimal-edition-3.2.1.jar:/home/simon/.m2/repository/org/springframework/boot/spring-boot-starter-actuator/2.4.0/spring-boot-starter-actuator-2.4.0.jar:/home/simon/.m2/repository/org/springframework/boot/spring-boot-starter/2.4.0/spring-boot-starter-2.4.0.jar:/home/simon/.m2/repository/org/springframework/boot/spring-boot/2.4.0/spring-boot-2.4.0.jar:/home/simon/.m2/repository/org/springframework/boot/spring-boot-autoconfigure/2.4.0/spring-boot-autoconfigure-2.4.0.jar:/home/simon/.m2/repository/org/springframework/boot/spring-boot-starter-logging/2.4.0/spring-boot-starter-logging-2.4.0.jar:/home/simon/.m2/repository/ch/qos/logback/logback-classic/1.2.3/logback-classic-1.2.3.jar:/home/simon/.m2/repository/ch/qos/logback/logback-core/1.2.3/logback-core-1.2.3.jar:/home/simon/.m2/repository/org/apache/logging/log4j/log4j-to-slf4j/2.13.3/log4j-to-slf4j-2.13.3.jar:/home/simon/.m2/repository/org/apache/logging/log4j/log4j-api/2.13.3/log4j-api-2.13.3.jar:/home/simon/.m2/repository/org/slf4j/jul-to-slf4j/1.7.30/jul-to-slf4j-1.7.30.jar:/home/simon/.m2/repository/jakarta/annotation/jakarta.annotation-api/1.3.5/jakarta.annotation-api-1.3.5.jar:/home/simon/.m2/repository/org/yaml/snakeyaml/1.27/snakeyaml-1.27.jar:/home/simon/.m2/repository/org/springframework/boot/spring-boot-actuator-autoconfigure/2.4.0/spring-boot-actuator-autoconfigure-2.4.0.jar:/home/simon/.m2/repository/org/springframework/boot/spring-boot-actuator/2.4.0/spring-boot-actuator-2.4.0.jar:/home/simon/.m2/repository/com/fasterxml/jackson/core/jackson-databind/2.11.3/jackson-databind-2.11.3.jar:/home/simon/.m2/repository/com/fasterxml/jackson/core/jackson-annotations/2.11.3/jackson-annotations-2.11.3.jar:/home/simon/.m2/repository/com/fasterxml/jackson/core/jackson-core/2.11.3/jackson-core-2.11.3.jar:/home/simon/.m2/repository/com/fasterxml/jackson/datatype/jackson-datatype-jsr310/2.11.3/jackson-datatype-jsr310-2.11.3.jar:/home/simon/.m2/repository/io/micrometer/micrometer-core/1.6.1/micrometer-core-1.6.1.jar:/home/simon/.m2/repository/org/hdrhistogram/HdrHistogram/2.1.12/HdrHistogram-2.1.12.jar:/home/simon/.m2/repository/org/latencyutils/LatencyUtils/2.0.3/LatencyUtils-2.0.3.jar:/home/simon/.m2/repository/org/springframework/boot/spring-boot-starter-web-services/2.4.0/spring-boot-starter-web-services-2.4.0.jar:/home/simon/.m2/repository/org/springframework/boot/spring-boot-starter-web/2.4.0/spring-boot-starter-web-2.4.0.jar:/home/simon/.m2/repository/org/springframework/boot/spring-boot-starter-json/2.4.0/spring-boot-starter-json-2.4.0.jar:/home/simon/.m2/repository/com/fasterxml/jackson/datatype/jackson-datatype-jdk8/2.11.3/jackson-datatype-jdk8-2.11.3.jar:/home/simon/.m2/repository/com/fasterxml/jackson/module/jackson-module-parameter-names/2.11.3/jackson-module-parameter-names-2.11.3.jar:/home/simon/.m2/repository/org/springframework/boot/spring-boot-starter-tomcat/2.4.0/spring-boot-starter-tomcat-2.4.0.jar:/home/simon/.m2/repository/org/apache/tomcat/embed/tomcat-embed-core/9.0.39/tomcat-embed-core-9.0.39.jar:/home/simon/.m2/repository/org/glassfish/jakarta.el/3.0.3/jakarta.el-3.0.3.jar:/home/simon/.m2/repository/org/apache/tomcat/embed/tomcat-embed-websocket/9.0.39/tomcat-embed-websocket-9.0.39.jar:/home/simon/.m2/repository/org/springframework/spring-web/5.3.1/spring-web-5.3.1.jar:/home/simon/.m2/repository/org/springframework/spring-webmvc/5.3.1/spring-webmvc-5.3.1.jar:/home/simon/.m2/repository/com/sun/xml/messaging/saaj/saaj-impl/1.5.2/saaj-impl-1.5.2.jar:/home/simon/.m2/repository/jakarta/xml/soap/jakarta.xml.soap-api/1.4.2/jakarta.xml.soap-api-1.4.2.jar:/home/simon/.m2/repository/org/jvnet/staxex/stax-ex/1.8.3/stax-ex-1.8.3.jar:/home/simon/.m2/repository/com/sun/activation/jakarta.activation/1.2.2/jakarta.activation-1.2.2.jar:/home/simon/.m2/repository/jakarta/xml/ws/jakarta.xml.ws-api/2.3.3/jakarta.xml.ws-api-2.3.3.jar:/home/simon/.m2/repository/jakarta/jws/jakarta.jws-api/2.1.0/jakarta.jws-api-2.1.0.jar:/home/simon/.m2/repository/org/springframework/spring-oxm/5.3.1/spring-oxm-5.3.1.jar:/home/simon/.m2/repository/org/springframework/spring-beans/5.3.1/spring-beans-5.3.1.jar:/home/simon/.m2/repository/org/springframework/ws/spring-ws-core/3.0.10.RELEASE/spring-ws-core-3.0.10.RELEASE.jar:/home/simon/.m2/repository/org/springframework/ws/spring-xml/3.0.10.RELEASE/spring-xml-3.0.10.RELEASE.jar:/home/simon/.m2/repository/org/springframework/spring-aop/5.3.1/spring-aop-5.3.1.jar:/home/simon/.m2/repository/org/openehealth/ipf/commons/ipf-commons-ihe-xds/3.0.4/ipf-commons-ihe-xds-3.0.4.jar:/home/simon/.m2/repository/org/openehealth/ipf/commons/ipf-commons-ihe-ws/3.0.4/ipf-commons-ihe-ws-3.0.4.jar:/home/simon/.m2/repository/org/apache/cxf/cxf-rt-bindings-soap/3.0.4/cxf-rt-bindings-soap-3.0.4.jar:/home/simon/.m2/repository/org/apache/cxf/cxf-rt-wsdl/3.0.4/cxf-rt-wsdl-3.0.4.jar:/home/simon/.m2/repository/wsdl4j/wsdl4j/1.6.3/wsdl4j-1.6.3.jar:/home/simon/.m2/repository/org/apache/cxf/cxf-rt-databinding-jaxb/3.0.4/cxf-rt-databinding-jaxb-3.0.4.jar:/home/simon/.m2/repository/org/apache/cxf/cxf-rt-frontend-simple/3.0.4/cxf-rt-frontend-simple-3.0.4.jar:/home/simon/.m2/repository/org/apache/cxf/cxf-rt-frontend-jaxws/3.0.4/cxf-rt-frontend-jaxws-3.0.4.jar:/home/simon/.m2/repository/xml-resolver/xml-resolver/1.2/xml-resolver-1.2.jar:/home/simon/.m2/repository/org/apache/cxf/cxf-rt-bindings-xml/3.0.4/cxf-rt-bindings-xml-3.0.4.jar:/home/simon/.m2/repository/org/apache/cxf/cxf-rt-ws-addr/3.0.4/cxf-rt-ws-addr-3.0.4.jar:/home/simon/.m2/repository/org/apache/cxf/cxf-rt-ws-policy/3.0.4/cxf-rt-ws-policy-3.0.4.jar:/home/simon/.m2/repository/org/apache/neethi/neethi/3.0.3/neethi-3.0.3.jar:/home/simon/.m2/repository/org/apache/cxf/cxf-rt-transports-http/3.0.4/cxf-rt-transports-http-3.0.4.jar:/home/simon/.m2/repository/net/sf/ehcache/ehcache/2.10.6/ehcache-2.10.6.jar:/home/simon/.m2/repository/org/glassfish/jaxb/jaxb-runtime/2.3.3/jaxb-runtime-2.3.3.jar:/home/simon/.m2/repository/org/glassfish/jaxb/txw2/2.3.3/txw2-2.3.3.jar:/home/simon/.m2/repository/com/sun/istack/istack-commons-runtime/3.0.11/istack-commons-runtime-3.0.11.jar:/home/simon/.m2/repository/org/opensaml/opensaml/2.6.1/opensaml-2.6.1.jar:/home/simon/.m2/repository/org/opensaml/openws/1.5.1/openws-1.5.1.jar:/home/simon/.m2/repository/org/opensaml/xmltooling/1.4.1/xmltooling-1.4.1.jar:/home/simon/.m2/repository/commons-codec/commons-codec/1.15/commons-codec-1.15.jar:/home/simon/.m2/repository/commons-collections/commons-collections/3.2.1/commons-collections-3.2.1.jar:/home/simon/.m2/repository/commons-lang/commons-lang/2.6/commons-lang-2.6.jar:/home/simon/.m2/repository/org/apache/velocity/velocity/1.7/velocity-1.7.jar:/home/simon/.m2/repository/org/owasp/esapi/esapi/2.0.1/esapi-2.0.1.jar:/home/simon/.m2/repository/joda-time/joda-time/2.2/joda-time-2.2.jar:/home/simon/.m2/repository/ca/juliusdavies/not-yet-commons-ssl/0.3.11/not-yet-commons-ssl-0.3.11.jar:/home/simon/.m2/repository/org/bouncycastle/bcprov-jdk15on/1.50/bcprov-jdk15on-1.50.jar:/home/simon/.m2/repository/ca/uhn/hapi/hapi-base/2.2/hapi-base-2.2.jar:/home/simon/.m2/repository/ca/uhn/hapi/hapi-structures-v25/2.2/hapi-structures-v25-2.2.jar:/home/simon/.m2/repository/org/jdom/jdom/2.0.2/jdom-2.0.2.jar:/home/simon/.m2/repository/org/apache/cxf/cxf-core/3.0.4/cxf-core-3.0.4.jar:/home/simon/.m2/repository/org/codehaus/woodstox/woodstox-core-asl/4.4.1/woodstox-core-asl-4.4.1.jar:/home/simon/.m2/repository/org/codehaus/woodstox/stax2-api/3.1.4/stax2-api-3.1.4.jar:/home/simon/.m2/repository/org/apache/ws/xmlschema/xmlschema-core/2.2.1/xmlschema-core-2.2.1.jar:/home/simon/.m2/repository/org/openehealth/ipf/commons/ipf-commons-ihe-core/3.0.4/ipf-commons-ihe-core-3.0.4.jar:/home/simon/.m2/repository/org/openehealth/ipf/oht/atna/ipf-oht-atna-auditor/3.0.2/ipf-oht-atna-auditor-3.0.2.jar:/home/simon/.m2/repository/org/openehealth/ipf/oht/atna/ipf-oht-atna-nodeauth/3.0.2/ipf-oht-atna-nodeauth-3.0.2.jar:/home/simon/.m2/repository/org/openehealth/ipf/oht/atna/ipf-oht-atna-context/3.0.2/ipf-oht-atna-context-3.0.2.jar:/home/simon/.m2/repository/org/openehealth/ipf/oht/atna/ipf-oht-util/3.0.2/ipf-oht-util-3.0.2.jar:/home/simon/.m2/repository/commons-httpclient/commons-httpclient/3.1/commons-httpclient-3.1.jar:/home/simon/.m2/repository/commons-logging/commons-logging/1.0.4/commons-logging-1.0.4.jar:/home/simon/.m2/repository/org/apache/commons/commons-lang3/3.11/commons-lang3-3.11.jar:/home/simon/.m2/repository/org/springframework/spring-context/5.3.1/spring-context-5.3.1.jar:/home/simon/.m2/repository/org/springframework/spring-expression/5.3.1/spring-expression-5.3.1.jar:/home/simon/.m2/repository/commons-io/commons-io/2.4/commons-io-2.4.jar:/home/simon/.m2/repository/org/slf4j/slf4j-api/1.7.30/slf4j-api-1.7.30.jar:/home/simon/.m2/repository/org/openehealth/ipf/commons/ipf-commons-core/3.0.4/ipf-commons-core-3.0.4.jar:/home/simon/.m2/repository/org/springframework/spring-core/5.3.1/spring-core-5.3.1.jar:/home/simon/.m2/repository/org/springframework/spring-jcl/5.3.1/spring-jcl-5.3.1.jar:/home/simon/.m2/repository/org/junit/jupiter/junit-jupiter/5.5.2/junit-jupiter-5.5.2.jar:/home/simon/.m2/repository/org/junit/jupiter/junit-jupiter-api/5.7.0/junit-jupiter-api-5.7.0.jar:/home/simon/.m2/repository/org/apiguardian/apiguardian-api/1.1.0/apiguardian-api-1.1.0.jar:/home/simon/.m2/repository/org/opentest4j/opentest4j/1.2.0/opentest4j-1.2.0.jar:/home/simon/.m2/repository/org/junit/platform/junit-platform-commons/1.7.0/junit-platform-commons-1.7.0.jar:/home/simon/.m2/repository/org/junit/jupiter/junit-jupiter-params/5.7.0/junit-jupiter-params-5.7.0.jar:/home/simon/.m2/repository/org/junit/jupiter/junit-jupiter-engine/5.7.0/junit-jupiter-engine-5.7.0.jar:/home/simon/.m2/repository/org/junit/platform/junit-platform-engine/1.7.0/junit-platform-engine-1.7.0.jar:/home/simon/.m2/repository/org/springframework/boot/spring-boot-starter-test/2.4.0/spring-boot-starter-test-2.4.0.jar:/home/simon/.m2/repository/org/springframework/boot/spring-boot-test/2.4.0/spring-boot-test-2.4.0.jar:/home/simon/.m2/repository/org/springframework/boot/spring-boot-test-autoconfigure/2.4.0/spring-boot-test-autoconfigure-2.4.0.jar:/home/simon/.m2/repository/com/jayway/jsonpath/json-path/2.4.0/json-path-2.4.0.jar:/home/simon/.m2/repository/net/minidev/json-smart/2.3/json-smart-2.3.jar:/home/simon/.m2/repository/net/minidev/accessors-smart/1.2/accessors-smart-1.2.jar:/home/simon/.m2/repository/org/ow2/asm/asm/5.0.4/asm-5.0.4.jar:/home/simon/.m2/repository/jakarta/xml/bind/jakarta.xml.bind-api/2.3.3/jakarta.xml.bind-api-2.3.3.jar:/home/simon/.m2/repository/jakarta/activation/jakarta.activation-api/1.2.2/jakarta.activation-api-1.2.2.jar:/home/simon/.m2/repository/org/assertj/assertj-core/3.18.1/assertj-core-3.18.1.jar:/home/simon/.m2/repository/org/hamcrest/hamcrest/2.2/hamcrest-2.2.jar:/home/simon/.m2/repository/org/mockito/mockito-core/3.6.0/mockito-core-3.6.0.jar:/home/simon/.m2/repository/net/bytebuddy/byte-buddy/1.10.18/byte-buddy-1.10.18.jar:/home/simon/.m2/repository/net/bytebuddy/byte-buddy-agent/1.10.18/byte-buddy-agent-1.10.18.jar:/home/simon/.m2/repository/org/objenesis/objenesis/3.1/objenesis-3.1.jar:/home/simon/.m2/repository/org/mockito/mockito-junit-jupiter/3.6.0/mockito-junit-jupiter-3.6.0.jar:/home/simon/.m2/repository/org/skyscreamer/jsonassert/1.5.0/jsonassert-1.5.0.jar:/home/simon/.m2/repository/com/vaadin/external/google/android-json/0.0.20131108.vaadin1/android-json-0.0.20131108.vaadin1.jar:/home/simon/.m2/repository/org/springframework/spring-test/5.3.1/spring-test-5.3.1.jar:/home/simon/.m2/repository/org/xmlunit/xmlunit-core/2.7.0/xmlunit-core-2.7.0.jar:"/>
    <property name="java.vm.vendor" value="Amazon.com Inc."/>
    <property name="sun.arch.data.model" value="64"/>
    <property name="java.vendor.url" value="https://aws.amazon.com/corretto/"/>
    <property name="user.timezone" value="Europe/Copenhagen"/>
    <property name="java.vm.specification.version" value="11"/>
    <property name="os.name" value="Linux"/>
    <property name="sun.java.launcher" value="SUN_STANDARD"/>
    <property name="user.country" value="US"/>
    <property name="sun.boot.library.path" value="/home/simon/.sdkman/candidates/java/11.0.19-amzn/lib"/>
    <property name="sun.java.command" value="/home/simon/Git/kih-xds-generator/target/surefire/surefirebooter-20230522120032458_3.jar /home/simon/Git/kih-xds-generator/target/surefire 2023-05-22T12-00-32_368-jvmRun1 surefire-20230522120032458_1tmp surefire_0-20230522120032458_2tmp"/>
    <property name="jdk.debug" value="release"/>
    <property name="surefire.test.class.path" value="/home/simon/Git/kih-xds-generator/target/test-classes:/home/simon/Git/kih-xds-generator/target/classes:/home/simon/.m2/repository/dk/sosi/seal/1.0/seal-1.0.jar:/home/simon/.m2/repository/dk/s4/hl7/cda/1.0/cda-1.0.jar:/home/simon/.m2/repository/dk/s4/hl7/util/1.0/util-1.0.jar:/home/simon/.m2/repository/org/apache/santuario/xmlsec/1.4.8/xmlsec-1.4.8.jar:/home/simon/.m2/repository/org/apache/ws/security/wss4j/1.5.12/wss4j-1.5.12.jar:/home/simon/.m2/repository/xalan/xalan/2.7.1/xalan-2.7.1.jar:/home/simon/.m2/repository/xalan/serializer/2.7.1/serializer-2.7.1.jar:/home/simon/.m2/repository/xml-apis/xml-apis/1.3.04/xml-apis-1.3.04.jar:/home/simon/.m2/repository/javax/activation/activation/1.1.1/activation-1.1.1.jar:/home/simon/.m2/repository/javax/xml/ws/jaxws-api/2.3.1/jaxws-api-2.3.1.jar:/home/simon/.m2/repository/javax/xml/bind/jaxb-api/2.3.1/jaxb-api-2.3.1.jar:/home/simon/.m2/repository/javax/activation/javax.activation-api/1.2.0/javax.activation-api-1.2.0.jar:/home/simon/.m2/repository/javax/xml/soap/javax.xml.soap-api/1.4.0/javax.xml.soap-api-1.4.0.jar:/home/simon/.m2/repository/javax/annotation/javax.annotation-api/1.3.2/javax.annotation-api-1.3.2.jar:/home/simon/.m2/repository/com/unboundid/unboundid-ldapsdk-minimal-edition/3.2.1/unboundid-ldapsdk-minimal-edition-3.2.1.jar:/home/simon/.m2/repository/org/springframework/boot/spring-boot-starter-actuator/2.4.0/spring-boot-starter-actuator-2.4.0.jar:/home/simon/.m2/repository/org/springframework/boot/spring-boot-starter/2.4.0/spring-boot-starter-2.4.0.jar:/home/simon/.m2/repository/org/springframework/boot/spring-boot/2.4.0/spring-boot-2.4.0.jar:/home/simon/.m2/repository/org/springframework/boot/spring-boot-autoconfigure/2.4.0/spring-boot-autoconfigure-2.4.0.jar:/home/simon/.m2/repository/org/springframework/boot/spring-boot-starter-logging/2.4.0/spring-boot-starter-logging-2.4.0.jar:/home/simon/.m2/repository/ch/qos/logback/logback-classic/1.2.3/logback-classic-1.2.3.jar:/home/simon/.m2/repository/ch/qos/logback/logback-core/1.2.3/logback-core-1.2.3.jar:/home/simon/.m2/repository/org/apache/logging/log4j/log4j-to-slf4j/2.13.3/log4j-to-slf4j-2.13.3.jar:/home/simon/.m2/repository/org/apache/logging/log4j/log4j-api/2.13.3/log4j-api-2.13.3.jar:/home/simon/.m2/repository/org/slf4j/jul-to-slf4j/1.7.30/jul-to-slf4j-1.7.30.jar:/home/simon/.m2/repository/jakarta/annotation/jakarta.annotation-api/1.3.5/jakarta.annotation-api-1.3.5.jar:/home/simon/.m2/repository/org/yaml/snakeyaml/1.27/snakeyaml-1.27.jar:/home/simon/.m2/repository/org/springframework/boot/spring-boot-actuator-autoconfigure/2.4.0/spring-boot-actuator-autoconfigure-2.4.0.jar:/home/simon/.m2/repository/org/springframework/boot/spring-boot-actuator/2.4.0/spring-boot-actuator-2.4.0.jar:/home/simon/.m2/repository/com/fasterxml/jackson/core/jackson-databind/2.11.3/jackson-databind-2.11.3.jar:/home/simon/.m2/repository/com/fasterxml/jackson/core/jackson-annotations/2.11.3/jackson-annotations-2.11.3.jar:/home/simon/.m2/repository/com/fasterxml/jackson/core/jackson-core/2.11.3/jackson-core-2.11.3.jar:/home/simon/.m2/repository/com/fasterxml/jackson/datatype/jackson-datatype-jsr310/2.11.3/jackson-datatype-jsr310-2.11.3.jar:/home/simon/.m2/repository/io/micrometer/micrometer-core/1.6.1/micrometer-core-1.6.1.jar:/home/simon/.m2/repository/org/hdrhistogram/HdrHistogram/2.1.12/HdrHistogram-2.1.12.jar:/home/simon/.m2/repository/org/latencyutils/LatencyUtils/2.0.3/LatencyUtils-2.0.3.jar:/home/simon/.m2/repository/org/springframework/boot/spring-boot-starter-web-services/2.4.0/spring-boot-starter-web-services-2.4.0.jar:/home/simon/.m2/repository/org/springframework/boot/spring-boot-starter-web/2.4.0/spring-boot-starter-web-2.4.0.jar:/home/simon/.m2/repository/org/springframework/boot/spring-boot-starter-json/2.4.0/spring-boot-starter-json-2.4.0.jar:/home/simon/.m2/repository/com/fasterxml/jackson/datatype/jackson-datatype-jdk8/2.11.3/jackson-datatype-jdk8-2.11.3.jar:/home/simon/.m2/repository/com/fasterxml/jackson/module/jackson-module-parameter-names/2.11.3/jackson-module-parameter-names-2.11.3.jar:/home/simon/.m2/repository/org/springframework/boot/spring-boot-starter-tomcat/2.4.0/spring-boot-starter-tomcat-2.4.0.jar:/home/simon/.m2/repository/org/apache/tomcat/embed/tomcat-embed-core/9.0.39/tomcat-embed-core-9.0.39.jar:/home/simon/.m2/repository/org/glassfish/jakarta.el/3.0.3/jakarta.el-3.0.3.jar:/home/simon/.m2/repository/org/apache/tomcat/embed/tomcat-embed-websocket/9.0.39/tomcat-embed-websocket-9.0.39.jar:/home/simon/.m2/repository/org/springframework/spring-web/5.3.1/spring-web-5.3.1.jar:/home/simon/.m2/repository/org/springframework/spring-webmvc/5.3.1/spring-webmvc-5.3.1.jar:/home/simon/.m2/repository/com/sun/xml/messaging/saaj/saaj-impl/1.5.2/saaj-impl-1.5.2.jar:/home/simon/.m2/repository/jakarta/xml/soap/jakarta.xml.soap-api/1.4.2/jakarta.xml.soap-api-1.4.2.jar:/home/simon/.m2/repository/org/jvnet/staxex/stax-ex/1.8.3/stax-ex-1.8.3.jar:/home/simon/.m2/repository/com/sun/activation/jakarta.activation/1.2.2/jakarta.activation-1.2.2.jar:/home/simon/.m2/repository/jakarta/xml/ws/jakarta.xml.ws-api/2.3.3/jakarta.xml.ws-api-2.3.3.jar:/home/simon/.m2/repository/jakarta/jws/jakarta.jws-api/2.1.0/jakarta.jws-api-2.1.0.jar:/home/simon/.m2/repository/org/springframework/spring-oxm/5.3.1/spring-oxm-5.3.1.jar:/home/simon/.m2/repository/org/springframework/spring-beans/5.3.1/spring-beans-5.3.1.jar:/home/simon/.m2/repository/org/springframework/ws/spring-ws-core/3.0.10.RELEASE/spring-ws-core-3.0.10.RELEASE.jar:/home/simon/.m2/repository/org/springframework/ws/spring-xml/3.0.10.RELEASE/spring-xml-3.0.10.RELEASE.jar:/home/simon/.m2/repository/org/springframework/spring-aop/5.3.1/spring-aop-5.3.1.jar:/home/simon/.m2/repository/org/openehealth/ipf/commons/ipf-commons-ihe-xds/3.0.4/ipf-commons-ihe-xds-3.0.4.jar:/home/simon/.m2/repository/org/openehealth/ipf/commons/ipf-commons-ihe-ws/3.0.4/ipf-commons-ihe-ws-3.0.4.jar:/home/simon/.m2/repository/org/apache/cxf/cxf-rt-bindings-soap/3.0.4/cxf-rt-bindings-soap-3.0.4.jar:/home/simon/.m2/repository/org/apache/cxf/cxf-rt-wsdl/3.0.4/cxf-rt-wsdl-3.0.4.jar:/home/simon/.m2/repository/wsdl4j/wsdl4j/1.6.3/wsdl4j-1.6.3.jar:/home/simon/.m2/repository/org/apache/cxf/cxf-rt-databinding-jaxb/3.0.4/cxf-rt-databinding-jaxb-3.0.4.jar:/home/simon/.m2/repository/org/apache/cxf/cxf-rt-frontend-simple/3.0.4/cxf-rt-frontend-simple-3.0.4.jar:/home/simon/.m2/repository/org/apache/cxf/cxf-rt-frontend-jaxws/3.0.4/cxf-rt-frontend-jaxws-3.0.4.jar:/home/simon/.m2/repository/xml-resolver/xml-resolver/1.2/xml-resolver-1.2.jar:/home/simon/.m2/repository/org/apache/cxf/cxf-rt-bindings-xml/3.0.4/cxf-rt-bindings-xml-3.0.4.jar:/home/simon/.m2/repository/org/apache/cxf/cxf-rt-ws-addr/3.0.4/cxf-rt-ws-addr-3.0.4.jar:/home/simon/.m2/repository/org/apache/cxf/cxf-rt-ws-policy/3.0.4/cxf-rt-ws-policy-3.0.4.jar:/home/simon/.m2/repository/org/apache/neethi/neethi/3.0.3/neethi-3.0.3.jar:/home/simon/.m2/repository/org/apache/cxf/cxf-rt-transports-http/3.0.4/cxf-rt-transports-http-3.0.4.jar:/home/simon/.m2/repository/net/sf/ehcache/ehcache/2.10.6/ehcache-2.10.6.jar:/home/simon/.m2/repository/org/glassfish/jaxb/jaxb-runtime/2.3.3/jaxb-runtime-2.3.3.jar:/home/simon/.m2/repository/org/glassfish/jaxb/txw2/2.3.3/txw2-2.3.3.jar:/home/simon/.m2/repository/com/sun/istack/istack-commons-runtime/3.0.11/istack-commons-runtime-3.0.11.jar:/home/simon/.m2/repository/org/opensaml/opensaml/2.6.1/opensaml-2.6.1.jar:/home/simon/.m2/repository/org/opensaml/openws/1.5.1/openws-1.5.1.jar:/home/simon/.m2/repository/org/opensaml/xmltooling/1.4.1/xmltooling-1.4.1.jar:/home/simon/.m2/repository/commons-codec/commons-codec/1.15/commons-codec-1.15.jar:/home/simon/.m2/repository/commons-collections/commons-collections/3.2.1/commons-collections-3.2.1.jar:/home/simon/.m2/repository/commons-lang/commons-lang/2.6/commons-lang-2.6.jar:/home/simon/.m2/repository/org/apache/velocity/velocity/1.7/velocity-1.7.jar:/home/simon/.m2/repository/org/owasp/esapi/esapi/2.0.1/esapi-2.0.1.jar:/home/simon/.m2/repository/joda-time/joda-time/2.2/joda-time-2.2.jar:/home/simon/.m2/repository/ca/juliusdavies/not-yet-commons-ssl/0.3.11/not-yet-commons-ssl-0.3.11.jar:/home/simon/.m2/repository/org/bouncycastle/bcprov-jdk15on/1.50/bcprov-jdk15on-1.50.jar:/home/simon/.m2/repository/ca/uhn/hapi/hapi-base/2.2/hapi-base-2.2.jar:/home/simon/.m2/repository/ca/uhn/hapi/hapi-structures-v25/2.2/hapi-structures-v25-2.2.jar:/home/simon/.m2/repository/org/jdom/jdom/2.0.2/jdom-2.0.2.jar:/home/simon/.m2/repository/org/apache/cxf/cxf-core/3.0.4/cxf-core-3.0.4.jar:/home/simon/.m2/repository/org/codehaus/woodstox/woodstox-core-asl/4.4.1/woodstox-core-asl-4.4.1.jar:/home/simon/.m2/repository/org/codehaus/woodstox/stax2-api/3.1.4/stax2-api-3.1.4.jar:/home/simon/.m2/repository/org/apache/ws/xmlschema/xmlschema-core/2.2.1/xmlschema-core-2.2.1.jar:/home/simon/.m2/repository/org/openehealth/ipf/commons/ipf-commons-ihe-core/3.0.4/ipf-commons-ihe-core-3.0.4.jar:/home/simon/.m2/repository/org/openehealth/ipf/oht/atna/ipf-oht-atna-auditor/3.0.2/ipf-oht-atna-auditor-3.0.2.jar:/home/simon/.m2/repository/org/openehealth/ipf/oht/atna/ipf-oht-atna-nodeauth/3.0.2/ipf-oht-atna-nodeauth-3.0.2.jar:/home/simon/.m2/repository/org/openehealth/ipf/oht/atna/ipf-oht-atna-context/3.0.2/ipf-oht-atna-context-3.0.2.jar:/home/simon/.m2/repository/org/openehealth/ipf/oht/atna/ipf-oht-util/3.0.2/ipf-oht-util-3.0.2.jar:/home/simon/.m2/repository/commons-httpclient/commons-httpclient/3.1/commons-httpclient-3.1.jar:/home/simon/.m2/repository/commons-logging/commons-logging/1.0.4/commons-logging-1.0.4.jar:/home/simon/.m2/repository/org/apache/commons/commons-lang3/3.11/commons-lang3-3.11.jar:/home/simon/.m2/repository/org/springframework/spring-context/5.3.1/spring-context-5.3.1.jar:/home/simon/.m2/repository/org/springframework/spring-expression/5.3.1/spring-expression-5.3.1.jar:/home/simon/.m2/repository/commons-io/commons-io/2.4/commons-io-2.4.jar:/home/simon/.m2/repository/org/slf4j/slf4j-api/1.7.30/slf4j-api-1.7.30.jar:/home/simon/.m2/repository/org/openehealth/ipf/commons/ipf-commons-core/3.0.4/ipf-commons-core-3.0.4.jar:/home/simon/.m2/repository/org/springframework/spring-core/5.3.1/spring-core-5.3.1.jar:/home/simon/.m2/repository/org/springframework/spring-jcl/5.3.1/spring-jcl-5.3.1.jar:/home/simon/.m2/repository/org/junit/jupiter/junit-jupiter/5.5.2/junit-jupiter-5.5.2.jar:/home/simon/.m2/repository/org/junit/jupiter/junit-jupiter-api/5.7.0/junit-jupiter-api-5.7.0.jar:/home/simon/.m2/repository/org/apiguardian/apiguardian-api/1.1.0/apiguardian-api-1.1.0.jar:/home/simon/.m2/repository/org/opentest4j/opentest4j/1.2.0/opentest4j-1.2.0.jar:/home/simon/.m2/repository/org/junit/platform/junit-platform-commons/1.7.0/junit-platform-commons-1.7.0.jar:/home/simon/.m2/repository/org/junit/jupiter/junit-jupiter-params/5.7.0/junit-jupiter-params-5.7.0.jar:/home/simon/.m2/repository/org/junit/jupiter/junit-jupiter-engine/5.7.0/junit-jupiter-engine-5.7.0.jar:/home/simon/.m2/repository/org/junit/platform/junit-platform-engine/1.7.0/junit-platform-engine-1.7.0.jar:/home/simon/.m2/repository/org/springframework/boot/spring-boot-starter-test/2.4.0/spring-boot-starter-test-2.4.0.jar:/home/simon/.m2/repository/org/springframework/boot/spring-boot-test/2.4.0/spring-boot-test-2.4.0.jar:/home/simon/.m2/repository/org/springframework/boot/spring-boot-test-autoconfigure/2.4.0/spring-boot-test-autoconfigure-2.4.0.jar:/home/simon/.m2/repository/com/jayway/jsonpath/json-path/2.4.0/json-path-2.4.0.jar:/home/simon/.m2/repository/net/minidev/json-smart/2.3/json-smart-2.3.jar:/home/simon/.m2/repository/net/minidev/accessors-smart/1.2/accessors-smart-1.2.jar:/home/simon/.m2/repository/org/ow2/asm/asm/5.0.4/asm-5.0.4.jar:/home/simon/.m2/repository/jakarta/xml/bind/jakarta.xml.bind-api/2.3.3/jakarta.xml.bind-api-2.3.3.jar:/home/simon/.m2/repository/jakarta/activation/jakarta.activation-api/1.2.2/jakarta.activation-api-1.2.2.jar:/home/simon/.m2/repository/org/assertj/assertj-core/3.18.1/assertj-core-3.18.1.jar:/home/simon/.m2/repository/org/hamcrest/hamcrest/2.2/hamcrest-2.2.jar:/home/simon/.m2/repository/org/mockito/mockito-core/3.6.0/mockito-core-3.6.0.jar:/home/simon/.m2/repository/net/bytebuddy/byte-buddy/1.10.18/byte-buddy-1.10.18.jar:/home/simon/.m2/repository/net/bytebuddy/byte-buddy-agent/1.10.18/byte-buddy-agent-1.10.18.jar:/home/simon/.m2/repository/org/objenesis/objenesis/3.1/objenesis-3.1.jar:/home/simon/.m2/repository/org/mockito/mockito-junit-jupiter/3.6.0/mockito-junit-jupiter-3.6.0.jar:/home/simon/.m2/repository/org/skyscreamer/jsonassert/1.5.0/jsonassert-1.5.0.jar:/home/simon/.m2/repository/com/vaadin/external/google/android-json/0.0.20131108.vaadin1/android-json-0.0.20131108.vaadin1.jar:/home/simon/.m2/repository/org/springframework/spring-test/5.3.1/spring-test-5.3.1.jar:/home/simon/.m2/repository/org/xmlunit/xmlunit-core/2.7.0/xmlunit-core-2.7.0.jar:"/>
    <property name="sun.cpu.endian" value="little"/>
    <property name="user.home" value="/home/simon"/>
    <property name="user.language" value="en"/>
    <property name="java.specification.vendor" value="Oracle Corporation"/>
    <property name="java.version.date" value="2023-04-18"/>
    <property name="java.home" value="/home/simon/.sdkman/candidates/java/11.0.19-amzn"/>
    <property name="file.separator" value="/"/>
    <property name="basedir" value="/home/simon/Git/kih-xds-generator"/>
    <property name="java.vm.compressedOopsMode" value="Zero based"/>
    <property name="line.separator" value="&#10;"/>
    <property name="java.specification.name" value="Java Platform API Specification"/>
    <property name="java.vm.specification.vendor" value="Oracle Corporation"/>
    <property name="java.awt.graphicsenv" value="sun.awt.X11GraphicsEnvironment"/>
    <property name="surefire.real.class.path" value="/home/simon/Git/kih-xds-generator/target/surefire/surefirebooter-20230522120032458_3.jar"/>
    <property name="sun.management.compiler" value="HotSpot 64-Bit Tiered Compilers"/>
    <property name="java.runtime.version" value="11.0.19+7-LTS"/>
    <property name="user.name" value="simon"/>
    <property name="path.separator" value=":"/>
    <property name="os.version" value="6.2.0-20-generic"/>
    <property name="java.runtime.name" value="OpenJDK Runtime Environment"/>
    <property name="file.encoding" value="UTF-8"/>
    <property name="java.vm.name" value="OpenJDK 64-Bit Server VM"/>
    <property name="java.vendor.version" value="Corretto-11.0.19.7.1"/>
    <property name="localRepository" value="/home/simon/.m2/repository"/>
    <property name="java.vendor.url.bug" value="https://github.com/corretto/corretto-11/issues/"/>
    <property name="java.io.tmpdir" value="/tmp"/>
    <property name="java.version" value="11.0.19"/>
    <property name="user.dir" value="/home/simon/Git/kih-xds-generator"/>
    <property name="os.arch" value="amd64"/>
    <property name="java.vm.specification.name" value="Java Virtual Machine Specification"/>
    <property name="java.awt.printerjob" value="sun.print.PSPrinterJob"/>
    <property name="sun.os.patch.level" value="unknown"/>
    <property name="java.library.path" value="/usr/java/packages/lib:/usr/lib64:/lib64:/lib:/usr/lib"/>
    <property name="java.vm.info" value="mixed mode"/>
    <property name="java.vendor" value="Amazon.com Inc."/>
    <property name="java.vm.version" value="11.0.19+7-LTS"/>
    <property name="sun.io.unicode.encoding" value="UnicodeLittle"/>
    <property name="java.class.version" value="55.0"/>
  </properties>
  <testcase name="TestJacksonMarshalling" classname="io.oth.xdsgenerator.model.kih.AddressPostalTest" time="0.007">
    <system-out><![CDATA[12:00:33.746 [main] INFO io.oth.xdsgenerator.model.kih.AddressPostalTest - Json Address{"MailDeliverySublocationIdentifier":null,"StreetName":"streetname","StreetNameForAddressingName":null,"StreetBuildingIdentifier":null,"FloorIdentifier":null,"SuiteIdentifier":null,"DistrictSubdivisionIdentifier":null,"PostOfficeBoxIdentifier":null,"CountryIdentificationCode":null,"DistrictName":null,"MunicipalityName":"by","PostCodeIdentifier":"3333","streetName":"streetname","streetBuildingIdentifier":null,"floorIdentifier":null,"suiteIdentifier":null,"districtName":null,"districtSubdivisionIdentifier":null,"postCodeIdentifier":"3333","municipalityName":"by","countryIdentificationCode":null,"mailDeliverySublocationIdentifier":null,"streetNameForAddressingName":null,"postOfficeBoxIdentifier":null}
]]></system-out>
  </testcase>
  <testcase name="TestJacksonUnmarshalling" classname="io.oth.xdsgenerator.model.kih.AddressPostalTest" time="0.001"/>
</testsuite>